2024-07-21 14:07:10,145 [INFO] Activator:176 - 


2024-07-21 14:07:10,156 [INFO] Activator:177 - !SESSION log4j initialized
2024-07-21 14:07:18,050 [INFO] LogOutputStream:77 - [STDOUT_REDIRECT] 
2024-07-21 14:07:20,063 [INFO] ApplicationProperties:184 - Using Application install path: C:\ST\STM32CubeIDE_1.15.1\STM32CubeIDE\plugins\com.st.stm32cube.common.mx_6.11.1.202404110753
2024-07-21 14:07:20,085 [INFO] DbMcusXml:78 - Set database path to: C:\ST\STM32CubeIDE_1.15.1\STM32CubeIDE\plugins\com.st.stm32cube.common.mx_6.11.1.202404110753\\db\/mcu/
2024-07-21 14:07:20,086 [INFO] ApiDb:274 - Set plugin database path to: C:\ST\STM32CubeIDE_1.15.1\STM32CubeIDE\plugins\com.st.stm32cube.common.mx_6.11.1.202404110753\\db\/plugins/boardmanager/
2024-07-21 14:07:20,087 [WARN] ApiDb:259 - Overriding images path with different value:  => C:\ST\STM32CubeIDE_1.15.1\STM32CubeIDE\plugins\com.st.stm32cube.common.mx_6.11.1.202404110753\\db\/plugins/mcufinder/images/
2024-07-21 14:07:20,103 [INFO] ApiDb:250 - Set database path to: C:\Users\suriy\.stmcufinder\plugins\mcufinder//mcu/
2024-07-21 14:07:20,105 [INFO] DbMcusAds:125 - Set database path to: C:\Users\suriy\.stmcufinder\plugins\mcufinder//mcu/
2024-07-21 14:07:20,108 [INFO] CrossReferenceDbSqlite:203 - Set database path to: C:\Users\suriy\.stmcufinder\plugins\mcufinder//mcu/cs/
2024-07-21 14:07:20,274 [INFO] RulesReader:64 - Compatibility file has been processed (297 Rules)
2024-07-21 14:07:20,397 [INFO] DbMcusXml:78 - Set database path to: C:\ST\STM32CubeIDE_1.15.1\STM32CubeIDE\plugins\com.st.stm32cube.common.mx_6.11.1.202404110753\\db\/mcu/
2024-07-21 14:07:20,397 [INFO] ApiDb:274 - Set plugin database path to: C:\ST\STM32CubeIDE_1.15.1\STM32CubeIDE\plugins\com.st.stm32cube.common.mx_6.11.1.202404110753\\db\/plugins/boardmanager/
2024-07-21 14:07:20,398 [INFO] ApiDb:261 - Set plugin images path to: C:\ST\STM32CubeIDE_1.15.1\STM32CubeIDE\plugins\com.st.stm32cube.common.mx_6.11.1.202404110753\\db\/plugins/mcufinder/images/
2024-07-21 14:07:20,398 [WARN] DbFile:41 - Overriding database path with different value: C:\Users\suriy\.stmcufinder\plugins\mcufinder/ => C:\Users\suriy\.stmcufinder\plugins\mcufinder
2024-07-21 14:07:20,398 [INFO] ApiDb:250 - Set database path to: C:\Users\suriy\.stmcufinder\plugins\mcufinder//mcu/
2024-07-21 14:07:20,398 [WARN] DbFile:41 - Overriding database path with different value: C:\Users\suriy\.stmcufinder\plugins\mcufinder/ => C:\Users\suriy\.stmcufinder\plugins\mcufinder
2024-07-21 14:07:20,398 [INFO] DbMcusAds:125 - Set database path to: C:\Users\suriy\.stmcufinder\plugins\mcufinder//mcu/
2024-07-21 14:07:20,398 [WARN] DbFile:41 - Overriding database path with different value: C:\Users\suriy\.stmcufinder\plugins\mcufinder/ => C:\Users\suriy\.stmcufinder\plugins\mcufinder
2024-07-21 14:07:20,398 [WARN] DbFile:41 - Overriding database path with different value: C:\Users\suriy\.stmcufinder\plugins\mcufinder/ => C:\Users\suriy\.stmcufinder\plugins\mcufinder
2024-07-21 14:07:20,398 [INFO] CrossReferenceDbSqlite:203 - Set database path to: C:\Users\suriy\.stmcufinder\plugins\mcufinder//mcu/cs/
2024-07-21 14:07:20,493 [INFO] MainPanel:264 - HeapMemory: 268435456
2024-07-21 14:07:20,616 [INFO] DbMcusXml:78 - Set database path to: C:\ST\STM32CubeIDE_1.15.1\STM32CubeIDE\plugins\com.st.stm32cube.common.mx_6.11.1.202404110753\\db\/mcu/
2024-07-21 14:07:20,616 [INFO] ApiDb:274 - Set plugin database path to: C:\ST\STM32CubeIDE_1.15.1\STM32CubeIDE\plugins\com.st.stm32cube.common.mx_6.11.1.202404110753\\db\/plugins/boardmanager/
2024-07-21 14:07:20,616 [INFO] ApiDb:261 - Set plugin images path to: C:\ST\STM32CubeIDE_1.15.1\STM32CubeIDE\plugins\com.st.stm32cube.common.mx_6.11.1.202404110753\\db\/plugins/mcufinder/images/
2024-07-21 14:07:20,616 [WARN] DbFile:41 - Overriding database path with different value: C:\Users\suriy\.stmcufinder\plugins\mcufinder/ => C:\Users\suriy\.stmcufinder\plugins\mcufinder
2024-07-21 14:07:20,616 [INFO] ApiDb:250 - Set database path to: C:\Users\suriy\.stmcufinder\plugins\mcufinder//mcu/
2024-07-21 14:07:20,616 [WARN] DbFile:41 - Overriding database path with different value: C:\Users\suriy\.stmcufinder\plugins\mcufinder/ => C:\Users\suriy\.stmcufinder\plugins\mcufinder
2024-07-21 14:07:20,616 [INFO] DbMcusAds:125 - Set database path to: C:\Users\suriy\.stmcufinder\plugins\mcufinder//mcu/
2024-07-21 14:07:20,616 [WARN] DbFile:41 - Overriding database path with different value: C:\Users\suriy\.stmcufinder\plugins\mcufinder/ => C:\Users\suriy\.stmcufinder\plugins\mcufinder
2024-07-21 14:07:20,617 [WARN] DbFile:41 - Overriding database path with different value: C:\Users\suriy\.stmcufinder\plugins\mcufinder/ => C:\Users\suriy\.stmcufinder\plugins\mcufinder
2024-07-21 14:07:20,617 [INFO] CrossReferenceDbSqlite:203 - Set database path to: C:\Users\suriy\.stmcufinder\plugins\mcufinder//mcu/cs/
2024-07-21 14:07:20,637 [INFO] ApplicationProperties:184 - Using Application install path: C:\ST\STM32CubeIDE_1.15.1\STM32CubeIDE\plugins\com.st.stm32cube.common.mx_6.11.1.202404110753
2024-07-21 14:07:20,638 [INFO] PluginManage:196 - Search for loadable plugins [exclusion list=, ]
2024-07-21 14:07:20,639 [INFO] PluginManage:310 - Check plugin analytics
2024-07-21 14:07:20,878 [INFO] AnalyticsPlugin:253 - Accepted Software Licenses: 
2024-07-21 14:07:20,878 [INFO] AnalyticsPlugin:255 - Accepted CMSIS Pack Licenses: 
2024-07-21 14:07:20,878 [INFO] AnalyticsPlugin:257 - Accepted Firmware Licenses: FW.F4.1.28.0
2024-07-21 14:07:20,883 [INFO] PluginManage:359 - Loaded plugin analytics (category:tool,tabindex:-1)
2024-07-21 14:07:20,884 [INFO] PluginManage:310 - Check plugin cadmodel
2024-07-21 14:07:20,903 [INFO] CADModel:105 - Init CAD model plugin
2024-07-21 14:07:20,904 [INFO] PluginManage:359 - Loaded plugin cadmodel (category:power,tabindex:5)
2024-07-21 14:07:20,904 [INFO] PluginManage:310 - Check plugin clock
2024-07-21 14:07:20,930 [INFO] PluginManage:359 - Loaded plugin clock (category:base,tabindex:2)
2024-07-21 14:07:20,931 [INFO] PluginManage:310 - Check plugin ddr
2024-07-21 14:07:20,934 [INFO] PluginManage:359 - Loaded plugin ddr (category:tool,tabindex:6)
2024-07-21 14:07:20,934 [INFO] PluginManage:310 - Check plugin filemanager
2024-07-21 14:07:21,073 [INFO] PluginManage:359 - Loaded plugin filemanager (category:base,tabindex:10)
2024-07-21 14:07:21,073 [INFO] PluginManage:310 - Check plugin ipmanager
2024-07-21 14:07:21,082 [INFO] PluginManage:359 - Loaded plugin ipmanager (category:base,tabindex:5)
2024-07-21 14:07:21,083 [INFO] PluginManage:310 - Check plugin lpbam
2024-07-21 14:07:21,102 [INFO] PluginManage:359 - Loaded plugin lpbam (category:base,tabindex:0)
2024-07-21 14:07:21,103 [INFO] PluginManage:310 - Check plugin memorymap
2024-07-21 14:07:21,128 [INFO] PluginManage:359 - Loaded plugin memorymap (category:base,tabindex:4)
2024-07-21 14:07:21,128 [INFO] PluginManage:310 - Check plugin pinoutandconfiguration
2024-07-21 14:07:21,148 [INFO] PluginManage:359 - Loaded plugin pinoutandconfiguration (category:base,tabindex:1)
2024-07-21 14:07:21,148 [INFO] PluginManage:310 - Check plugin pinoutconfig
2024-07-21 14:07:21,241 [WARN] SupportedApi:132 - Cannot load RTOS API schema: s4s-elt-must-match.1: The content of 'definitions' must match (annotation?, (simpleType | complexType)?, (unique | key | keyref)*)). A problem was found starting at: attribute.
2024-07-21 14:07:21,375 [INFO] PluginManage:359 - Loaded plugin pinoutconfig (category:base,tabindex:0)
2024-07-21 14:07:21,376 [INFO] PluginManage:310 - Check plugin power
2024-07-21 14:07:21,396 [INFO] PluginManage:359 - Loaded plugin power (category:power,tabindex:4)
2024-07-21 14:07:21,396 [INFO] PluginManage:310 - Check plugin projectmanager
2024-07-21 14:07:21,416 [INFO] PluginManage:359 - Loaded plugin projectmanager (category:projectmanager,tabindex:3)
2024-07-21 14:07:21,417 [INFO] PluginManage:310 - Check plugin thirdparty
2024-07-21 14:07:21,753 [INFO] PluginManage:359 - Loaded plugin thirdparty (category:base,tabindex:-1)
2024-07-21 14:07:21,753 [WARN] IntegrityCheckThread:84 - waiting for thirdparty lock release [integrity check]
2024-07-21 14:07:21,753 [INFO] PluginManage:310 - Check plugin tools
2024-07-21 14:07:21,753 [INFO] IntegrityCheckThread:86 - entering critical section [integrity check]
2024-07-21 14:07:21,754 [INFO] ThirdPartyUpdaterWithRetryManager:70 - Updater plugin not ready yet. [1/15]
2024-07-21 14:07:21,786 [INFO] PluginManage:359 - Loaded plugin tools (category:base,tabindex:7)
2024-07-21 14:07:21,786 [INFO] PluginManage:310 - Check plugin tutovideos
2024-07-21 14:07:22,010 [INFO] PluginManage:359 - Loaded plugin tutovideos (category:base,tabindex:-1)
2024-07-21 14:07:22,010 [INFO] PluginManage:310 - Check plugin updater
2024-07-21 14:07:22,023 [INFO] PluginManage:359 - Loaded plugin updater (category:base,tabindex:12)
2024-07-21 14:07:22,023 [INFO] PluginManage:310 - Check plugin userauth
2024-07-21 14:07:22,029 [INFO] UserAuth:114 - Init User Auth plugin
2024-07-21 14:07:22,029 [INFO] PluginManage:359 - Loaded plugin userauth (category:base,tabindex:14)
2024-07-21 14:07:22,030 [INFO] PluginManage:283 - PluginManage : Loaded plugins [17]
2024-07-21 14:07:22,289 [INFO] PinOutPanel:1561 - setPackage(No Configuration,No Configuration)
2024-07-21 14:07:22,369 [INFO] CADModel:165 - CPN selected for project level
2024-07-21 14:07:22,369 [INFO] CADModel:114 - Register for checkConnection events
2024-07-21 14:07:22,398 [INFO] IPUIPlugin:80 - create IPUIPlugin
2024-07-21 14:07:22,398 [INFO] PluginManager:220 - loadIPPluginJar : add adc
2024-07-21 14:07:22,488 [INFO] IPUIPlugin:80 - create IPUIPlugin
2024-07-21 14:07:22,488 [INFO] PluginManager:220 - loadIPPluginJar : add aes
2024-07-21 14:07:22,606 [INFO] IPUIPlugin:80 - create IPUIPlugin
2024-07-21 14:07:22,606 [INFO] PluginManager:220 - loadIPPluginJar : add can
2024-07-21 14:07:22,632 [INFO] IPUIPlugin:80 - create IPUIPlugin
2024-07-21 14:07:22,632 [INFO] PluginManager:220 - loadIPPluginJar : add comp
2024-07-21 14:07:22,703 [INFO] IPUIPlugin:80 - create IPUIPlugin
2024-07-21 14:07:22,704 [INFO] PluginManager:220 - loadIPPluginJar : add cryp
2024-07-21 14:07:22,812 [INFO] IPUIPlugin:80 - create IPUIPlugin
2024-07-21 14:07:22,812 [INFO] PluginManager:220 - loadIPPluginJar : add dfsdm
2024-07-21 14:07:22,847 [INFO] IPUIPlugin:80 - create IPUIPlugin
2024-07-21 14:07:22,848 [INFO] PluginManager:220 - loadIPPluginJar : add dma
2024-07-21 14:07:22,899 [INFO] IPUIPlugin:80 - create IPUIPlugin
2024-07-21 14:07:22,901 [INFO] PluginManager:220 - loadIPPluginJar : add dma3
2024-07-21 14:07:23,050 [INFO] IPUIPlugin:80 - create IPUIPlugin
2024-07-21 14:07:23,050 [INFO] PluginManager:220 - loadIPPluginJar : add extmemmanager
2024-07-21 14:07:23,107 [INFO] IPUIPlugin:80 - create IPUIPlugin
2024-07-21 14:07:23,108 [INFO] PluginManager:220 - loadIPPluginJar : add fatfs
2024-07-21 14:07:23,231 [INFO] IPUIPlugin:80 - create IPUIPlugin
2024-07-21 14:07:23,231 [INFO] PluginManager:220 - loadIPPluginJar : add fmc
2024-07-21 14:07:23,254 [INFO] IPUIPlugin:80 - create IPUIPlugin
2024-07-21 14:07:23,255 [INFO] PluginManager:220 - loadIPPluginJar : add freertos
2024-07-21 14:07:23,305 [INFO] IPUIPlugin:80 - create IPUIPlugin
2024-07-21 14:07:23,306 [INFO] PluginManager:220 - loadIPPluginJar : add genericplugin
2024-07-21 14:07:23,574 [INFO] IPUIPlugin:80 - create IPUIPlugin
2024-07-21 14:07:23,574 [INFO] PluginManager:220 - loadIPPluginJar : add gfxmmu
2024-07-21 14:07:24,023 [INFO] IPUIPlugin:80 - create IPUIPlugin
2024-07-21 14:07:24,023 [INFO] PluginManager:220 - loadIPPluginJar : add gic
2024-07-21 14:07:24,069 [INFO] IPUIPlugin:80 - create IPUIPlugin
2024-07-21 14:07:24,069 [INFO] PluginManager:220 - loadIPPluginJar : add gpio
2024-07-21 14:07:24,285 [INFO] IPUIPlugin:80 - create IPUIPlugin
2024-07-21 14:07:24,285 [INFO] PluginManager:220 - loadIPPluginJar : add gtzc
2024-07-21 14:07:24,374 [INFO] IPUIPlugin:80 - create IPUIPlugin
2024-07-21 14:07:24,375 [INFO] PluginManager:220 - loadIPPluginJar : add hash
2024-07-21 14:07:24,524 [INFO] IPUIPlugin:80 - create IPUIPlugin
2024-07-21 14:07:24,524 [INFO] PluginManager:220 - loadIPPluginJar : add i2c
2024-07-21 14:07:24,624 [INFO] IPUIPlugin:80 - create IPUIPlugin
2024-07-21 14:07:24,625 [INFO] PluginManager:220 - loadIPPluginJar : add i2s
2024-07-21 14:07:24,733 [INFO] IPUIPlugin:80 - create IPUIPlugin
2024-07-21 14:07:24,733 [INFO] PluginManager:220 - loadIPPluginJar : add i3c
2024-07-21 14:07:24,755 [INFO] ThirdPartyUpdaterWithRetryManager:70 - Updater plugin not ready yet. [2/15]
2024-07-21 14:07:25,043 [INFO] IPUIPlugin:80 - create IPUIPlugin
2024-07-21 14:07:25,044 [INFO] PluginManager:220 - loadIPPluginJar : add ipddr
2024-07-21 14:07:25,322 [INFO] IPUIPlugin:80 - create IPUIPlugin
2024-07-21 14:07:25,322 [INFO] PluginManager:220 - loadIPPluginJar : add linkedlist
2024-07-21 14:07:25,415 [INFO] IPUIPlugin:80 - create IPUIPlugin
2024-07-21 14:07:25,416 [INFO] PluginManager:220 - loadIPPluginJar : add lorawan
2024-07-21 14:07:25,517 [INFO] IPUIPlugin:80 - create IPUIPlugin
2024-07-21 14:07:25,517 [INFO] PluginManager:220 - loadIPPluginJar : add ltdc
2024-07-21 14:07:25,544 [INFO] IPUIPlugin:80 - create IPUIPlugin
2024-07-21 14:07:25,544 [INFO] PluginManager:220 - loadIPPluginJar : add mdma
2024-07-21 14:07:25,564 [INFO] IPUIPlugin:80 - create IPUIPlugin
2024-07-21 14:07:25,565 [INFO] PluginManager:220 - loadIPPluginJar : add nvic
2024-07-21 14:07:25,646 [INFO] IPUIPlugin:80 - create IPUIPlugin
2024-07-21 14:07:25,646 [INFO] PluginManager:220 - loadIPPluginJar : add opamp
2024-07-21 14:07:25,808 [INFO] IPUIPlugin:80 - create IPUIPlugin
2024-07-21 14:07:25,809 [INFO] PluginManager:220 - loadIPPluginJar : add openamp
2024-07-21 14:07:25,899 [INFO] IPUIPlugin:80 - create IPUIPlugin
2024-07-21 14:07:25,900 [INFO] PluginManager:220 - loadIPPluginJar : add pdm2pcm
2024-07-21 14:07:25,925 [INFO] IPUIPlugin:80 - create IPUIPlugin
2024-07-21 14:07:25,931 [INFO] PluginManager:220 - loadIPPluginJar : add plateformsettings
2024-07-21 14:07:25,963 [INFO] IPUIPlugin:80 - create IPUIPlugin
2024-07-21 14:07:25,964 [INFO] PluginManager:220 - loadIPPluginJar : add quadspi
2024-07-21 14:07:25,984 [INFO] IPUIPlugin:80 - create IPUIPlugin
2024-07-21 14:07:25,984 [INFO] PluginManager:220 - loadIPPluginJar : add resmgrutility
2024-07-21 14:07:26,100 [INFO] IPUIPlugin:80 - create IPUIPlugin
2024-07-21 14:07:26,100 [INFO] PluginManager:220 - loadIPPluginJar : add sai
2024-07-21 14:07:26,202 [INFO] IPUIPlugin:80 - create IPUIPlugin
2024-07-21 14:07:26,203 [INFO] PluginManager:220 - loadIPPluginJar : add spi
2024-07-21 14:07:26,377 [INFO] IPUIPlugin:80 - create IPUIPlugin
2024-07-21 14:07:26,379 [INFO] PluginManager:220 - loadIPPluginJar : add stm32_wpan
2024-07-21 14:07:26,457 [INFO] IPUIPlugin:80 - create IPUIPlugin
2024-07-21 14:07:26,457 [INFO] PluginManager:220 - loadIPPluginJar : add tim
2024-07-21 14:07:26,602 [INFO] IPUIPlugin:80 - create IPUIPlugin
2024-07-21 14:07:26,602 [INFO] PluginManager:220 - loadIPPluginJar : add touchsensing
2024-07-21 14:07:26,665 [INFO] IPUIPlugin:80 - create IPUIPlugin
2024-07-21 14:07:26,665 [INFO] PluginManager:220 - loadIPPluginJar : add tracer_emb
2024-07-21 14:07:26,729 [INFO] IPUIPlugin:80 - create IPUIPlugin
2024-07-21 14:07:26,730 [INFO] PluginManager:220 - loadIPPluginJar : add ts
2024-07-21 14:07:26,790 [INFO] IPUIPlugin:80 - create IPUIPlugin
2024-07-21 14:07:26,791 [INFO] PluginManager:220 - loadIPPluginJar : add tsc
2024-07-21 14:07:26,839 [INFO] IPUIPlugin:80 - create IPUIPlugin
2024-07-21 14:07:26,840 [INFO] PluginManager:220 - loadIPPluginJar : add ucpd
2024-07-21 14:07:26,961 [INFO] IPUIPlugin:80 - create IPUIPlugin
2024-07-21 14:07:26,961 [INFO] PluginManager:220 - loadIPPluginJar : add usart
2024-07-21 14:07:27,080 [INFO] IPUIPlugin:80 - create IPUIPlugin
2024-07-21 14:07:27,080 [INFO] PluginManager:220 - loadIPPluginJar : add usbx
2024-07-21 14:07:27,315 [INFO] CADModel:165 - CPN selected for project level
2024-07-21 14:07:27,316 [INFO] CADModel:114 - Register for checkConnection events
2024-07-21 14:07:27,316 [FATAL] Updater:308 - Updater called before beeing initialized
2024-07-21 14:07:27,317 [ERROR] CADModel:125 - Updater not yet initialized, retry later 
2024-07-21 14:07:27,695 [INFO] CADModel:165 - CPN selected for project level
2024-07-21 14:07:27,695 [INFO] CADModel:114 - Register for checkConnection events
2024-07-21 14:07:27,695 [FATAL] Updater:308 - Updater called before beeing initialized
2024-07-21 14:07:27,697 [ERROR] CADModel:125 - Updater not yet initialized, retry later 
2024-07-21 14:07:27,707 [FATAL] Updater:308 - Updater called before beeing initialized
2024-07-21 14:07:27,766 [INFO] ThirdPartyUpdaterWithRetryManager:70 - Updater plugin not ready yet. [3/15]
2024-07-21 14:07:27,991 [FATAL] Updater:308 - Updater called before beeing initialized
2024-07-21 14:07:28,012 [INFO] DbMcusAds:53 - JSON generation date=Thu May 16 14:52:00 IST 2024 (1715851320667)
2024-07-21 14:07:28,012 [FATAL] Updater:308 - Updater called before beeing initialized
2024-07-21 14:07:28,173 [WARN] DetailPanel:346 - Failed to get advertising image, set to default
2024-07-21 14:07:28,406 [FATAL] Updater:308 - Updater called before beeing initialized
2024-07-21 14:07:28,412 [FATAL] Updater:308 - Updater called before beeing initialized
2024-07-21 14:07:28,412 [FATAL] Updater:308 - Updater called before beeing initialized
2024-07-21 14:07:28,412 [WARN] DetailPanel:346 - Failed to get advertising image, set to default
2024-07-21 14:07:28,414 [FATAL] Updater:308 - Updater called before beeing initialized
2024-07-21 14:07:28,584 [ERROR] Updater:1120 - MainUpdater not yet initialized. External WinMGr cannot be set.
2024-07-21 14:07:28,600 [INFO] Updater:1056 - Updater Version found : 6.11.1
2024-07-21 14:07:28,649 [INFO] ApplicationProperties:184 - Using Application install path: C:\ST\STM32CubeIDE_1.15.1\STM32CubeIDE\plugins\com.st.stm32cube.common.mx_6.11.1.202404110753
2024-07-21 14:07:30,304 [ERROR] LogOutputStream:75 - [STDERR_REDIRECT] Jul 21, 2024 2:07:30 PM java.util.prefs.WindowsPreferences <init>
2024-07-21 14:07:30,308 [ERROR] LogOutputStream:75 - [STDERR_REDIRECT] WARNING: Could not open/create prefs root node Software\JavaSoft\Prefs at root 0xffffffff80000002. Windows RegCreateKeyEx(...) returned error code 5.
2024-07-21 14:07:30,309 [ERROR] LogOutputStream:75 - [STDERR_REDIRECT] 
2024-07-21 14:07:30,776 [FATAL] Updater:308 - Updater called before beeing initialized
2024-07-21 14:07:30,777 [ERROR] IntegrityCheckThread:130 - Cannot retrieve database content from updater: error 21
2024-07-21 14:07:30,778 [INFO] ThirdParty:978 - Integrity check success = false
2024-07-21 14:07:30,778 [INFO] IntegrityCheckThread:100 - exiting critical section [integrity check]
2024-07-21 14:07:30,778 [INFO] IntegrityCheckThread:103 - End integrity checks thread
2024-07-21 14:07:30,997 [INFO] MainUpdater:2873 - connection check result : 10
2024-07-21 14:07:30,998 [INFO] MainUpdater:3567 - Updater definition file requires update
2024-07-21 14:07:31,001 [INFO] MainUpdater:290 - Updater Check For Update Now.
2024-07-21 14:07:31,001 [INFO] MicroXplorer:498 - Change Database Version : DB.6.0.111
2024-07-21 14:07:31,024 [INFO] McuFinderGlobals:63 - Set McuFinder mode to 2 (CubeIDE integrated)
2024-07-21 14:07:31,045 [INFO] UserAuth:415 - Internet connection configuration mode: 1
2024-07-21 14:07:31,092 [INFO] JxBrowserEngine:152 - Initiate JxBrowser Engine with user profile folder
2024-07-21 14:07:31,193 [INFO] ServerAccessManage:473 - Download File updaters.zip
2024-07-21 14:07:31,497 [INFO] FileExtend:240 - Unzip File : updaters.zip
2024-07-21 14:07:31,498 [INFO] FileExtend:255 - Standard Zip Deflate
2024-07-21 14:07:32,649 [INFO] ServerAccessManage:473 - Download File PacksControlFlags.xml
2024-07-21 14:07:32,910 [INFO] ServerAccessManage:473 - Download File cubemx.pidx
2024-07-21 14:07:33,746 [INFO] ServerAccessManage:473 - Download File STMicroelectronics.FP-SNS-STBOX1.pdsc
2024-07-21 14:07:36,696 [WARN] PackLoader:240 - Cannot read IP mode file for STMicroelectronics.FP-SNS-STBOX1.2.0.0
2024-07-21 14:07:36,719 [INFO] PopulateThirdPartyThread:66 - Ending populate Thread
2024-07-21 14:07:36,724 [INFO] ThirdParty:1030 - CMSIS Pack Vendor :STMicroelectronics FP-SNS-STBOX1 2.0.0
2024-07-21 14:07:36,725 [INFO] LoadServerUpdatesThread:375 - End of LoadServerUpdate Thread
2024-07-21 14:07:36,907 [INFO] CheckServerUpdateThread:120 - End of CheckServer Thread
2024-07-21 14:07:44,211 [INFO] WebApp:161 - Instantiating new browser for Auth
2024-07-21 14:07:45,505 [INFO] WebApp:779 - Register for checkConnection events
2024-07-21 14:07:45,505 [INFO] WebApp:414 - Apply proxy settings
2024-07-21 14:07:45,505 [INFO] WebApp:499 - Chromium requires no authentication
2024-07-21 14:07:45,524 [INFO] WebApp:442 - Direct internet connection detected
2024-07-21 14:07:46,017 [INFO] WebApp:192 - Starting web application
2024-07-21 14:07:46,018 [INFO] WebApp:544 - Web application path used C:\ST\STM32CubeIDE_1.15.1\STM32CubeIDE\plugins\com.st.stm32cube.common.mx_6.11.1.202404110753\db\plugins\mcufinder\reactClient1\index.html
2024-07-21 14:27:15,728 [ERROR] LogOutputStream:75 - [STDERR_REDIRECT] 
