2024-07-12 10:45:44,244 [INFO] Activator:176 - 


2024-07-12 10:45:44,257 [INFO] Activator:177 - !SESSION log4j initialized
2024-07-12 10:45:52,388 [INFO] LogOutputStream:77 - [STDOUT_REDIRECT] 
2024-07-12 10:45:54,072 [INFO] ApplicationProperties:184 - Using Application install path: C:\ST\STM32CubeIDE_1.15.1\STM32CubeIDE\plugins\com.st.stm32cube.common.mx_6.11.1.202404110753
2024-07-12 10:45:54,093 [INFO] DbMcusXml:78 - Set database path to: C:\ST\STM32CubeIDE_1.15.1\STM32CubeIDE\plugins\com.st.stm32cube.common.mx_6.11.1.202404110753\\db\/mcu/
2024-07-12 10:45:54,094 [INFO] ApiDb:274 - Set plugin database path to: C:\ST\STM32CubeIDE_1.15.1\STM32CubeIDE\plugins\com.st.stm32cube.common.mx_6.11.1.202404110753\\db\/plugins/boardmanager/
2024-07-12 10:45:54,094 [WARN] ApiDb:259 - Overriding images path with different value:  => C:\ST\STM32CubeIDE_1.15.1\STM32CubeIDE\plugins\com.st.stm32cube.common.mx_6.11.1.202404110753\\db\/plugins/mcufinder/images/
2024-07-12 10:45:54,109 [INFO] ApiDb:250 - Set database path to: C:\Users\suriy\.stmcufinder\plugins\mcufinder//mcu/
2024-07-12 10:45:54,111 [INFO] DbMcusAds:125 - Set database path to: C:\Users\suriy\.stmcufinder\plugins\mcufinder//mcu/
2024-07-12 10:45:54,113 [INFO] CrossReferenceDbSqlite:203 - Set database path to: C:\Users\suriy\.stmcufinder\plugins\mcufinder//mcu/cs/
2024-07-12 10:45:54,303 [INFO] RulesReader:64 - Compatibility file has been processed (297 Rules)
2024-07-12 10:45:54,404 [INFO] DbMcusXml:78 - Set database path to: C:\ST\STM32CubeIDE_1.15.1\STM32CubeIDE\plugins\com.st.stm32cube.common.mx_6.11.1.202404110753\\db\/mcu/
2024-07-12 10:45:54,404 [INFO] ApiDb:274 - Set plugin database path to: C:\ST\STM32CubeIDE_1.15.1\STM32CubeIDE\plugins\com.st.stm32cube.common.mx_6.11.1.202404110753\\db\/plugins/boardmanager/
2024-07-12 10:45:54,404 [INFO] ApiDb:261 - Set plugin images path to: C:\ST\STM32CubeIDE_1.15.1\STM32CubeIDE\plugins\com.st.stm32cube.common.mx_6.11.1.202404110753\\db\/plugins/mcufinder/images/
2024-07-12 10:45:54,405 [WARN] DbFile:41 - Overriding database path with different value: C:\Users\suriy\.stmcufinder\plugins\mcufinder/ => C:\Users\suriy\.stmcufinder\plugins\mcufinder
2024-07-12 10:45:54,405 [INFO] ApiDb:250 - Set database path to: C:\Users\suriy\.stmcufinder\plugins\mcufinder//mcu/
2024-07-12 10:45:54,405 [WARN] DbFile:41 - Overriding database path with different value: C:\Users\suriy\.stmcufinder\plugins\mcufinder/ => C:\Users\suriy\.stmcufinder\plugins\mcufinder
2024-07-12 10:45:54,405 [INFO] DbMcusAds:125 - Set database path to: C:\Users\suriy\.stmcufinder\plugins\mcufinder//mcu/
2024-07-12 10:45:54,405 [WARN] DbFile:41 - Overriding database path with different value: C:\Users\suriy\.stmcufinder\plugins\mcufinder/ => C:\Users\suriy\.stmcufinder\plugins\mcufinder
2024-07-12 10:45:54,405 [WARN] DbFile:41 - Overriding database path with different value: C:\Users\suriy\.stmcufinder\plugins\mcufinder/ => C:\Users\suriy\.stmcufinder\plugins\mcufinder
2024-07-12 10:45:54,405 [INFO] CrossReferenceDbSqlite:203 - Set database path to: C:\Users\suriy\.stmcufinder\plugins\mcufinder//mcu/cs/
2024-07-12 10:45:54,501 [INFO] MainPanel:264 - HeapMemory: 268435456
2024-07-12 10:45:54,601 [INFO] DbMcusXml:78 - Set database path to: C:\ST\STM32CubeIDE_1.15.1\STM32CubeIDE\plugins\com.st.stm32cube.common.mx_6.11.1.202404110753\\db\/mcu/
2024-07-12 10:45:54,601 [INFO] ApiDb:274 - Set plugin database path to: C:\ST\STM32CubeIDE_1.15.1\STM32CubeIDE\plugins\com.st.stm32cube.common.mx_6.11.1.202404110753\\db\/plugins/boardmanager/
2024-07-12 10:45:54,601 [INFO] ApiDb:261 - Set plugin images path to: C:\ST\STM32CubeIDE_1.15.1\STM32CubeIDE\plugins\com.st.stm32cube.common.mx_6.11.1.202404110753\\db\/plugins/mcufinder/images/
2024-07-12 10:45:54,601 [WARN] DbFile:41 - Overriding database path with different value: C:\Users\suriy\.stmcufinder\plugins\mcufinder/ => C:\Users\suriy\.stmcufinder\plugins\mcufinder
2024-07-12 10:45:54,601 [INFO] ApiDb:250 - Set database path to: C:\Users\suriy\.stmcufinder\plugins\mcufinder//mcu/
2024-07-12 10:45:54,601 [WARN] DbFile:41 - Overriding database path with different value: C:\Users\suriy\.stmcufinder\plugins\mcufinder/ => C:\Users\suriy\.stmcufinder\plugins\mcufinder
2024-07-12 10:45:54,602 [INFO] DbMcusAds:125 - Set database path to: C:\Users\suriy\.stmcufinder\plugins\mcufinder//mcu/
2024-07-12 10:45:54,602 [WARN] DbFile:41 - Overriding database path with different value: C:\Users\suriy\.stmcufinder\plugins\mcufinder/ => C:\Users\suriy\.stmcufinder\plugins\mcufinder
2024-07-12 10:45:54,602 [WARN] DbFile:41 - Overriding database path with different value: C:\Users\suriy\.stmcufinder\plugins\mcufinder/ => C:\Users\suriy\.stmcufinder\plugins\mcufinder
2024-07-12 10:45:54,602 [INFO] CrossReferenceDbSqlite:203 - Set database path to: C:\Users\suriy\.stmcufinder\plugins\mcufinder//mcu/cs/
2024-07-12 10:45:54,621 [INFO] ApplicationProperties:184 - Using Application install path: C:\ST\STM32CubeIDE_1.15.1\STM32CubeIDE\plugins\com.st.stm32cube.common.mx_6.11.1.202404110753
2024-07-12 10:45:54,622 [INFO] PluginManage:196 - Search for loadable plugins [exclusion list=, ]
2024-07-12 10:45:54,623 [INFO] PluginManage:310 - Check plugin analytics
2024-07-12 10:45:54,826 [INFO] AnalyticsPlugin:253 - Accepted Software Licenses: 
2024-07-12 10:45:54,826 [INFO] AnalyticsPlugin:255 - Accepted CMSIS Pack Licenses: 
2024-07-12 10:45:54,826 [INFO] AnalyticsPlugin:257 - Accepted Firmware Licenses: FW.F4.1.28.0
2024-07-12 10:45:54,829 [INFO] PluginManage:359 - Loaded plugin analytics (category:tool,tabindex:-1)
2024-07-12 10:45:54,829 [INFO] PluginManage:310 - Check plugin cadmodel
2024-07-12 10:45:54,848 [INFO] CADModel:105 - Init CAD model plugin
2024-07-12 10:45:54,848 [INFO] PluginManage:359 - Loaded plugin cadmodel (category:power,tabindex:5)
2024-07-12 10:45:54,848 [INFO] PluginManage:310 - Check plugin clock
2024-07-12 10:45:54,878 [INFO] PluginManage:359 - Loaded plugin clock (category:base,tabindex:2)
2024-07-12 10:45:54,879 [INFO] PluginManage:310 - Check plugin ddr
2024-07-12 10:45:54,882 [INFO] PluginManage:359 - Loaded plugin ddr (category:tool,tabindex:6)
2024-07-12 10:45:54,882 [INFO] PluginManage:310 - Check plugin filemanager
2024-07-12 10:45:55,047 [INFO] PluginManage:359 - Loaded plugin filemanager (category:base,tabindex:10)
2024-07-12 10:45:55,047 [INFO] PluginManage:310 - Check plugin ipmanager
2024-07-12 10:45:55,054 [INFO] PluginManage:359 - Loaded plugin ipmanager (category:base,tabindex:5)
2024-07-12 10:45:55,054 [INFO] PluginManage:310 - Check plugin lpbam
2024-07-12 10:45:55,072 [INFO] PluginManage:359 - Loaded plugin lpbam (category:base,tabindex:0)
2024-07-12 10:45:55,073 [INFO] PluginManage:310 - Check plugin memorymap
2024-07-12 10:45:55,093 [INFO] PluginManage:359 - Loaded plugin memorymap (category:base,tabindex:4)
2024-07-12 10:45:55,093 [INFO] PluginManage:310 - Check plugin pinoutandconfiguration
2024-07-12 10:45:55,110 [INFO] PluginManage:359 - Loaded plugin pinoutandconfiguration (category:base,tabindex:1)
2024-07-12 10:45:55,110 [INFO] PluginManage:310 - Check plugin pinoutconfig
2024-07-12 10:45:55,274 [WARN] SupportedApi:132 - Cannot load RTOS API schema: s4s-elt-must-match.1: The content of 'definitions' must match (annotation?, (simpleType | complexType)?, (unique | key | keyref)*)). A problem was found starting at: attribute.
2024-07-12 10:45:55,437 [INFO] PluginManage:359 - Loaded plugin pinoutconfig (category:base,tabindex:0)
2024-07-12 10:45:55,437 [INFO] PluginManage:310 - Check plugin power
2024-07-12 10:45:55,464 [INFO] PluginManage:359 - Loaded plugin power (category:power,tabindex:4)
2024-07-12 10:45:55,464 [INFO] PluginManage:310 - Check plugin projectmanager
2024-07-12 10:45:55,482 [INFO] PluginManage:359 - Loaded plugin projectmanager (category:projectmanager,tabindex:3)
2024-07-12 10:45:55,482 [INFO] PluginManage:310 - Check plugin thirdparty
2024-07-12 10:45:55,776 [INFO] PluginManage:359 - Loaded plugin thirdparty (category:base,tabindex:-1)
2024-07-12 10:45:55,776 [INFO] PluginManage:310 - Check plugin tools
2024-07-12 10:45:55,776 [WARN] IntegrityCheckThread:84 - waiting for thirdparty lock release [integrity check]
2024-07-12 10:45:55,776 [INFO] IntegrityCheckThread:86 - entering critical section [integrity check]
2024-07-12 10:45:55,777 [INFO] ThirdPartyUpdaterWithRetryManager:70 - Updater plugin not ready yet. [1/15]
2024-07-12 10:45:55,840 [INFO] PluginManage:359 - Loaded plugin tools (category:base,tabindex:7)
2024-07-12 10:45:55,841 [INFO] PluginManage:310 - Check plugin tutovideos
2024-07-12 10:45:56,039 [INFO] PluginManage:359 - Loaded plugin tutovideos (category:base,tabindex:-1)
2024-07-12 10:45:56,040 [INFO] PluginManage:310 - Check plugin updater
2024-07-12 10:45:56,051 [INFO] PluginManage:359 - Loaded plugin updater (category:base,tabindex:12)
2024-07-12 10:45:56,052 [INFO] PluginManage:310 - Check plugin userauth
2024-07-12 10:45:56,061 [INFO] UserAuth:114 - Init User Auth plugin
2024-07-12 10:45:56,061 [INFO] PluginManage:359 - Loaded plugin userauth (category:base,tabindex:14)
2024-07-12 10:45:56,061 [INFO] PluginManage:283 - PluginManage : Loaded plugins [17]
2024-07-12 10:45:56,319 [INFO] PinOutPanel:1561 - setPackage(No Configuration,No Configuration)
2024-07-12 10:45:56,408 [INFO] CADModel:165 - CPN selected for project level
2024-07-12 10:45:56,408 [INFO] CADModel:114 - Register for checkConnection events
2024-07-12 10:45:56,435 [INFO] IPUIPlugin:80 - create IPUIPlugin
2024-07-12 10:45:56,436 [INFO] PluginManager:220 - loadIPPluginJar : add adc
2024-07-12 10:45:56,471 [INFO] IPUIPlugin:80 - create IPUIPlugin
2024-07-12 10:45:56,471 [INFO] PluginManager:220 - loadIPPluginJar : add aes
2024-07-12 10:45:56,560 [INFO] IPUIPlugin:80 - create IPUIPlugin
2024-07-12 10:45:56,560 [INFO] PluginManager:220 - loadIPPluginJar : add can
2024-07-12 10:45:56,610 [INFO] IPUIPlugin:80 - create IPUIPlugin
2024-07-12 10:45:56,610 [INFO] PluginManager:220 - loadIPPluginJar : add comp
2024-07-12 10:45:56,657 [INFO] IPUIPlugin:80 - create IPUIPlugin
2024-07-12 10:45:56,657 [INFO] PluginManager:220 - loadIPPluginJar : add cryp
2024-07-12 10:45:56,697 [INFO] IPUIPlugin:80 - create IPUIPlugin
2024-07-12 10:45:56,697 [INFO] PluginManager:220 - loadIPPluginJar : add dfsdm
2024-07-12 10:45:56,713 [INFO] IPUIPlugin:80 - create IPUIPlugin
2024-07-12 10:45:56,714 [INFO] PluginManager:220 - loadIPPluginJar : add dma
2024-07-12 10:45:56,821 [INFO] IPUIPlugin:80 - create IPUIPlugin
2024-07-12 10:45:56,821 [INFO] PluginManager:220 - loadIPPluginJar : add dma3
2024-07-12 10:45:56,913 [INFO] IPUIPlugin:80 - create IPUIPlugin
2024-07-12 10:45:56,914 [INFO] PluginManager:220 - loadIPPluginJar : add extmemmanager
2024-07-12 10:45:56,958 [INFO] IPUIPlugin:80 - create IPUIPlugin
2024-07-12 10:45:56,958 [INFO] PluginManager:220 - loadIPPluginJar : add fatfs
2024-07-12 10:45:57,037 [INFO] IPUIPlugin:80 - create IPUIPlugin
2024-07-12 10:45:57,038 [INFO] PluginManager:220 - loadIPPluginJar : add fmc
2024-07-12 10:45:57,053 [INFO] IPUIPlugin:80 - create IPUIPlugin
2024-07-12 10:45:57,053 [INFO] PluginManager:220 - loadIPPluginJar : add freertos
2024-07-12 10:45:57,080 [INFO] IPUIPlugin:80 - create IPUIPlugin
2024-07-12 10:45:57,080 [INFO] PluginManager:220 - loadIPPluginJar : add genericplugin
2024-07-12 10:45:57,248 [INFO] IPUIPlugin:80 - create IPUIPlugin
2024-07-12 10:45:57,248 [INFO] PluginManager:220 - loadIPPluginJar : add gfxmmu
2024-07-12 10:45:57,458 [INFO] IPUIPlugin:80 - create IPUIPlugin
2024-07-12 10:45:57,459 [INFO] PluginManager:220 - loadIPPluginJar : add gic
2024-07-12 10:45:57,487 [INFO] IPUIPlugin:80 - create IPUIPlugin
2024-07-12 10:45:57,487 [INFO] PluginManager:220 - loadIPPluginJar : add gpio
2024-07-12 10:45:57,579 [INFO] IPUIPlugin:80 - create IPUIPlugin
2024-07-12 10:45:57,579 [INFO] PluginManager:220 - loadIPPluginJar : add gtzc
2024-07-12 10:45:57,635 [INFO] IPUIPlugin:80 - create IPUIPlugin
2024-07-12 10:45:57,636 [INFO] PluginManager:220 - loadIPPluginJar : add hash
2024-07-12 10:45:57,753 [INFO] IPUIPlugin:80 - create IPUIPlugin
2024-07-12 10:45:57,753 [INFO] PluginManager:220 - loadIPPluginJar : add i2c
2024-07-12 10:45:57,827 [INFO] IPUIPlugin:80 - create IPUIPlugin
2024-07-12 10:45:57,828 [INFO] PluginManager:220 - loadIPPluginJar : add i2s
2024-07-12 10:45:57,898 [INFO] IPUIPlugin:80 - create IPUIPlugin
2024-07-12 10:45:57,899 [INFO] PluginManager:220 - loadIPPluginJar : add i3c
2024-07-12 10:45:58,083 [INFO] IPUIPlugin:80 - create IPUIPlugin
2024-07-12 10:45:58,083 [INFO] PluginManager:220 - loadIPPluginJar : add ipddr
2024-07-12 10:45:58,253 [INFO] IPUIPlugin:80 - create IPUIPlugin
2024-07-12 10:45:58,253 [INFO] PluginManager:220 - loadIPPluginJar : add linkedlist
2024-07-12 10:45:58,300 [INFO] IPUIPlugin:80 - create IPUIPlugin
2024-07-12 10:45:58,301 [INFO] PluginManager:220 - loadIPPluginJar : add lorawan
2024-07-12 10:45:58,366 [INFO] IPUIPlugin:80 - create IPUIPlugin
2024-07-12 10:45:58,366 [INFO] PluginManager:220 - loadIPPluginJar : add ltdc
2024-07-12 10:45:58,396 [INFO] IPUIPlugin:80 - create IPUIPlugin
2024-07-12 10:45:58,396 [INFO] PluginManager:220 - loadIPPluginJar : add mdma
2024-07-12 10:45:58,408 [INFO] IPUIPlugin:80 - create IPUIPlugin
2024-07-12 10:45:58,408 [INFO] PluginManager:220 - loadIPPluginJar : add nvic
2024-07-12 10:45:58,461 [INFO] IPUIPlugin:80 - create IPUIPlugin
2024-07-12 10:45:58,461 [INFO] PluginManager:220 - loadIPPluginJar : add opamp
2024-07-12 10:45:58,584 [INFO] IPUIPlugin:80 - create IPUIPlugin
2024-07-12 10:45:58,584 [INFO] PluginManager:220 - loadIPPluginJar : add openamp
2024-07-12 10:45:58,650 [INFO] IPUIPlugin:80 - create IPUIPlugin
2024-07-12 10:45:58,650 [INFO] PluginManager:220 - loadIPPluginJar : add pdm2pcm
2024-07-12 10:45:58,667 [INFO] IPUIPlugin:80 - create IPUIPlugin
2024-07-12 10:45:58,669 [INFO] PluginManager:220 - loadIPPluginJar : add plateformsettings
2024-07-12 10:45:58,701 [INFO] IPUIPlugin:80 - create IPUIPlugin
2024-07-12 10:45:58,701 [INFO] PluginManager:220 - loadIPPluginJar : add quadspi
2024-07-12 10:45:58,714 [INFO] IPUIPlugin:80 - create IPUIPlugin
2024-07-12 10:45:58,715 [INFO] PluginManager:220 - loadIPPluginJar : add resmgrutility
2024-07-12 10:45:58,778 [INFO] ThirdPartyUpdaterWithRetryManager:70 - Updater plugin not ready yet. [2/15]
2024-07-12 10:45:58,779 [INFO] IPUIPlugin:80 - create IPUIPlugin
2024-07-12 10:45:58,779 [INFO] PluginManager:220 - loadIPPluginJar : add sai
2024-07-12 10:45:58,876 [INFO] IPUIPlugin:80 - create IPUIPlugin
2024-07-12 10:45:58,876 [INFO] PluginManager:220 - loadIPPluginJar : add spi
2024-07-12 10:45:58,979 [INFO] IPUIPlugin:80 - create IPUIPlugin
2024-07-12 10:45:58,979 [INFO] PluginManager:220 - loadIPPluginJar : add stm32_wpan
2024-07-12 10:45:59,013 [INFO] IPUIPlugin:80 - create IPUIPlugin
2024-07-12 10:45:59,013 [INFO] PluginManager:220 - loadIPPluginJar : add tim
2024-07-12 10:45:59,139 [INFO] IPUIPlugin:80 - create IPUIPlugin
2024-07-12 10:45:59,139 [INFO] PluginManager:220 - loadIPPluginJar : add touchsensing
2024-07-12 10:45:59,170 [INFO] IPUIPlugin:80 - create IPUIPlugin
2024-07-12 10:45:59,170 [INFO] PluginManager:220 - loadIPPluginJar : add tracer_emb
2024-07-12 10:45:59,233 [INFO] IPUIPlugin:80 - create IPUIPlugin
2024-07-12 10:45:59,233 [INFO] PluginManager:220 - loadIPPluginJar : add ts
2024-07-12 10:45:59,270 [INFO] IPUIPlugin:80 - create IPUIPlugin
2024-07-12 10:45:59,271 [INFO] PluginManager:220 - loadIPPluginJar : add tsc
2024-07-12 10:45:59,319 [INFO] IPUIPlugin:80 - create IPUIPlugin
2024-07-12 10:45:59,319 [INFO] PluginManager:220 - loadIPPluginJar : add ucpd
2024-07-12 10:45:59,387 [INFO] IPUIPlugin:80 - create IPUIPlugin
2024-07-12 10:45:59,388 [INFO] PluginManager:220 - loadIPPluginJar : add usart
2024-07-12 10:45:59,469 [INFO] IPUIPlugin:80 - create IPUIPlugin
2024-07-12 10:45:59,469 [INFO] PluginManager:220 - loadIPPluginJar : add usbx
2024-07-12 10:45:59,603 [INFO] CADModel:165 - CPN selected for project level
2024-07-12 10:45:59,603 [INFO] CADModel:114 - Register for checkConnection events
2024-07-12 10:45:59,604 [FATAL] Updater:308 - Updater called before beeing initialized
2024-07-12 10:45:59,604 [ERROR] CADModel:125 - Updater not yet initialized, retry later 
2024-07-12 10:45:59,770 [INFO] CADModel:165 - CPN selected for project level
2024-07-12 10:45:59,770 [INFO] CADModel:114 - Register for checkConnection events
2024-07-12 10:45:59,770 [FATAL] Updater:308 - Updater called before beeing initialized
2024-07-12 10:45:59,770 [ERROR] CADModel:125 - Updater not yet initialized, retry later 
2024-07-12 10:45:59,774 [FATAL] Updater:308 - Updater called before beeing initialized
2024-07-12 10:45:59,896 [FATAL] Updater:308 - Updater called before beeing initialized
2024-07-12 10:45:59,906 [INFO] DbMcusAds:53 - JSON generation date=Thu May 16 14:52:00 IST 2024 (1715851320667)
2024-07-12 10:45:59,906 [FATAL] Updater:308 - Updater called before beeing initialized
2024-07-12 10:45:59,979 [WARN] DetailPanel:346 - Failed to get advertising image, set to default
2024-07-12 10:46:00,084 [FATAL] Updater:308 - Updater called before beeing initialized
2024-07-12 10:46:00,086 [FATAL] Updater:308 - Updater called before beeing initialized
2024-07-12 10:46:00,087 [FATAL] Updater:308 - Updater called before beeing initialized
2024-07-12 10:46:00,087 [WARN] DetailPanel:346 - Failed to get advertising image, set to default
2024-07-12 10:46:00,088 [FATAL] Updater:308 - Updater called before beeing initialized
2024-07-12 10:46:00,169 [ERROR] Updater:1120 - MainUpdater not yet initialized. External WinMGr cannot be set.
2024-07-12 10:46:00,181 [INFO] Updater:1056 - Updater Version found : 6.11.1
2024-07-12 10:46:00,202 [INFO] ApplicationProperties:184 - Using Application install path: C:\ST\STM32CubeIDE_1.15.1\STM32CubeIDE\plugins\com.st.stm32cube.common.mx_6.11.1.202404110753
2024-07-12 10:46:01,779 [INFO] ThirdPartyUpdaterWithRetryManager:70 - Updater plugin not ready yet. [3/15]
2024-07-12 10:46:01,816 [ERROR] LogOutputStream:75 - [STDERR_REDIRECT] Jul 12, 2024 10:46:01 AM java.util.prefs.WindowsPreferences <init>
2024-07-12 10:46:01,820 [ERROR] LogOutputStream:75 - [STDERR_REDIRECT] WARNING: Could not open/create prefs root node Software\JavaSoft\Prefs at root 0xffffffff80000002. Windows RegCreateKeyEx(...) returned error code 5.
2024-07-12 10:46:01,821 [ERROR] LogOutputStream:75 - [STDERR_REDIRECT] 
2024-07-12 10:46:02,417 [INFO] MainUpdater:2873 - connection check result : 10
2024-07-12 10:46:02,419 [INFO] MainUpdater:290 - Updater Check For Update Now.
2024-07-12 10:46:02,419 [INFO] MicroXplorer:498 - Change Database Version : DB.6.0.111
2024-07-12 10:46:02,442 [INFO] McuFinderGlobals:63 - Set McuFinder mode to 2 (CubeIDE integrated)
2024-07-12 10:46:02,458 [INFO] UserAuth:415 - Internet connection configuration mode: 1
2024-07-12 10:46:02,499 [INFO] JxBrowserEngine:152 - Initiate JxBrowser Engine with user profile folder
2024-07-12 10:46:02,688 [INFO] CheckServerUpdateThread:120 - End of CheckServer Thread
2024-07-12 10:46:05,089 [WARN] PackLoader:240 - Cannot read IP mode file for STMicroelectronics.FP-SNS-MOTENVWB1.1.4.0
2024-07-12 10:46:05,113 [WARN] PackLoader:240 - Cannot read IP mode file for STMicroelectronics.X-CUBE-SMBUS.2.1.0
2024-07-12 10:46:05,132 [WARN] PackLoader:240 - Cannot read IP mode file for STMicroelectronics.X-CUBE-TOUCHGFX.4.23.2
2024-07-12 10:46:05,180 [WARN] PackLoader:240 - Cannot read IP mode file for STMicroelectronics.X-CUBE-AZRTOS-F7.1.1.0
2024-07-12 10:46:05,205 [WARN] PackLoader:240 - Cannot read IP mode file for STMicroelectronics.FP-SNS-FLIGHT1.5.0.2
2024-07-12 10:46:05,230 [WARN] PackLoader:240 - Cannot read IP mode file for STMicroelectronics.X-CUBE-DISPLAY.3.0.0
2024-07-12 10:46:05,258 [WARN] PackLoader:240 - Cannot read IP mode file for STMicroelectronics.X-CUBE-BLE1.7.0.0
2024-07-12 10:46:05,273 [WARN] PackLoader:240 - Cannot read IP mode file for emotas.I-CUBE-CANOPEN.1.3.0
2024-07-12 10:46:05,298 [WARN] PackLoader:240 - Cannot read IP mode file for STMicroelectronics.X-CUBE-BLEMGR.3.1.0
2024-07-12 10:46:05,320 [WARN] PackLoader:240 - Cannot read IP mode file for STMicroelectronics.FP-SNS-SMARTAG2.1.2.0
2024-07-12 10:46:05,352 [INFO] LogOutputStream:77 - [STDOUT_REDIRECT] 1 : Invalid condition id : UX_CORESTACK_Condition cause : null
2024-07-12 10:46:05,353 [INFO] LogOutputStream:77 - [STDOUT_REDIRECT] 1 : Invalid condition id : UX_CORESTACK_Condition cause : null
2024-07-12 10:46:05,354 [INFO] LogOutputStream:77 - [STDOUT_REDIRECT] 1 : Invalid condition id : UX_CORESTACK_Condition cause : null
2024-07-12 10:46:05,355 [INFO] LogOutputStream:77 - [STDOUT_REDIRECT] 1 : Invalid condition id : UX_CORESTACK_Condition cause : null
2024-07-12 10:46:05,356 [INFO] LogOutputStream:77 - [STDOUT_REDIRECT] 1 : Invalid condition id : UX_CORESTACK_Condition cause : null
2024-07-12 10:46:05,360 [WARN] PackLoader:240 - Cannot read IP mode file for STMicroelectronics.X-CUBE-AZRTOS-WL.2.0.0
2024-07-12 10:46:05,377 [WARN] PackLoader:240 - Cannot read IP mode file for STMicroelectronics.FP-SNS-MOTENV1.5.0.0
2024-07-12 10:46:05,395 [WARN] PackLoader:240 - Cannot read IP mode file for wolfSSL.I-CUBE-wolfMQTT.1.19.0
2024-07-12 10:46:05,413 [WARN] PackLoader:240 - Cannot read IP mode file for WES.I-CUBE-Cesium.1.3.0
2024-07-12 10:46:05,426 [WARN] PackLoader:240 - Cannot read IP mode file for STMicroelectronics.X-CUBE-BLE2.3.3.0
2024-07-12 10:46:05,444 [WARN] PackLoader:240 - Cannot read IP mode file for STMicroelectronics.X-CUBE-TCPP.4.1.0
2024-07-12 10:46:05,483 [WARN] PackLoader:240 - Cannot read IP mode file for STMicroelectronics.X-CUBE-AZRTOS-G0.1.1.0
2024-07-12 10:46:05,504 [WARN] PackLoader:240 - Cannot read IP mode file for STMicroelectronics.X-CUBE-SAFEA1.1.2.2
2024-07-12 10:46:05,527 [WARN] PackLoader:240 - Cannot read IP mode file for STMicroelectronics.X-CUBE-NFC4.3.0.0
2024-07-12 10:46:05,546 [WARN] PackLoader:240 - Cannot read IP mode file for EmbeddedOffice.I-CUBE-FS-RTOS.1.0.1
2024-07-12 10:46:05,547 [ERROR] ConditionMgr:805 - Attr not supported : Dmpu
2024-07-12 10:46:05,547 [ERROR] ConditionMgr:805 - Attr not supported : Dmpu
2024-07-12 10:46:05,547 [ERROR] ConditionMgr:805 - Attr not supported : Dmpu
2024-07-12 10:46:05,547 [ERROR] ConditionMgr:805 - Attr not supported : Dmpu
2024-07-12 10:46:05,547 [ERROR] ConditionMgr:805 - Attr not supported : Dmpu
2024-07-12 10:46:05,547 [ERROR] ConditionMgr:805 - Attr not supported : Dmpu
2024-07-12 10:46:05,547 [ERROR] ConditionMgr:805 - Attr not supported : Dmpu
2024-07-12 10:46:05,547 [ERROR] ConditionMgr:805 - Attr not supported : Dmpu
2024-07-12 10:46:05,547 [ERROR] ConditionMgr:805 - Attr not supported : Dmpu
2024-07-12 10:46:05,547 [ERROR] ConditionMgr:805 - Attr not supported : Dmpu
2024-07-12 10:46:05,547 [ERROR] ConditionMgr:805 - Attr not supported : Dmpu
2024-07-12 10:46:05,548 [ERROR] ConditionMgr:805 - Attr not supported : Dmpu
2024-07-12 10:46:05,548 [ERROR] ConditionMgr:805 - Attr not supported : Dmpu
2024-07-12 10:46:05,548 [ERROR] ConditionMgr:805 - Attr not supported : Dmpu
2024-07-12 10:46:05,548 [ERROR] ConditionMgr:805 - Attr not supported : Dmpu
2024-07-12 10:46:05,548 [ERROR] ConditionMgr:805 - Attr not supported : Dmpu
2024-07-12 10:46:05,548 [ERROR] ConditionMgr:805 - Attr not supported : Dmpu
2024-07-12 10:46:05,548 [ERROR] ConditionMgr:805 - Attr not supported : Dmpu
2024-07-12 10:46:05,548 [ERROR] ConditionMgr:805 - Attr not supported : Dmpu
2024-07-12 10:46:05,548 [ERROR] ConditionMgr:805 - Attr not supported : Dmpu
2024-07-12 10:46:05,548 [ERROR] ConditionMgr:805 - Attr not supported : Dmpu
2024-07-12 10:46:05,548 [ERROR] ConditionMgr:805 - Attr not supported : Dmpu
2024-07-12 10:46:05,548 [ERROR] ConditionMgr:805 - Attr not supported : Dmpu
2024-07-12 10:46:05,548 [ERROR] ConditionMgr:805 - Attr not supported : Dmpu
2024-07-12 10:46:05,549 [ERROR] ConditionMgr:805 - Attr not supported : Dmpu
2024-07-12 10:46:05,549 [ERROR] ConditionMgr:805 - Attr not supported : Dmpu
2024-07-12 10:46:05,549 [ERROR] ConditionMgr:805 - Attr not supported : Dmpu
2024-07-12 10:46:05,549 [ERROR] ConditionMgr:805 - Attr not supported : Dmpu
2024-07-12 10:46:05,549 [ERROR] ConditionMgr:805 - Attr not supported : Dmpu
2024-07-12 10:46:05,549 [ERROR] ConditionMgr:805 - Attr not supported : Dmpu
2024-07-12 10:46:05,549 [ERROR] ConditionMgr:805 - Attr not supported : Dmpu
2024-07-12 10:46:05,549 [ERROR] ConditionMgr:805 - Attr not supported : Dmpu
2024-07-12 10:46:05,549 [ERROR] ConditionMgr:805 - Attr not supported : Dmpu
2024-07-12 10:46:05,549 [ERROR] ConditionMgr:805 - Attr not supported : Dmpu
2024-07-12 10:46:05,549 [ERROR] ConditionMgr:805 - Attr not supported : Dmpu
2024-07-12 10:46:05,549 [ERROR] ConditionMgr:805 - Attr not supported : Dmpu
2024-07-12 10:46:05,549 [ERROR] ConditionMgr:805 - Attr not supported : Dmpu
2024-07-12 10:46:05,549 [ERROR] ConditionMgr:805 - Attr not supported : Dmpu
2024-07-12 10:46:05,549 [ERROR] ConditionMgr:805 - Attr not supported : Dmpu
2024-07-12 10:46:05,550 [ERROR] ConditionMgr:805 - Attr not supported : Dmpu
2024-07-12 10:46:05,550 [ERROR] ConditionMgr:805 - Attr not supported : Dmpu
2024-07-12 10:46:05,550 [ERROR] ConditionMgr:805 - Attr not supported : Dmpu
2024-07-12 10:46:05,550 [ERROR] ConditionMgr:805 - Attr not supported : Dmpu
2024-07-12 10:46:05,554 [ERROR] ConditionMgr:805 - Attr not supported : Dmpu
2024-07-12 10:46:05,555 [ERROR] ConditionMgr:805 - Attr not supported : Dmpu
2024-07-12 10:46:05,555 [ERROR] ConditionMgr:805 - Attr not supported : Dmpu
2024-07-12 10:46:05,555 [ERROR] ConditionMgr:805 - Attr not supported : Dmpu
2024-07-12 10:46:05,555 [ERROR] ConditionMgr:805 - Attr not supported : Dmpu
2024-07-12 10:46:05,555 [ERROR] ConditionMgr:805 - Attr not supported : Dmpu
2024-07-12 10:46:05,555 [ERROR] ConditionMgr:805 - Attr not supported : Dmpu
2024-07-12 10:46:05,555 [ERROR] ConditionMgr:805 - Attr not supported : Dmpu
2024-07-12 10:46:05,555 [ERROR] ConditionMgr:805 - Attr not supported : Dmpu
2024-07-12 10:46:05,556 [ERROR] ConditionMgr:805 - Attr not supported : Dmpu
2024-07-12 10:46:05,556 [ERROR] ConditionMgr:805 - Attr not supported : Dmpu
2024-07-12 10:46:05,556 [ERROR] ConditionMgr:805 - Attr not supported : Dmpu
2024-07-12 10:46:05,556 [ERROR] ConditionMgr:805 - Attr not supported : Dmpu
2024-07-12 10:46:05,556 [ERROR] ConditionMgr:805 - Attr not supported : Dmpu
2024-07-12 10:46:05,556 [ERROR] ConditionMgr:805 - Attr not supported : Dmpu
2024-07-12 10:46:05,556 [ERROR] ConditionMgr:805 - Attr not supported : Dmpu
2024-07-12 10:46:05,556 [ERROR] ConditionMgr:805 - Attr not supported : Dmpu
2024-07-12 10:46:05,556 [ERROR] ConditionMgr:805 - Attr not supported : Dmpu
2024-07-12 10:46:05,556 [ERROR] ConditionMgr:805 - Attr not supported : Dmpu
2024-07-12 10:46:05,556 [ERROR] ConditionMgr:805 - Attr not supported : Dmpu
2024-07-12 10:46:05,557 [ERROR] ConditionMgr:805 - Attr not supported : Dmpu
2024-07-12 10:46:05,571 [WARN] PackLoader:240 - Cannot read IP mode file for RealThread.X-CUBE-RT-Thread_Nano.4.1.1
2024-07-12 10:46:05,588 [WARN] PackLoader:240 - Cannot read IP mode file for wolfSSL.I-CUBE-wolfSSL.5.7.0
2024-07-12 10:46:05,605 [WARN] PackLoader:240 - Cannot read IP mode file for STMicroelectronics.FP-ATR-SIGFOX1.3.2.0
2024-07-12 10:46:05,623 [WARN] PackLoader:240 - Cannot read IP mode file for STMicroelectronics.X-CUBE-EEPRMA1.5.1.0
2024-07-12 10:46:05,640 [WARN] PackLoader:240 - Cannot read IP mode file for ITTIA_DB.I-CUBE-ITTIADB.8.9.0
2024-07-12 10:46:05,698 [WARN] PackLoader:240 - Cannot read IP mode file for SEGGER.I-CUBE-embOS.1.3.1
2024-07-12 10:46:05,760 [WARN] PackLoader:240 - Cannot read IP mode file for STMicroelectronics.X-CUBE-ALGOBUILD.1.4.0
2024-07-12 10:46:05,776 [WARN] PackLoader:240 - Cannot read IP mode file for STMicroelectronics.X-CUBE-GNSS1.6.0.0
2024-07-12 10:46:05,815 [WARN] PackLoader:240 - Cannot read IP mode file for STMicroelectronics.X-CUBE-AZRTOS-F4.1.1.0
2024-07-12 10:46:05,834 [WARN] PackLoader:240 - Cannot read IP mode file for STMicroelectronics.X-CUBE-FREERTOS.1.2.0
2024-07-12 10:46:05,868 [WARN] PackLoader:240 - Cannot read IP mode file for STMicroelectronics.X-CUBE-AZRTOS-L5.2.0.0
2024-07-12 10:46:05,891 [WARN] PackLoader:240 - Cannot read IP mode file for STMicroelectronics.X-CUBE-NFC6.3.1.0
2024-07-12 10:46:05,907 [WARN] PackLoader:240 - Cannot read IP mode file for STMicroelectronics.X-CUBE-DPower.1.2.0
2024-07-12 10:46:05,927 [WARN] PackLoader:240 - Cannot read IP mode file for STMicroelectronics.X-CUBE-AI.9.0.0
2024-07-12 10:46:05,941 [WARN] PackLoader:240 - Cannot read IP mode file for STMicroelectronics.X-CUBE-NFC7.1.0.1
2024-07-12 10:46:05,956 [WARN] PackLoader:240 - Cannot read IP mode file for wolfSSL.I-CUBE-wolfTPM.3.2.0
2024-07-12 10:46:05,991 [WARN] ConditionMgr:438 - getConditionDescription Invalid condition id : LAN8742 Phy interface Condition cause : null
2024-07-12 10:46:05,993 [WARN] PackLoader:240 - Cannot read IP mode file for STMicroelectronics.X-CUBE-AZRTOS-L4.2.0.0
2024-07-12 10:46:05,995 [WARN] ConditionMgr:1039 - genDependencies : Invalid condition id : LAN8742 Phy interface Condition cause : null
2024-07-12 10:46:05,995 [WARN] ConditionMgr:1039 - genDependencies : Invalid condition id : LAN8742 Phy interface Condition cause : null
2024-07-12 10:46:05,996 [WARN] ConditionMgr:1039 - genDependencies : Invalid condition id : LAN8742 Phy interface Condition cause : null
2024-07-12 10:46:06,019 [WARN] PackLoader:240 - Cannot read IP mode file for STMicroelectronics.X-CUBE-SFXS2LP1.4.0.0
2024-07-12 10:46:06,047 [WARN] ConditionMgr:438 - getConditionDescription Invalid condition id : UX DEVICE CLASS RTOS Condition cause : null
2024-07-12 10:46:06,048 [WARN] ConditionMgr:438 - getConditionDescription Invalid condition id : UX DEVICE CLASS RTOS Condition cause : null
2024-07-12 10:46:06,049 [WARN] PackLoader:240 - Cannot read IP mode file for STMicroelectronics.X-CUBE-AZRTOS-WB.2.0.0
2024-07-12 10:46:06,050 [WARN] ConditionMgr:1039 - genDependencies : Invalid condition id : UX DEVICE CLASS RTOS Condition cause : null
2024-07-12 10:46:06,050 [WARN] ConditionMgr:1039 - genDependencies : Invalid condition id : UX DEVICE CLASS RTOS Condition cause : null
2024-07-12 10:46:06,050 [WARN] ConditionMgr:1039 - genDependencies : Invalid condition id : UX DEVICE CLASS RTOS Condition cause : null
2024-07-12 10:46:06,051 [WARN] ConditionMgr:1039 - genDependencies : Invalid condition id : UX DEVICE CLASS RTOS Condition cause : null
2024-07-12 10:46:06,051 [WARN] ConditionMgr:1039 - genDependencies : Invalid condition id : UX DEVICE CLASS RTOS Condition cause : null
2024-07-12 10:46:06,074 [WARN] PackLoader:240 - Cannot read IP mode file for STMicroelectronics.X-CUBE-SUBG2.5.0.0
2024-07-12 10:46:06,098 [WARN] PackLoader:240 - Cannot read IP mode file for Cesanta.I-CUBE-Mongoose.7.13.0
2024-07-12 10:46:06,129 [WARN] PackLoader:240 - Cannot read IP mode file for STMicroelectronics.X-CUBE-AZRTOS-G4.2.0.0
2024-07-12 10:46:06,145 [WARN] PackLoader:240 - Cannot read IP mode file for STMicroelectronics.X-CUBE-ISPU.2.0.0
2024-07-12 10:46:06,164 [WARN] PackLoader:240 - Cannot read IP mode file for STMicroelectronics.X-CUBE-ALS.1.0.2
2024-07-12 10:46:06,230 [WARN] PackLoader:240 - Cannot read IP mode file for STMicroelectronics.X-CUBE-MEMS1.10.0.0
2024-07-12 10:46:06,379 [WARN] PackLoader:240 - Cannot read IP mode file for STMicroelectronics.X-CUBE-TOUCHGFX.4.24.0
2024-07-12 10:46:06,392 [WARN] PackLoader:240 - Cannot read IP mode file for portGmbH.I-Cube-SoM-uGOAL.1.1.0
2024-07-12 10:46:06,420 [WARN] PackLoader:240 - Cannot read IP mode file for STMicroelectronics.X-CUBE-AZRTOS-H7RS.1.0.0
2024-07-12 10:46:06,438 [WARN] PackLoader:240 - Cannot read IP mode file for STMicroelectronics.FP-ATR-ASTRA1.2.0.0
2024-07-12 10:46:06,458 [WARN] PackLoader:240 - Cannot read IP mode file for STMicroelectronics.X-CUBE-TOF1.3.4.1
2024-07-12 10:46:06,504 [WARN] PackLoader:240 - Cannot read IP mode file for STMicroelectronics.X-CUBE-AZRTOS-H7.3.2.0
2024-07-12 10:46:06,534 [WARN] PackLoader:240 - Cannot read IP mode file for Infineon.AIROC-Wi-Fi-Bluetooth-STM32.1.6.0
2024-07-12 10:46:06,567 [WARN] PackLoader:240 - Cannot read IP mode file for wolfSSL.I-CUBE-wolfSSH.1.4.17
2024-07-12 10:46:06,567 [INFO] ThirdParty:978 - Integrity check success = true
2024-07-12 10:46:06,568 [INFO] IntegrityCheckThread:100 - exiting critical section [integrity check]
2024-07-12 10:46:06,568 [INFO] IntegrityCheckThread:103 - End integrity checks thread
2024-07-12 10:46:09,086 [INFO] WebApp:161 - Instantiating new browser for Auth
2024-07-12 10:46:09,984 [INFO] WebApp:779 - Register for checkConnection events
2024-07-12 10:46:09,984 [INFO] WebApp:414 - Apply proxy settings
2024-07-12 10:46:09,984 [INFO] WebApp:499 - Chromium requires no authentication
2024-07-12 10:46:09,994 [INFO] WebApp:442 - Direct internet connection detected
2024-07-12 10:46:10,263 [INFO] WebApp:192 - Starting web application
2024-07-12 10:46:10,263 [INFO] WebApp:544 - Web application path used C:\ST\STM32CubeIDE_1.15.1\STM32CubeIDE\plugins\com.st.stm32cube.common.mx_6.11.1.202404110753\db\plugins\mcufinder\reactClient1\index.html
2024-07-12 18:21:16,657 [INFO] Activator:176 - 


2024-07-12 18:21:16,660 [INFO] Activator:177 - !SESSION log4j initialized
2024-07-12 18:21:25,415 [INFO] LogOutputStream:77 - [STDOUT_REDIRECT] 
2024-07-12 18:21:26,909 [INFO] ApplicationProperties:184 - Using Application install path: C:\ST\STM32CubeIDE_1.15.1\STM32CubeIDE\plugins\com.st.stm32cube.common.mx_6.11.1.202404110753
2024-07-12 18:21:26,934 [INFO] DbMcusXml:78 - Set database path to: C:\ST\STM32CubeIDE_1.15.1\STM32CubeIDE\plugins\com.st.stm32cube.common.mx_6.11.1.202404110753\\db\/mcu/
2024-07-12 18:21:26,935 [INFO] ApiDb:274 - Set plugin database path to: C:\ST\STM32CubeIDE_1.15.1\STM32CubeIDE\plugins\com.st.stm32cube.common.mx_6.11.1.202404110753\\db\/plugins/boardmanager/
2024-07-12 18:21:26,935 [WARN] ApiDb:259 - Overriding images path with different value:  => C:\ST\STM32CubeIDE_1.15.1\STM32CubeIDE\plugins\com.st.stm32cube.common.mx_6.11.1.202404110753\\db\/plugins/mcufinder/images/
2024-07-12 18:21:26,949 [INFO] ApiDb:250 - Set database path to: C:\Users\suriy\.stmcufinder\plugins\mcufinder//mcu/
2024-07-12 18:21:26,951 [INFO] DbMcusAds:125 - Set database path to: C:\Users\suriy\.stmcufinder\plugins\mcufinder//mcu/
2024-07-12 18:21:26,954 [INFO] CrossReferenceDbSqlite:203 - Set database path to: C:\Users\suriy\.stmcufinder\plugins\mcufinder//mcu/cs/
2024-07-12 18:21:27,131 [INFO] RulesReader:64 - Compatibility file has been processed (297 Rules)
2024-07-12 18:21:27,245 [INFO] DbMcusXml:78 - Set database path to: C:\ST\STM32CubeIDE_1.15.1\STM32CubeIDE\plugins\com.st.stm32cube.common.mx_6.11.1.202404110753\\db\/mcu/
2024-07-12 18:21:27,246 [INFO] ApiDb:274 - Set plugin database path to: C:\ST\STM32CubeIDE_1.15.1\STM32CubeIDE\plugins\com.st.stm32cube.common.mx_6.11.1.202404110753\\db\/plugins/boardmanager/
2024-07-12 18:21:27,246 [INFO] ApiDb:261 - Set plugin images path to: C:\ST\STM32CubeIDE_1.15.1\STM32CubeIDE\plugins\com.st.stm32cube.common.mx_6.11.1.202404110753\\db\/plugins/mcufinder/images/
2024-07-12 18:21:27,246 [WARN] DbFile:41 - Overriding database path with different value: C:\Users\suriy\.stmcufinder\plugins\mcufinder/ => C:\Users\suriy\.stmcufinder\plugins\mcufinder
2024-07-12 18:21:27,246 [INFO] ApiDb:250 - Set database path to: C:\Users\suriy\.stmcufinder\plugins\mcufinder//mcu/
2024-07-12 18:21:27,246 [WARN] DbFile:41 - Overriding database path with different value: C:\Users\suriy\.stmcufinder\plugins\mcufinder/ => C:\Users\suriy\.stmcufinder\plugins\mcufinder
2024-07-12 18:21:27,246 [INFO] DbMcusAds:125 - Set database path to: C:\Users\suriy\.stmcufinder\plugins\mcufinder//mcu/
2024-07-12 18:21:27,247 [WARN] DbFile:41 - Overriding database path with different value: C:\Users\suriy\.stmcufinder\plugins\mcufinder/ => C:\Users\suriy\.stmcufinder\plugins\mcufinder
2024-07-12 18:21:27,247 [WARN] DbFile:41 - Overriding database path with different value: C:\Users\suriy\.stmcufinder\plugins\mcufinder/ => C:\Users\suriy\.stmcufinder\plugins\mcufinder
2024-07-12 18:21:27,247 [INFO] CrossReferenceDbSqlite:203 - Set database path to: C:\Users\suriy\.stmcufinder\plugins\mcufinder//mcu/cs/
2024-07-12 18:21:27,357 [INFO] MainPanel:264 - HeapMemory: 268435456
2024-07-12 18:21:27,500 [INFO] DbMcusXml:78 - Set database path to: C:\ST\STM32CubeIDE_1.15.1\STM32CubeIDE\plugins\com.st.stm32cube.common.mx_6.11.1.202404110753\\db\/mcu/
2024-07-12 18:21:27,500 [INFO] ApiDb:274 - Set plugin database path to: C:\ST\STM32CubeIDE_1.15.1\STM32CubeIDE\plugins\com.st.stm32cube.common.mx_6.11.1.202404110753\\db\/plugins/boardmanager/
2024-07-12 18:21:27,501 [INFO] ApiDb:261 - Set plugin images path to: C:\ST\STM32CubeIDE_1.15.1\STM32CubeIDE\plugins\com.st.stm32cube.common.mx_6.11.1.202404110753\\db\/plugins/mcufinder/images/
2024-07-12 18:21:27,501 [WARN] DbFile:41 - Overriding database path with different value: C:\Users\suriy\.stmcufinder\plugins\mcufinder/ => C:\Users\suriy\.stmcufinder\plugins\mcufinder
2024-07-12 18:21:27,502 [INFO] ApiDb:250 - Set database path to: C:\Users\suriy\.stmcufinder\plugins\mcufinder//mcu/
2024-07-12 18:21:27,502 [WARN] DbFile:41 - Overriding database path with different value: C:\Users\suriy\.stmcufinder\plugins\mcufinder/ => C:\Users\suriy\.stmcufinder\plugins\mcufinder
2024-07-12 18:21:27,502 [INFO] DbMcusAds:125 - Set database path to: C:\Users\suriy\.stmcufinder\plugins\mcufinder//mcu/
2024-07-12 18:21:27,502 [WARN] DbFile:41 - Overriding database path with different value: C:\Users\suriy\.stmcufinder\plugins\mcufinder/ => C:\Users\suriy\.stmcufinder\plugins\mcufinder
2024-07-12 18:21:27,503 [WARN] DbFile:41 - Overriding database path with different value: C:\Users\suriy\.stmcufinder\plugins\mcufinder/ => C:\Users\suriy\.stmcufinder\plugins\mcufinder
2024-07-12 18:21:27,503 [INFO] CrossReferenceDbSqlite:203 - Set database path to: C:\Users\suriy\.stmcufinder\plugins\mcufinder//mcu/cs/
2024-07-12 18:21:27,530 [INFO] ApplicationProperties:184 - Using Application install path: C:\ST\STM32CubeIDE_1.15.1\STM32CubeIDE\plugins\com.st.stm32cube.common.mx_6.11.1.202404110753
2024-07-12 18:21:27,533 [INFO] PluginManage:196 - Search for loadable plugins [exclusion list=, ]
2024-07-12 18:21:27,535 [INFO] PluginManage:310 - Check plugin analytics
2024-07-12 18:21:27,815 [INFO] AnalyticsPlugin:253 - Accepted Software Licenses: 
2024-07-12 18:21:27,816 [INFO] AnalyticsPlugin:255 - Accepted CMSIS Pack Licenses: 
2024-07-12 18:21:27,816 [INFO] AnalyticsPlugin:257 - Accepted Firmware Licenses: FW.F4.1.28.0
2024-07-12 18:21:27,820 [INFO] PluginManage:359 - Loaded plugin analytics (category:tool,tabindex:-1)
2024-07-12 18:21:27,820 [INFO] PluginManage:310 - Check plugin cadmodel
2024-07-12 18:21:27,845 [INFO] CADModel:105 - Init CAD model plugin
2024-07-12 18:21:27,845 [INFO] PluginManage:359 - Loaded plugin cadmodel (category:power,tabindex:5)
2024-07-12 18:21:27,846 [INFO] PluginManage:310 - Check plugin clock
2024-07-12 18:21:27,877 [INFO] PluginManage:359 - Loaded plugin clock (category:base,tabindex:2)
2024-07-12 18:21:27,878 [INFO] PluginManage:310 - Check plugin ddr
2024-07-12 18:21:27,883 [INFO] PluginManage:359 - Loaded plugin ddr (category:tool,tabindex:6)
2024-07-12 18:21:27,883 [INFO] PluginManage:310 - Check plugin filemanager
2024-07-12 18:21:28,086 [INFO] PluginManage:359 - Loaded plugin filemanager (category:base,tabindex:10)
2024-07-12 18:21:28,086 [INFO] PluginManage:310 - Check plugin ipmanager
2024-07-12 18:21:28,099 [INFO] PluginManage:359 - Loaded plugin ipmanager (category:base,tabindex:5)
2024-07-12 18:21:28,099 [INFO] PluginManage:310 - Check plugin lpbam
2024-07-12 18:21:28,126 [INFO] PluginManage:359 - Loaded plugin lpbam (category:base,tabindex:0)
2024-07-12 18:21:28,127 [INFO] PluginManage:310 - Check plugin memorymap
2024-07-12 18:21:28,160 [INFO] PluginManage:359 - Loaded plugin memorymap (category:base,tabindex:4)
2024-07-12 18:21:28,160 [INFO] PluginManage:310 - Check plugin pinoutandconfiguration
2024-07-12 18:21:28,185 [INFO] PluginManage:359 - Loaded plugin pinoutandconfiguration (category:base,tabindex:1)
2024-07-12 18:21:28,185 [INFO] PluginManage:310 - Check plugin pinoutconfig
2024-07-12 18:21:28,309 [WARN] SupportedApi:132 - Cannot load RTOS API schema: s4s-elt-must-match.1: The content of 'definitions' must match (annotation?, (simpleType | complexType)?, (unique | key | keyref)*)). A problem was found starting at: attribute.
2024-07-12 18:21:28,492 [INFO] PluginManage:359 - Loaded plugin pinoutconfig (category:base,tabindex:0)
2024-07-12 18:21:28,492 [INFO] PluginManage:310 - Check plugin power
2024-07-12 18:21:28,518 [INFO] PluginManage:359 - Loaded plugin power (category:power,tabindex:4)
2024-07-12 18:21:28,519 [INFO] PluginManage:310 - Check plugin projectmanager
2024-07-12 18:21:28,548 [INFO] PluginManage:359 - Loaded plugin projectmanager (category:projectmanager,tabindex:3)
2024-07-12 18:21:28,548 [INFO] PluginManage:310 - Check plugin thirdparty
2024-07-12 18:21:28,896 [INFO] PluginManage:359 - Loaded plugin thirdparty (category:base,tabindex:-1)
2024-07-12 18:21:28,896 [WARN] IntegrityCheckThread:84 - waiting for thirdparty lock release [integrity check]
2024-07-12 18:21:28,897 [INFO] PluginManage:310 - Check plugin tools
2024-07-12 18:21:28,897 [INFO] IntegrityCheckThread:86 - entering critical section [integrity check]
2024-07-12 18:21:28,898 [INFO] ThirdPartyUpdaterWithRetryManager:70 - Updater plugin not ready yet. [1/15]
2024-07-12 18:21:28,949 [INFO] PluginManage:359 - Loaded plugin tools (category:base,tabindex:7)
2024-07-12 18:21:28,949 [INFO] PluginManage:310 - Check plugin tutovideos
2024-07-12 18:21:29,166 [INFO] PluginManage:359 - Loaded plugin tutovideos (category:base,tabindex:-1)
2024-07-12 18:21:29,166 [INFO] PluginManage:310 - Check plugin updater
2024-07-12 18:21:29,179 [INFO] PluginManage:359 - Loaded plugin updater (category:base,tabindex:12)
2024-07-12 18:21:29,179 [INFO] PluginManage:310 - Check plugin userauth
2024-07-12 18:21:29,185 [INFO] UserAuth:114 - Init User Auth plugin
2024-07-12 18:21:29,186 [INFO] PluginManage:359 - Loaded plugin userauth (category:base,tabindex:14)
2024-07-12 18:21:29,186 [INFO] PluginManage:283 - PluginManage : Loaded plugins [17]
2024-07-12 18:21:29,446 [INFO] PinOutPanel:1561 - setPackage(No Configuration,No Configuration)
2024-07-12 18:21:29,539 [INFO] CADModel:165 - CPN selected for project level
2024-07-12 18:21:29,539 [INFO] CADModel:114 - Register for checkConnection events
2024-07-12 18:21:29,571 [INFO] IPUIPlugin:80 - create IPUIPlugin
2024-07-12 18:21:29,572 [INFO] PluginManager:220 - loadIPPluginJar : add adc
2024-07-12 18:21:29,615 [INFO] IPUIPlugin:80 - create IPUIPlugin
2024-07-12 18:21:29,616 [INFO] PluginManager:220 - loadIPPluginJar : add aes
2024-07-12 18:21:29,664 [INFO] IPUIPlugin:80 - create IPUIPlugin
2024-07-12 18:21:29,664 [INFO] PluginManager:220 - loadIPPluginJar : add can
2024-07-12 18:21:29,691 [INFO] IPUIPlugin:80 - create IPUIPlugin
2024-07-12 18:21:29,692 [INFO] PluginManager:220 - loadIPPluginJar : add comp
2024-07-12 18:21:29,731 [INFO] IPUIPlugin:80 - create IPUIPlugin
2024-07-12 18:21:29,731 [INFO] PluginManager:220 - loadIPPluginJar : add cryp
2024-07-12 18:21:29,769 [INFO] IPUIPlugin:80 - create IPUIPlugin
2024-07-12 18:21:29,769 [INFO] PluginManager:220 - loadIPPluginJar : add dfsdm
2024-07-12 18:21:29,785 [INFO] IPUIPlugin:80 - create IPUIPlugin
2024-07-12 18:21:29,785 [INFO] PluginManager:220 - loadIPPluginJar : add dma
2024-07-12 18:21:29,843 [INFO] IPUIPlugin:80 - create IPUIPlugin
2024-07-12 18:21:29,844 [INFO] PluginManager:220 - loadIPPluginJar : add dma3
2024-07-12 18:21:29,905 [INFO] IPUIPlugin:80 - create IPUIPlugin
2024-07-12 18:21:29,905 [INFO] PluginManager:220 - loadIPPluginJar : add extmemmanager
2024-07-12 18:21:29,935 [INFO] IPUIPlugin:80 - create IPUIPlugin
2024-07-12 18:21:29,935 [INFO] PluginManager:220 - loadIPPluginJar : add fatfs
2024-07-12 18:21:29,998 [INFO] IPUIPlugin:80 - create IPUIPlugin
2024-07-12 18:21:29,998 [INFO] PluginManager:220 - loadIPPluginJar : add fmc
2024-07-12 18:21:30,015 [INFO] IPUIPlugin:80 - create IPUIPlugin
2024-07-12 18:21:30,015 [INFO] PluginManager:220 - loadIPPluginJar : add freertos
2024-07-12 18:21:30,037 [INFO] IPUIPlugin:80 - create IPUIPlugin
2024-07-12 18:21:30,038 [INFO] PluginManager:220 - loadIPPluginJar : add genericplugin
2024-07-12 18:21:30,152 [INFO] IPUIPlugin:80 - create IPUIPlugin
2024-07-12 18:21:30,152 [INFO] PluginManager:220 - loadIPPluginJar : add gfxmmu
2024-07-12 18:21:30,384 [INFO] IPUIPlugin:80 - create IPUIPlugin
2024-07-12 18:21:30,384 [INFO] PluginManager:220 - loadIPPluginJar : add gic
2024-07-12 18:21:30,400 [INFO] IPUIPlugin:80 - create IPUIPlugin
2024-07-12 18:21:30,400 [INFO] PluginManager:220 - loadIPPluginJar : add gpio
2024-07-12 18:21:30,508 [INFO] IPUIPlugin:80 - create IPUIPlugin
2024-07-12 18:21:30,508 [INFO] PluginManager:220 - loadIPPluginJar : add gtzc
2024-07-12 18:21:30,553 [INFO] IPUIPlugin:80 - create IPUIPlugin
2024-07-12 18:21:30,553 [INFO] PluginManager:220 - loadIPPluginJar : add hash
2024-07-12 18:21:30,622 [INFO] IPUIPlugin:80 - create IPUIPlugin
2024-07-12 18:21:30,622 [INFO] PluginManager:220 - loadIPPluginJar : add i2c
2024-07-12 18:21:30,678 [INFO] IPUIPlugin:80 - create IPUIPlugin
2024-07-12 18:21:30,678 [INFO] PluginManager:220 - loadIPPluginJar : add i2s
2024-07-12 18:21:30,733 [INFO] IPUIPlugin:80 - create IPUIPlugin
2024-07-12 18:21:30,733 [INFO] PluginManager:220 - loadIPPluginJar : add i3c
2024-07-12 18:21:30,878 [INFO] IPUIPlugin:80 - create IPUIPlugin
2024-07-12 18:21:30,878 [INFO] PluginManager:220 - loadIPPluginJar : add ipddr
2024-07-12 18:21:31,003 [INFO] IPUIPlugin:80 - create IPUIPlugin
2024-07-12 18:21:31,004 [INFO] PluginManager:220 - loadIPPluginJar : add linkedlist
2024-07-12 18:21:31,049 [INFO] IPUIPlugin:80 - create IPUIPlugin
2024-07-12 18:21:31,049 [INFO] PluginManager:220 - loadIPPluginJar : add lorawan
2024-07-12 18:21:31,096 [INFO] IPUIPlugin:80 - create IPUIPlugin
2024-07-12 18:21:31,096 [INFO] PluginManager:220 - loadIPPluginJar : add ltdc
2024-07-12 18:21:31,113 [INFO] IPUIPlugin:80 - create IPUIPlugin
2024-07-12 18:21:31,113 [INFO] PluginManager:220 - loadIPPluginJar : add mdma
2024-07-12 18:21:31,127 [INFO] IPUIPlugin:80 - create IPUIPlugin
2024-07-12 18:21:31,127 [INFO] PluginManager:220 - loadIPPluginJar : add nvic
2024-07-12 18:21:31,174 [INFO] IPUIPlugin:80 - create IPUIPlugin
2024-07-12 18:21:31,174 [INFO] PluginManager:220 - loadIPPluginJar : add opamp
2024-07-12 18:21:31,244 [INFO] IPUIPlugin:80 - create IPUIPlugin
2024-07-12 18:21:31,244 [INFO] PluginManager:220 - loadIPPluginJar : add openamp
2024-07-12 18:21:31,296 [INFO] IPUIPlugin:80 - create IPUIPlugin
2024-07-12 18:21:31,296 [INFO] PluginManager:220 - loadIPPluginJar : add pdm2pcm
2024-07-12 18:21:31,313 [INFO] IPUIPlugin:80 - create IPUIPlugin
2024-07-12 18:21:31,315 [INFO] PluginManager:220 - loadIPPluginJar : add plateformsettings
2024-07-12 18:21:31,342 [INFO] IPUIPlugin:80 - create IPUIPlugin
2024-07-12 18:21:31,342 [INFO] PluginManager:220 - loadIPPluginJar : add quadspi
2024-07-12 18:21:31,355 [INFO] IPUIPlugin:80 - create IPUIPlugin
2024-07-12 18:21:31,355 [INFO] PluginManager:220 - loadIPPluginJar : add resmgrutility
2024-07-12 18:21:31,412 [INFO] IPUIPlugin:80 - create IPUIPlugin
2024-07-12 18:21:31,412 [INFO] PluginManager:220 - loadIPPluginJar : add sai
2024-07-12 18:21:31,454 [INFO] IPUIPlugin:80 - create IPUIPlugin
2024-07-12 18:21:31,455 [INFO] PluginManager:220 - loadIPPluginJar : add spi
2024-07-12 18:21:31,527 [INFO] IPUIPlugin:80 - create IPUIPlugin
2024-07-12 18:21:31,527 [INFO] PluginManager:220 - loadIPPluginJar : add stm32_wpan
2024-07-12 18:21:31,553 [INFO] IPUIPlugin:80 - create IPUIPlugin
2024-07-12 18:21:31,553 [INFO] PluginManager:220 - loadIPPluginJar : add tim
2024-07-12 18:21:31,619 [INFO] IPUIPlugin:80 - create IPUIPlugin
2024-07-12 18:21:31,619 [INFO] PluginManager:220 - loadIPPluginJar : add touchsensing
2024-07-12 18:21:31,646 [INFO] IPUIPlugin:80 - create IPUIPlugin
2024-07-12 18:21:31,647 [INFO] PluginManager:220 - loadIPPluginJar : add tracer_emb
2024-07-12 18:21:31,672 [INFO] IPUIPlugin:80 - create IPUIPlugin
2024-07-12 18:21:31,672 [INFO] PluginManager:220 - loadIPPluginJar : add ts
2024-07-12 18:21:31,695 [INFO] IPUIPlugin:80 - create IPUIPlugin
2024-07-12 18:21:31,695 [INFO] PluginManager:220 - loadIPPluginJar : add tsc
2024-07-12 18:21:31,718 [INFO] IPUIPlugin:80 - create IPUIPlugin
2024-07-12 18:21:31,718 [INFO] PluginManager:220 - loadIPPluginJar : add ucpd
2024-07-12 18:21:31,773 [INFO] IPUIPlugin:80 - create IPUIPlugin
2024-07-12 18:21:31,774 [INFO] PluginManager:220 - loadIPPluginJar : add usart
2024-07-12 18:21:31,876 [INFO] IPUIPlugin:80 - create IPUIPlugin
2024-07-12 18:21:31,876 [INFO] PluginManager:220 - loadIPPluginJar : add usbx
2024-07-12 18:21:31,911 [INFO] ThirdPartyUpdaterWithRetryManager:70 - Updater plugin not ready yet. [2/15]
2024-07-12 18:21:32,055 [INFO] CADModel:165 - CPN selected for project level
2024-07-12 18:21:32,056 [INFO] CADModel:114 - Register for checkConnection events
2024-07-12 18:21:32,056 [FATAL] Updater:308 - Updater called before beeing initialized
2024-07-12 18:21:32,056 [ERROR] CADModel:125 - Updater not yet initialized, retry later 
2024-07-12 18:21:32,276 [INFO] CADModel:165 - CPN selected for project level
2024-07-12 18:21:32,276 [INFO] CADModel:114 - Register for checkConnection events
2024-07-12 18:21:32,277 [FATAL] Updater:308 - Updater called before beeing initialized
2024-07-12 18:21:32,277 [ERROR] CADModel:125 - Updater not yet initialized, retry later 
2024-07-12 18:21:32,282 [FATAL] Updater:308 - Updater called before beeing initialized
2024-07-12 18:21:32,465 [FATAL] Updater:308 - Updater called before beeing initialized
2024-07-12 18:21:32,478 [INFO] DbMcusAds:53 - JSON generation date=Thu May 16 14:52:00 IST 2024 (1715851320667)
2024-07-12 18:21:32,478 [FATAL] Updater:308 - Updater called before beeing initialized
2024-07-12 18:21:32,555 [WARN] DetailPanel:346 - Failed to get advertising image, set to default
2024-07-12 18:21:32,665 [FATAL] Updater:308 - Updater called before beeing initialized
2024-07-12 18:21:32,670 [FATAL] Updater:308 - Updater called before beeing initialized
2024-07-12 18:21:32,671 [FATAL] Updater:308 - Updater called before beeing initialized
2024-07-12 18:21:32,671 [WARN] DetailPanel:346 - Failed to get advertising image, set to default
2024-07-12 18:21:32,673 [FATAL] Updater:308 - Updater called before beeing initialized
2024-07-12 18:21:32,767 [ERROR] Updater:1120 - MainUpdater not yet initialized. External WinMGr cannot be set.
2024-07-12 18:21:32,787 [INFO] Updater:1056 - Updater Version found : 6.11.1
2024-07-12 18:21:32,876 [INFO] ApplicationProperties:184 - Using Application install path: C:\ST\STM32CubeIDE_1.15.1\STM32CubeIDE\plugins\com.st.stm32cube.common.mx_6.11.1.202404110753
2024-07-12 18:21:34,507 [ERROR] LogOutputStream:75 - [STDERR_REDIRECT] Jul 12, 2024 6:21:34 PM java.util.prefs.WindowsPreferences <init>
2024-07-12 18:21:34,510 [ERROR] LogOutputStream:75 - [STDERR_REDIRECT] WARNING: Could not open/create prefs root node Software\JavaSoft\Prefs at root 0xffffffff80000002. Windows RegCreateKeyEx(...) returned error code 5.
2024-07-12 18:21:34,510 [ERROR] LogOutputStream:75 - [STDERR_REDIRECT] 
2024-07-12 18:21:34,922 [FATAL] Updater:308 - Updater called before beeing initialized
2024-07-12 18:21:34,922 [ERROR] IntegrityCheckThread:130 - Cannot retrieve database content from updater: error 21
2024-07-12 18:21:34,923 [INFO] ThirdParty:978 - Integrity check success = false
2024-07-12 18:21:34,923 [INFO] IntegrityCheckThread:100 - exiting critical section [integrity check]
2024-07-12 18:21:34,923 [INFO] IntegrityCheckThread:103 - End integrity checks thread
2024-07-12 18:21:35,107 [INFO] MainUpdater:2873 - connection check result : 10
2024-07-12 18:21:35,108 [INFO] MainUpdater:290 - Updater Check For Update Now.
2024-07-12 18:21:35,108 [INFO] MicroXplorer:498 - Change Database Version : DB.6.0.111
2024-07-12 18:21:35,132 [INFO] McuFinderGlobals:63 - Set McuFinder mode to 2 (CubeIDE integrated)
2024-07-12 18:21:35,148 [INFO] UserAuth:415 - Internet connection configuration mode: 1
2024-07-12 18:21:35,192 [INFO] JxBrowserEngine:152 - Initiate JxBrowser Engine with user profile folder
2024-07-12 18:21:35,383 [INFO] CheckServerUpdateThread:120 - End of CheckServer Thread
2024-07-12 18:21:41,365 [INFO] WebApp:161 - Instantiating new browser for Auth
2024-07-12 18:21:42,533 [INFO] WebApp:779 - Register for checkConnection events
2024-07-12 18:21:42,533 [INFO] WebApp:414 - Apply proxy settings
2024-07-12 18:21:42,534 [INFO] WebApp:499 - Chromium requires no authentication
2024-07-12 18:21:42,544 [INFO] WebApp:442 - Direct internet connection detected
2024-07-12 18:21:42,755 [INFO] WebApp:192 - Starting web application
2024-07-12 18:21:42,755 [INFO] WebApp:544 - Web application path used C:\ST\STM32CubeIDE_1.15.1\STM32CubeIDE\plugins\com.st.stm32cube.common.mx_6.11.1.202404110753\db\plugins\mcufinder\reactClient1\index.html
