2024-07-23 20:09:50,138 [INFO] Activator:176 - 


2024-07-23 20:09:50,145 [INFO] Activator:177 - !SESSION log4j initialized
2024-07-23 20:09:55,431 [INFO] LogOutputStream:77 - [STDOUT_REDIRECT] 
2024-07-23 20:09:55,724 [ERROR] ConfigurationRetriever:142 - IOException on connection: sw-center.st.com
2024-07-23 20:09:55,725 [ERROR] ConfigurationRetriever:142 - IOException on connection: sw-center.st.com
2024-07-23 20:09:55,726 [ERROR] ConfigurationRetriever:142 - IOException on connection: sw-center.st.com
2024-07-23 20:09:55,729 [ERROR] ConfigurationRetriever:142 - IOException on connection: sw-center.st.com
2024-07-23 20:09:55,732 [ERROR] ConfigurationRetriever:142 - IOException on connection: sw-center.st.com
2024-07-23 20:09:55,732 [ERROR] ConfigurationRetriever:142 - IOException on connection: sw-center.st.com
2024-07-23 20:09:56,970 [INFO] ApplicationProperties:184 - Using Application install path: C:\ST\STM32CubeIDE_1.15.1\STM32CubeIDE\plugins\com.st.stm32cube.common.mx_6.11.1.202404110753
2024-07-23 20:09:56,987 [INFO] DbMcusXml:78 - Set database path to: C:\ST\STM32CubeIDE_1.15.1\STM32CubeIDE\plugins\com.st.stm32cube.common.mx_6.11.1.202404110753\\db\/mcu/
2024-07-23 20:09:56,987 [INFO] ApiDb:274 - Set plugin database path to: C:\ST\STM32CubeIDE_1.15.1\STM32CubeIDE\plugins\com.st.stm32cube.common.mx_6.11.1.202404110753\\db\/plugins/boardmanager/
2024-07-23 20:09:56,987 [WARN] ApiDb:259 - Overriding images path with different value:  => C:\ST\STM32CubeIDE_1.15.1\STM32CubeIDE\plugins\com.st.stm32cube.common.mx_6.11.1.202404110753\\db\/plugins/mcufinder/images/
2024-07-23 20:09:56,997 [INFO] ApiDb:250 - Set database path to: C:\Users\suriy\.stmcufinder\plugins\mcufinder//mcu/
2024-07-23 20:09:56,998 [INFO] DbMcusAds:125 - Set database path to: C:\Users\suriy\.stmcufinder\plugins\mcufinder//mcu/
2024-07-23 20:09:56,999 [INFO] CrossReferenceDbSqlite:203 - Set database path to: C:\Users\suriy\.stmcufinder\plugins\mcufinder//mcu/cs/
2024-07-23 20:09:57,120 [INFO] RulesReader:64 - Compatibility file has been processed (297 Rules)
2024-07-23 20:09:57,195 [INFO] DbMcusXml:78 - Set database path to: C:\ST\STM32CubeIDE_1.15.1\STM32CubeIDE\plugins\com.st.stm32cube.common.mx_6.11.1.202404110753\\db\/mcu/
2024-07-23 20:09:57,195 [INFO] ApiDb:274 - Set plugin database path to: C:\ST\STM32CubeIDE_1.15.1\STM32CubeIDE\plugins\com.st.stm32cube.common.mx_6.11.1.202404110753\\db\/plugins/boardmanager/
2024-07-23 20:09:57,195 [INFO] ApiDb:261 - Set plugin images path to: C:\ST\STM32CubeIDE_1.15.1\STM32CubeIDE\plugins\com.st.stm32cube.common.mx_6.11.1.202404110753\\db\/plugins/mcufinder/images/
2024-07-23 20:09:57,196 [WARN] DbFile:41 - Overriding database path with different value: C:\Users\suriy\.stmcufinder\plugins\mcufinder/ => C:\Users\suriy\.stmcufinder\plugins\mcufinder
2024-07-23 20:09:57,196 [INFO] ApiDb:250 - Set database path to: C:\Users\suriy\.stmcufinder\plugins\mcufinder//mcu/
2024-07-23 20:09:57,196 [WARN] DbFile:41 - Overriding database path with different value: C:\Users\suriy\.stmcufinder\plugins\mcufinder/ => C:\Users\suriy\.stmcufinder\plugins\mcufinder
2024-07-23 20:09:57,196 [INFO] DbMcusAds:125 - Set database path to: C:\Users\suriy\.stmcufinder\plugins\mcufinder//mcu/
2024-07-23 20:09:57,196 [WARN] DbFile:41 - Overriding database path with different value: C:\Users\suriy\.stmcufinder\plugins\mcufinder/ => C:\Users\suriy\.stmcufinder\plugins\mcufinder
2024-07-23 20:09:57,196 [WARN] DbFile:41 - Overriding database path with different value: C:\Users\suriy\.stmcufinder\plugins\mcufinder/ => C:\Users\suriy\.stmcufinder\plugins\mcufinder
2024-07-23 20:09:57,196 [INFO] CrossReferenceDbSqlite:203 - Set database path to: C:\Users\suriy\.stmcufinder\plugins\mcufinder//mcu/cs/
2024-07-23 20:09:57,276 [INFO] MainPanel:264 - HeapMemory: 268435456
2024-07-23 20:09:57,363 [INFO] DbMcusXml:78 - Set database path to: C:\ST\STM32CubeIDE_1.15.1\STM32CubeIDE\plugins\com.st.stm32cube.common.mx_6.11.1.202404110753\\db\/mcu/
2024-07-23 20:09:57,364 [INFO] ApiDb:274 - Set plugin database path to: C:\ST\STM32CubeIDE_1.15.1\STM32CubeIDE\plugins\com.st.stm32cube.common.mx_6.11.1.202404110753\\db\/plugins/boardmanager/
2024-07-23 20:09:57,364 [INFO] ApiDb:261 - Set plugin images path to: C:\ST\STM32CubeIDE_1.15.1\STM32CubeIDE\plugins\com.st.stm32cube.common.mx_6.11.1.202404110753\\db\/plugins/mcufinder/images/
2024-07-23 20:09:57,364 [WARN] DbFile:41 - Overriding database path with different value: C:\Users\suriy\.stmcufinder\plugins\mcufinder/ => C:\Users\suriy\.stmcufinder\plugins\mcufinder
2024-07-23 20:09:57,364 [INFO] ApiDb:250 - Set database path to: C:\Users\suriy\.stmcufinder\plugins\mcufinder//mcu/
2024-07-23 20:09:57,364 [WARN] DbFile:41 - Overriding database path with different value: C:\Users\suriy\.stmcufinder\plugins\mcufinder/ => C:\Users\suriy\.stmcufinder\plugins\mcufinder
2024-07-23 20:09:57,364 [INFO] DbMcusAds:125 - Set database path to: C:\Users\suriy\.stmcufinder\plugins\mcufinder//mcu/
2024-07-23 20:09:57,364 [WARN] DbFile:41 - Overriding database path with different value: C:\Users\suriy\.stmcufinder\plugins\mcufinder/ => C:\Users\suriy\.stmcufinder\plugins\mcufinder
2024-07-23 20:09:57,364 [WARN] DbFile:41 - Overriding database path with different value: C:\Users\suriy\.stmcufinder\plugins\mcufinder/ => C:\Users\suriy\.stmcufinder\plugins\mcufinder
2024-07-23 20:09:57,364 [INFO] CrossReferenceDbSqlite:203 - Set database path to: C:\Users\suriy\.stmcufinder\plugins\mcufinder//mcu/cs/
2024-07-23 20:09:57,385 [INFO] ApplicationProperties:184 - Using Application install path: C:\ST\STM32CubeIDE_1.15.1\STM32CubeIDE\plugins\com.st.stm32cube.common.mx_6.11.1.202404110753
2024-07-23 20:09:57,387 [INFO] PluginManage:196 - Search for loadable plugins [exclusion list=, ]
2024-07-23 20:09:57,388 [INFO] PluginManage:310 - Check plugin analytics
2024-07-23 20:09:57,610 [INFO] AnalyticsPlugin:253 - Accepted Software Licenses: 
2024-07-23 20:09:57,610 [INFO] AnalyticsPlugin:255 - Accepted CMSIS Pack Licenses: 
2024-07-23 20:09:57,610 [INFO] AnalyticsPlugin:257 - Accepted Firmware Licenses: FW.F4.1.28.0
2024-07-23 20:09:57,614 [INFO] PluginManage:359 - Loaded plugin analytics (category:tool,tabindex:-1)
2024-07-23 20:09:57,614 [INFO] PluginManage:310 - Check plugin cadmodel
2024-07-23 20:09:57,615 [ERROR] ConfigurationRetriever:142 - IOException on connection: sw-center.st.com
2024-07-23 20:09:57,615 [ERROR] ConfigurationRetriever:142 - IOException on connection: sw-center.st.com
2024-07-23 20:09:57,616 [ERROR] ConfigurationRetriever:142 - IOException on connection: sw-center.st.com
2024-07-23 20:09:57,632 [INFO] CADModel:105 - Init CAD model plugin
2024-07-23 20:09:57,632 [INFO] PluginManage:359 - Loaded plugin cadmodel (category:power,tabindex:5)
2024-07-23 20:09:57,633 [INFO] PluginManage:310 - Check plugin clock
2024-07-23 20:09:57,655 [INFO] PluginManage:359 - Loaded plugin clock (category:base,tabindex:2)
2024-07-23 20:09:57,655 [INFO] PluginManage:310 - Check plugin ddr
2024-07-23 20:09:57,657 [INFO] PluginManage:359 - Loaded plugin ddr (category:tool,tabindex:6)
2024-07-23 20:09:57,658 [INFO] PluginManage:310 - Check plugin filemanager
2024-07-23 20:09:57,793 [INFO] PluginManage:359 - Loaded plugin filemanager (category:base,tabindex:10)
2024-07-23 20:09:57,793 [INFO] PluginManage:310 - Check plugin ipmanager
2024-07-23 20:09:57,800 [INFO] PluginManage:359 - Loaded plugin ipmanager (category:base,tabindex:5)
2024-07-23 20:09:57,801 [INFO] PluginManage:310 - Check plugin lpbam
2024-07-23 20:09:57,818 [INFO] PluginManage:359 - Loaded plugin lpbam (category:base,tabindex:0)
2024-07-23 20:09:57,818 [INFO] PluginManage:310 - Check plugin memorymap
2024-07-23 20:09:57,839 [INFO] PluginManage:359 - Loaded plugin memorymap (category:base,tabindex:4)
2024-07-23 20:09:57,840 [INFO] PluginManage:310 - Check plugin pinoutandconfiguration
2024-07-23 20:09:57,855 [INFO] PluginManage:359 - Loaded plugin pinoutandconfiguration (category:base,tabindex:1)
2024-07-23 20:09:57,856 [INFO] PluginManage:310 - Check plugin pinoutconfig
2024-07-23 20:09:57,953 [WARN] SupportedApi:132 - Cannot load RTOS API schema: s4s-elt-must-match.1: The content of 'definitions' must match (annotation?, (simpleType | complexType)?, (unique | key | keyref)*)). A problem was found starting at: attribute.
2024-07-23 20:09:58,075 [INFO] PluginManage:359 - Loaded plugin pinoutconfig (category:base,tabindex:0)
2024-07-23 20:09:58,075 [INFO] PluginManage:310 - Check plugin power
2024-07-23 20:09:58,093 [INFO] PluginManage:359 - Loaded plugin power (category:power,tabindex:4)
2024-07-23 20:09:58,093 [INFO] PluginManage:310 - Check plugin projectmanager
2024-07-23 20:09:58,107 [INFO] PluginManage:359 - Loaded plugin projectmanager (category:projectmanager,tabindex:3)
2024-07-23 20:09:58,108 [INFO] PluginManage:310 - Check plugin thirdparty
2024-07-23 20:09:58,362 [INFO] PluginManage:359 - Loaded plugin thirdparty (category:base,tabindex:-1)
2024-07-23 20:09:58,362 [WARN] IntegrityCheckThread:84 - waiting for thirdparty lock release [integrity check]
2024-07-23 20:09:58,362 [INFO] PluginManage:310 - Check plugin tools
2024-07-23 20:09:58,362 [INFO] IntegrityCheckThread:86 - entering critical section [integrity check]
2024-07-23 20:09:58,363 [INFO] ThirdPartyUpdaterWithRetryManager:70 - Updater plugin not ready yet. [1/15]
2024-07-23 20:09:58,394 [INFO] PluginManage:359 - Loaded plugin tools (category:base,tabindex:7)
2024-07-23 20:09:58,394 [INFO] PluginManage:310 - Check plugin tutovideos
2024-07-23 20:09:58,563 [INFO] PluginManage:359 - Loaded plugin tutovideos (category:base,tabindex:-1)
2024-07-23 20:09:58,563 [INFO] PluginManage:310 - Check plugin updater
2024-07-23 20:09:58,576 [INFO] PluginManage:359 - Loaded plugin updater (category:base,tabindex:12)
2024-07-23 20:09:58,577 [INFO] PluginManage:310 - Check plugin userauth
2024-07-23 20:09:58,582 [INFO] UserAuth:114 - Init User Auth plugin
2024-07-23 20:09:58,582 [INFO] PluginManage:359 - Loaded plugin userauth (category:base,tabindex:14)
2024-07-23 20:09:58,582 [INFO] PluginManage:283 - PluginManage : Loaded plugins [17]
2024-07-23 20:09:58,780 [INFO] PinOutPanel:1561 - setPackage(No Configuration,No Configuration)
2024-07-23 20:09:58,851 [INFO] CADModel:165 - CPN selected for project level
2024-07-23 20:09:58,851 [INFO] CADModel:114 - Register for checkConnection events
2024-07-23 20:09:58,875 [INFO] IPUIPlugin:80 - create IPUIPlugin
2024-07-23 20:09:58,875 [INFO] PluginManager:220 - loadIPPluginJar : add adc
2024-07-23 20:09:58,908 [INFO] IPUIPlugin:80 - create IPUIPlugin
2024-07-23 20:09:58,908 [INFO] PluginManager:220 - loadIPPluginJar : add aes
2024-07-23 20:09:58,948 [INFO] IPUIPlugin:80 - create IPUIPlugin
2024-07-23 20:09:58,948 [INFO] PluginManager:220 - loadIPPluginJar : add can
2024-07-23 20:09:58,969 [INFO] IPUIPlugin:80 - create IPUIPlugin
2024-07-23 20:09:58,969 [INFO] PluginManager:220 - loadIPPluginJar : add comp
2024-07-23 20:09:59,000 [INFO] IPUIPlugin:80 - create IPUIPlugin
2024-07-23 20:09:59,001 [INFO] PluginManager:220 - loadIPPluginJar : add cryp
2024-07-23 20:09:59,027 [INFO] IPUIPlugin:80 - create IPUIPlugin
2024-07-23 20:09:59,027 [INFO] PluginManager:220 - loadIPPluginJar : add dfsdm
2024-07-23 20:09:59,039 [INFO] IPUIPlugin:80 - create IPUIPlugin
2024-07-23 20:09:59,040 [INFO] PluginManager:220 - loadIPPluginJar : add dma
2024-07-23 20:09:59,083 [INFO] IPUIPlugin:80 - create IPUIPlugin
2024-07-23 20:09:59,083 [INFO] PluginManager:220 - loadIPPluginJar : add dma3
2024-07-23 20:09:59,123 [INFO] IPUIPlugin:80 - create IPUIPlugin
2024-07-23 20:09:59,123 [INFO] PluginManager:220 - loadIPPluginJar : add extmemmanager
2024-07-23 20:09:59,142 [INFO] IPUIPlugin:80 - create IPUIPlugin
2024-07-23 20:09:59,142 [INFO] PluginManager:220 - loadIPPluginJar : add fatfs
2024-07-23 20:09:59,185 [INFO] IPUIPlugin:80 - create IPUIPlugin
2024-07-23 20:09:59,186 [INFO] PluginManager:220 - loadIPPluginJar : add fmc
2024-07-23 20:09:59,201 [INFO] IPUIPlugin:80 - create IPUIPlugin
2024-07-23 20:09:59,201 [INFO] PluginManager:220 - loadIPPluginJar : add freertos
2024-07-23 20:09:59,221 [INFO] IPUIPlugin:80 - create IPUIPlugin
2024-07-23 20:09:59,221 [INFO] PluginManager:220 - loadIPPluginJar : add genericplugin
2024-07-23 20:09:59,304 [INFO] IPUIPlugin:80 - create IPUIPlugin
2024-07-23 20:09:59,305 [INFO] PluginManager:220 - loadIPPluginJar : add gfxmmu
2024-07-23 20:09:59,416 [INFO] IPUIPlugin:80 - create IPUIPlugin
2024-07-23 20:09:59,416 [INFO] PluginManager:220 - loadIPPluginJar : add gic
2024-07-23 20:09:59,430 [INFO] IPUIPlugin:80 - create IPUIPlugin
2024-07-23 20:09:59,430 [INFO] PluginManager:220 - loadIPPluginJar : add gpio
2024-07-23 20:09:59,526 [INFO] IPUIPlugin:80 - create IPUIPlugin
2024-07-23 20:09:59,526 [INFO] PluginManager:220 - loadIPPluginJar : add gtzc
2024-07-23 20:09:59,558 [INFO] IPUIPlugin:80 - create IPUIPlugin
2024-07-23 20:09:59,558 [INFO] PluginManager:220 - loadIPPluginJar : add hash
2024-07-23 20:09:59,605 [INFO] IPUIPlugin:80 - create IPUIPlugin
2024-07-23 20:09:59,605 [INFO] PluginManager:220 - loadIPPluginJar : add i2c
2024-07-23 20:09:59,640 [INFO] IPUIPlugin:80 - create IPUIPlugin
2024-07-23 20:09:59,640 [INFO] PluginManager:220 - loadIPPluginJar : add i2s
2024-07-23 20:09:59,677 [INFO] IPUIPlugin:80 - create IPUIPlugin
2024-07-23 20:09:59,677 [INFO] PluginManager:220 - loadIPPluginJar : add i3c
2024-07-23 20:09:59,767 [INFO] IPUIPlugin:80 - create IPUIPlugin
2024-07-23 20:09:59,768 [INFO] PluginManager:220 - loadIPPluginJar : add ipddr
2024-07-23 20:09:59,854 [INFO] IPUIPlugin:80 - create IPUIPlugin
2024-07-23 20:09:59,854 [INFO] PluginManager:220 - loadIPPluginJar : add linkedlist
2024-07-23 20:09:59,888 [INFO] IPUIPlugin:80 - create IPUIPlugin
2024-07-23 20:09:59,888 [INFO] PluginManager:220 - loadIPPluginJar : add lorawan
2024-07-23 20:09:59,923 [INFO] IPUIPlugin:80 - create IPUIPlugin
2024-07-23 20:09:59,924 [INFO] PluginManager:220 - loadIPPluginJar : add ltdc
2024-07-23 20:09:59,937 [INFO] IPUIPlugin:80 - create IPUIPlugin
2024-07-23 20:09:59,937 [INFO] PluginManager:220 - loadIPPluginJar : add mdma
2024-07-23 20:09:59,948 [INFO] IPUIPlugin:80 - create IPUIPlugin
2024-07-23 20:09:59,949 [INFO] PluginManager:220 - loadIPPluginJar : add nvic
2024-07-23 20:09:59,981 [INFO] IPUIPlugin:80 - create IPUIPlugin
2024-07-23 20:09:59,981 [INFO] PluginManager:220 - loadIPPluginJar : add opamp
2024-07-23 20:10:00,043 [INFO] IPUIPlugin:80 - create IPUIPlugin
2024-07-23 20:10:00,043 [INFO] PluginManager:220 - loadIPPluginJar : add openamp
2024-07-23 20:10:00,081 [INFO] IPUIPlugin:80 - create IPUIPlugin
2024-07-23 20:10:00,081 [INFO] PluginManager:220 - loadIPPluginJar : add pdm2pcm
2024-07-23 20:10:00,095 [INFO] IPUIPlugin:80 - create IPUIPlugin
2024-07-23 20:10:00,097 [INFO] PluginManager:220 - loadIPPluginJar : add plateformsettings
2024-07-23 20:10:00,121 [INFO] IPUIPlugin:80 - create IPUIPlugin
2024-07-23 20:10:00,122 [INFO] PluginManager:220 - loadIPPluginJar : add quadspi
2024-07-23 20:10:00,135 [INFO] IPUIPlugin:80 - create IPUIPlugin
2024-07-23 20:10:00,135 [INFO] PluginManager:220 - loadIPPluginJar : add resmgrutility
2024-07-23 20:10:00,179 [INFO] IPUIPlugin:80 - create IPUIPlugin
2024-07-23 20:10:00,179 [INFO] PluginManager:220 - loadIPPluginJar : add sai
2024-07-23 20:10:00,217 [INFO] IPUIPlugin:80 - create IPUIPlugin
2024-07-23 20:10:00,218 [INFO] PluginManager:220 - loadIPPluginJar : add spi
2024-07-23 20:10:00,281 [INFO] IPUIPlugin:80 - create IPUIPlugin
2024-07-23 20:10:00,282 [INFO] PluginManager:220 - loadIPPluginJar : add stm32_wpan
2024-07-23 20:10:00,307 [INFO] IPUIPlugin:80 - create IPUIPlugin
2024-07-23 20:10:00,307 [INFO] PluginManager:220 - loadIPPluginJar : add tim
2024-07-23 20:10:00,359 [INFO] IPUIPlugin:80 - create IPUIPlugin
2024-07-23 20:10:00,359 [INFO] PluginManager:220 - loadIPPluginJar : add touchsensing
2024-07-23 20:10:00,382 [INFO] IPUIPlugin:80 - create IPUIPlugin
2024-07-23 20:10:00,382 [INFO] PluginManager:220 - loadIPPluginJar : add tracer_emb
2024-07-23 20:10:00,405 [INFO] IPUIPlugin:80 - create IPUIPlugin
2024-07-23 20:10:00,405 [INFO] PluginManager:220 - loadIPPluginJar : add ts
2024-07-23 20:10:00,436 [INFO] IPUIPlugin:80 - create IPUIPlugin
2024-07-23 20:10:00,436 [INFO] PluginManager:220 - loadIPPluginJar : add tsc
2024-07-23 20:10:00,458 [INFO] IPUIPlugin:80 - create IPUIPlugin
2024-07-23 20:10:00,458 [INFO] PluginManager:220 - loadIPPluginJar : add ucpd
2024-07-23 20:10:00,494 [INFO] IPUIPlugin:80 - create IPUIPlugin
2024-07-23 20:10:00,495 [INFO] PluginManager:220 - loadIPPluginJar : add usart
2024-07-23 20:10:00,533 [INFO] IPUIPlugin:80 - create IPUIPlugin
2024-07-23 20:10:00,534 [INFO] PluginManager:220 - loadIPPluginJar : add usbx
2024-07-23 20:10:00,664 [INFO] CADModel:165 - CPN selected for project level
2024-07-23 20:10:00,664 [INFO] CADModel:114 - Register for checkConnection events
2024-07-23 20:10:00,665 [FATAL] Updater:308 - Updater called before beeing initialized
2024-07-23 20:10:00,665 [ERROR] CADModel:125 - Updater not yet initialized, retry later 
2024-07-23 20:10:00,807 [INFO] CADModel:165 - CPN selected for project level
2024-07-23 20:10:00,807 [INFO] CADModel:114 - Register for checkConnection events
2024-07-23 20:10:00,807 [FATAL] Updater:308 - Updater called before beeing initialized
2024-07-23 20:10:00,807 [ERROR] CADModel:125 - Updater not yet initialized, retry later 
2024-07-23 20:10:00,811 [FATAL] Updater:308 - Updater called before beeing initialized
2024-07-23 20:10:00,928 [FATAL] Updater:308 - Updater called before beeing initialized
2024-07-23 20:10:00,938 [INFO] DbMcusAds:53 - JSON generation date=Thu May 16 14:52:00 IST 2024 (1715851320667)
2024-07-23 20:10:00,938 [FATAL] Updater:308 - Updater called before beeing initialized
2024-07-23 20:10:01,032 [WARN] DetailPanel:346 - Failed to get advertising image, set to default
2024-07-23 20:10:01,114 [FATAL] Updater:308 - Updater called before beeing initialized
2024-07-23 20:10:01,116 [FATAL] Updater:308 - Updater called before beeing initialized
2024-07-23 20:10:01,116 [FATAL] Updater:308 - Updater called before beeing initialized
2024-07-23 20:10:01,116 [WARN] DetailPanel:346 - Failed to get advertising image, set to default
2024-07-23 20:10:01,117 [FATAL] Updater:308 - Updater called before beeing initialized
2024-07-23 20:10:01,185 [ERROR] Updater:1120 - MainUpdater not yet initialized. External WinMGr cannot be set.
2024-07-23 20:10:01,199 [INFO] Updater:1056 - Updater Version found : 6.11.1
2024-07-23 20:10:01,221 [INFO] ApplicationProperties:184 - Using Application install path: C:\ST\STM32CubeIDE_1.15.1\STM32CubeIDE\plugins\com.st.stm32cube.common.mx_6.11.1.202404110753
2024-07-23 20:10:01,365 [INFO] ThirdPartyUpdaterWithRetryManager:70 - Updater plugin not ready yet. [2/15]
2024-07-23 20:10:02,822 [ERROR] LogOutputStream:75 - [STDERR_REDIRECT] Jul 23, 2024 8:10:02 PM java.util.prefs.WindowsPreferences <init>
2024-07-23 20:10:02,823 [ERROR] LogOutputStream:75 - [STDERR_REDIRECT] WARNING: Could not open/create prefs root node Software\JavaSoft\Prefs at root 0xffffffff80000002. Windows RegCreateKeyEx(...) returned error code 5.
2024-07-23 20:10:02,823 [ERROR] LogOutputStream:75 - [STDERR_REDIRECT] 
2024-07-23 20:10:03,024 [INFO] MainUpdater:2873 - connection check result : 22
2024-07-23 20:10:03,024 [INFO] MainUpdater:290 - Updater Check For Update Now.
2024-07-23 20:10:03,025 [INFO] MicroXplorer:498 - Change Database Version : DB.6.0.111
2024-07-23 20:10:03,048 [INFO] McuFinderGlobals:63 - Set McuFinder mode to 2 (CubeIDE integrated)
2024-07-23 20:10:03,065 [INFO] UserAuth:415 - Internet connection configuration mode: 2
2024-07-23 20:10:03,234 [INFO] CheckServerUpdateThread:120 - End of CheckServer Thread
2024-07-23 20:10:04,554 [WARN] PackLoader:240 - Cannot read IP mode file for STMicroelectronics.FP-SNS-MOTENVWB1.1.4.0
2024-07-23 20:10:04,574 [WARN] PackLoader:240 - Cannot read IP mode file for STMicroelectronics.X-CUBE-SMBUS.2.1.0
2024-07-23 20:10:04,586 [WARN] PackLoader:240 - Cannot read IP mode file for STMicroelectronics.X-CUBE-TOUCHGFX.4.23.2
2024-07-23 20:10:04,632 [WARN] PackLoader:240 - Cannot read IP mode file for STMicroelectronics.X-CUBE-AZRTOS-F7.1.1.0
2024-07-23 20:10:04,649 [WARN] PackLoader:240 - Cannot read IP mode file for STMicroelectronics.FP-SNS-FLIGHT1.5.0.2
2024-07-23 20:10:04,667 [WARN] PackLoader:240 - Cannot read IP mode file for STMicroelectronics.X-CUBE-DISPLAY.3.0.0
2024-07-23 20:10:04,691 [WARN] PackLoader:240 - Cannot read IP mode file for STMicroelectronics.X-CUBE-BLE1.7.0.0
2024-07-23 20:10:04,707 [WARN] PackLoader:240 - Cannot read IP mode file for emotas.I-CUBE-CANOPEN.1.3.0
2024-07-23 20:10:04,728 [WARN] PackLoader:240 - Cannot read IP mode file for STMicroelectronics.X-CUBE-BLEMGR.3.1.0
2024-07-23 20:10:04,744 [WARN] PackLoader:240 - Cannot read IP mode file for STMicroelectronics.FP-SNS-SMARTAG2.1.2.0
2024-07-23 20:10:04,764 [INFO] LogOutputStream:77 - [STDOUT_REDIRECT] 1 : Invalid condition id : UX_CORESTACK_Condition cause : null
2024-07-23 20:10:04,765 [INFO] LogOutputStream:77 - [STDOUT_REDIRECT] 1 : Invalid condition id : UX_CORESTACK_Condition cause : null
2024-07-23 20:10:04,766 [INFO] LogOutputStream:77 - [STDOUT_REDIRECT] 1 : Invalid condition id : UX_CORESTACK_Condition cause : null
2024-07-23 20:10:04,767 [INFO] LogOutputStream:77 - [STDOUT_REDIRECT] 1 : Invalid condition id : UX_CORESTACK_Condition cause : null
2024-07-23 20:10:04,768 [INFO] LogOutputStream:77 - [STDOUT_REDIRECT] 1 : Invalid condition id : UX_CORESTACK_Condition cause : null
2024-07-23 20:10:04,771 [WARN] PackLoader:240 - Cannot read IP mode file for STMicroelectronics.X-CUBE-AZRTOS-WL.2.0.0
2024-07-23 20:10:04,786 [WARN] PackLoader:240 - Cannot read IP mode file for STMicroelectronics.FP-SNS-MOTENV1.5.0.0
2024-07-23 20:10:04,800 [WARN] PackLoader:240 - Cannot read IP mode file for wolfSSL.I-CUBE-wolfMQTT.1.19.0
2024-07-23 20:10:04,814 [WARN] PackLoader:240 - Cannot read IP mode file for WES.I-CUBE-Cesium.1.3.0
2024-07-23 20:10:04,826 [WARN] PackLoader:240 - Cannot read IP mode file for STMicroelectronics.X-CUBE-BLE2.3.3.0
2024-07-23 20:10:04,837 [WARN] PackLoader:240 - Cannot read IP mode file for STMicroelectronics.X-CUBE-TCPP.4.1.0
2024-07-23 20:10:04,866 [WARN] PackLoader:240 - Cannot read IP mode file for STMicroelectronics.X-CUBE-AZRTOS-G0.1.1.0
2024-07-23 20:10:04,888 [WARN] PackLoader:240 - Cannot read IP mode file for STMicroelectronics.X-CUBE-SAFEA1.1.2.2
2024-07-23 20:10:04,905 [WARN] PackLoader:240 - Cannot read IP mode file for STMicroelectronics.X-CUBE-NFC4.3.0.0
2024-07-23 20:10:04,925 [WARN] PackLoader:240 - Cannot read IP mode file for EmbeddedOffice.I-CUBE-FS-RTOS.1.0.1
2024-07-23 20:10:04,926 [ERROR] ConditionMgr:805 - Attr not supported : Dmpu
2024-07-23 20:10:04,926 [ERROR] ConditionMgr:805 - Attr not supported : Dmpu
2024-07-23 20:10:04,926 [ERROR] ConditionMgr:805 - Attr not supported : Dmpu
2024-07-23 20:10:04,926 [ERROR] ConditionMgr:805 - Attr not supported : Dmpu
2024-07-23 20:10:04,926 [ERROR] ConditionMgr:805 - Attr not supported : Dmpu
2024-07-23 20:10:04,926 [ERROR] ConditionMgr:805 - Attr not supported : Dmpu
2024-07-23 20:10:04,926 [ERROR] ConditionMgr:805 - Attr not supported : Dmpu
2024-07-23 20:10:04,926 [ERROR] ConditionMgr:805 - Attr not supported : Dmpu
2024-07-23 20:10:04,926 [ERROR] ConditionMgr:805 - Attr not supported : Dmpu
2024-07-23 20:10:04,926 [ERROR] ConditionMgr:805 - Attr not supported : Dmpu
2024-07-23 20:10:04,926 [ERROR] ConditionMgr:805 - Attr not supported : Dmpu
2024-07-23 20:10:04,926 [ERROR] ConditionMgr:805 - Attr not supported : Dmpu
2024-07-23 20:10:04,927 [ERROR] ConditionMgr:805 - Attr not supported : Dmpu
2024-07-23 20:10:04,927 [ERROR] ConditionMgr:805 - Attr not supported : Dmpu
2024-07-23 20:10:04,927 [ERROR] ConditionMgr:805 - Attr not supported : Dmpu
2024-07-23 20:10:04,927 [ERROR] ConditionMgr:805 - Attr not supported : Dmpu
2024-07-23 20:10:04,927 [ERROR] ConditionMgr:805 - Attr not supported : Dmpu
2024-07-23 20:10:04,927 [ERROR] ConditionMgr:805 - Attr not supported : Dmpu
2024-07-23 20:10:04,927 [ERROR] ConditionMgr:805 - Attr not supported : Dmpu
2024-07-23 20:10:04,927 [ERROR] ConditionMgr:805 - Attr not supported : Dmpu
2024-07-23 20:10:04,927 [ERROR] ConditionMgr:805 - Attr not supported : Dmpu
2024-07-23 20:10:04,927 [ERROR] ConditionMgr:805 - Attr not supported : Dmpu
2024-07-23 20:10:04,927 [ERROR] ConditionMgr:805 - Attr not supported : Dmpu
2024-07-23 20:10:04,927 [ERROR] ConditionMgr:805 - Attr not supported : Dmpu
2024-07-23 20:10:04,927 [ERROR] ConditionMgr:805 - Attr not supported : Dmpu
2024-07-23 20:10:04,927 [ERROR] ConditionMgr:805 - Attr not supported : Dmpu
2024-07-23 20:10:04,928 [ERROR] ConditionMgr:805 - Attr not supported : Dmpu
2024-07-23 20:10:04,928 [ERROR] ConditionMgr:805 - Attr not supported : Dmpu
2024-07-23 20:10:04,928 [ERROR] ConditionMgr:805 - Attr not supported : Dmpu
2024-07-23 20:10:04,928 [ERROR] ConditionMgr:805 - Attr not supported : Dmpu
2024-07-23 20:10:04,928 [ERROR] ConditionMgr:805 - Attr not supported : Dmpu
2024-07-23 20:10:04,928 [ERROR] ConditionMgr:805 - Attr not supported : Dmpu
2024-07-23 20:10:04,928 [ERROR] ConditionMgr:805 - Attr not supported : Dmpu
2024-07-23 20:10:04,928 [ERROR] ConditionMgr:805 - Attr not supported : Dmpu
2024-07-23 20:10:04,928 [ERROR] ConditionMgr:805 - Attr not supported : Dmpu
2024-07-23 20:10:04,928 [ERROR] ConditionMgr:805 - Attr not supported : Dmpu
2024-07-23 20:10:04,928 [ERROR] ConditionMgr:805 - Attr not supported : Dmpu
2024-07-23 20:10:04,928 [ERROR] ConditionMgr:805 - Attr not supported : Dmpu
2024-07-23 20:10:04,928 [ERROR] ConditionMgr:805 - Attr not supported : Dmpu
2024-07-23 20:10:04,928 [ERROR] ConditionMgr:805 - Attr not supported : Dmpu
2024-07-23 20:10:04,928 [ERROR] ConditionMgr:805 - Attr not supported : Dmpu
2024-07-23 20:10:04,929 [ERROR] ConditionMgr:805 - Attr not supported : Dmpu
2024-07-23 20:10:04,929 [ERROR] ConditionMgr:805 - Attr not supported : Dmpu
2024-07-23 20:10:04,929 [ERROR] ConditionMgr:805 - Attr not supported : Dmpu
2024-07-23 20:10:04,929 [ERROR] ConditionMgr:805 - Attr not supported : Dmpu
2024-07-23 20:10:04,929 [ERROR] ConditionMgr:805 - Attr not supported : Dmpu
2024-07-23 20:10:04,929 [ERROR] ConditionMgr:805 - Attr not supported : Dmpu
2024-07-23 20:10:04,929 [ERROR] ConditionMgr:805 - Attr not supported : Dmpu
2024-07-23 20:10:04,929 [ERROR] ConditionMgr:805 - Attr not supported : Dmpu
2024-07-23 20:10:04,929 [ERROR] ConditionMgr:805 - Attr not supported : Dmpu
2024-07-23 20:10:04,929 [ERROR] ConditionMgr:805 - Attr not supported : Dmpu
2024-07-23 20:10:04,929 [ERROR] ConditionMgr:805 - Attr not supported : Dmpu
2024-07-23 20:10:04,929 [ERROR] ConditionMgr:805 - Attr not supported : Dmpu
2024-07-23 20:10:04,929 [ERROR] ConditionMgr:805 - Attr not supported : Dmpu
2024-07-23 20:10:04,929 [ERROR] ConditionMgr:805 - Attr not supported : Dmpu
2024-07-23 20:10:04,929 [ERROR] ConditionMgr:805 - Attr not supported : Dmpu
2024-07-23 20:10:04,929 [ERROR] ConditionMgr:805 - Attr not supported : Dmpu
2024-07-23 20:10:04,930 [ERROR] ConditionMgr:805 - Attr not supported : Dmpu
2024-07-23 20:10:04,930 [ERROR] ConditionMgr:805 - Attr not supported : Dmpu
2024-07-23 20:10:04,930 [ERROR] ConditionMgr:805 - Attr not supported : Dmpu
2024-07-23 20:10:04,930 [ERROR] ConditionMgr:805 - Attr not supported : Dmpu
2024-07-23 20:10:04,930 [ERROR] ConditionMgr:805 - Attr not supported : Dmpu
2024-07-23 20:10:04,930 [ERROR] ConditionMgr:805 - Attr not supported : Dmpu
2024-07-23 20:10:04,930 [ERROR] ConditionMgr:805 - Attr not supported : Dmpu
2024-07-23 20:10:04,947 [WARN] PackLoader:240 - Cannot read IP mode file for RealThread.X-CUBE-RT-Thread_Nano.4.1.1
2024-07-23 20:10:04,962 [WARN] PackLoader:240 - Cannot read IP mode file for wolfSSL.I-CUBE-wolfSSL.5.7.0
2024-07-23 20:10:04,974 [WARN] PackLoader:240 - Cannot read IP mode file for STMicroelectronics.FP-ATR-SIGFOX1.3.2.0
2024-07-23 20:10:04,992 [WARN] PackLoader:240 - Cannot read IP mode file for STMicroelectronics.X-CUBE-EEPRMA1.5.1.0
2024-07-23 20:10:05,011 [WARN] PackLoader:240 - Cannot read IP mode file for ITTIA_DB.I-CUBE-ITTIADB.8.9.0
2024-07-23 20:10:05,062 [WARN] PackLoader:240 - Cannot read IP mode file for SEGGER.I-CUBE-embOS.1.3.1
2024-07-23 20:10:05,123 [WARN] PackLoader:240 - Cannot read IP mode file for STMicroelectronics.X-CUBE-ALGOBUILD.1.4.0
2024-07-23 20:10:05,159 [WARN] PackLoader:240 - Cannot read IP mode file for STMicroelectronics.X-CUBE-GNSS1.6.0.0
2024-07-23 20:10:05,199 [WARN] PackLoader:240 - Cannot read IP mode file for STMicroelectronics.X-CUBE-AZRTOS-F4.1.1.0
2024-07-23 20:10:05,216 [WARN] PackLoader:240 - Cannot read IP mode file for STMicroelectronics.X-CUBE-FREERTOS.1.2.0
2024-07-23 20:10:05,254 [WARN] PackLoader:240 - Cannot read IP mode file for STMicroelectronics.X-CUBE-AZRTOS-L5.2.0.0
2024-07-23 20:10:05,278 [WARN] PackLoader:240 - Cannot read IP mode file for STMicroelectronics.X-CUBE-NFC6.3.1.0
2024-07-23 20:10:05,296 [WARN] PackLoader:240 - Cannot read IP mode file for STMicroelectronics.X-CUBE-DPower.1.2.0
2024-07-23 20:10:05,313 [WARN] PackLoader:240 - Cannot read IP mode file for STMicroelectronics.X-CUBE-AI.9.0.0
2024-07-23 20:10:05,331 [WARN] PackLoader:240 - Cannot read IP mode file for STMicroelectronics.X-CUBE-NFC7.1.0.1
2024-07-23 20:10:05,348 [WARN] PackLoader:240 - Cannot read IP mode file for wolfSSL.I-CUBE-wolfTPM.3.2.0
2024-07-23 20:10:05,377 [WARN] ConditionMgr:438 - getConditionDescription Invalid condition id : LAN8742 Phy interface Condition cause : null
2024-07-23 20:10:05,378 [WARN] PackLoader:240 - Cannot read IP mode file for STMicroelectronics.X-CUBE-AZRTOS-L4.2.0.0
2024-07-23 20:10:05,380 [WARN] ConditionMgr:1039 - genDependencies : Invalid condition id : LAN8742 Phy interface Condition cause : null
2024-07-23 20:10:05,380 [WARN] ConditionMgr:1039 - genDependencies : Invalid condition id : LAN8742 Phy interface Condition cause : null
2024-07-23 20:10:05,381 [WARN] ConditionMgr:1039 - genDependencies : Invalid condition id : LAN8742 Phy interface Condition cause : null
2024-07-23 20:10:05,402 [WARN] PackLoader:240 - Cannot read IP mode file for STMicroelectronics.X-CUBE-SFXS2LP1.4.0.0
2024-07-23 20:10:05,432 [WARN] ConditionMgr:438 - getConditionDescription Invalid condition id : UX DEVICE CLASS RTOS Condition cause : null
2024-07-23 20:10:05,433 [WARN] ConditionMgr:438 - getConditionDescription Invalid condition id : UX DEVICE CLASS RTOS Condition cause : null
2024-07-23 20:10:05,435 [WARN] PackLoader:240 - Cannot read IP mode file for STMicroelectronics.X-CUBE-AZRTOS-WB.2.0.0
2024-07-23 20:10:05,435 [WARN] ConditionMgr:1039 - genDependencies : Invalid condition id : UX DEVICE CLASS RTOS Condition cause : null
2024-07-23 20:10:05,436 [WARN] ConditionMgr:1039 - genDependencies : Invalid condition id : UX DEVICE CLASS RTOS Condition cause : null
2024-07-23 20:10:05,436 [WARN] ConditionMgr:1039 - genDependencies : Invalid condition id : UX DEVICE CLASS RTOS Condition cause : null
2024-07-23 20:10:05,436 [WARN] ConditionMgr:1039 - genDependencies : Invalid condition id : UX DEVICE CLASS RTOS Condition cause : null
2024-07-23 20:10:05,436 [WARN] ConditionMgr:1039 - genDependencies : Invalid condition id : UX DEVICE CLASS RTOS Condition cause : null
2024-07-23 20:10:05,456 [WARN] PackLoader:240 - Cannot read IP mode file for STMicroelectronics.FP-SNS-STBOX1.2.0.0
2024-07-23 20:10:05,482 [WARN] PackLoader:240 - Cannot read IP mode file for STMicroelectronics.X-CUBE-SUBG2.5.0.0
2024-07-23 20:10:05,497 [WARN] PackLoader:240 - Cannot read IP mode file for Cesanta.I-CUBE-Mongoose.7.13.0
2024-07-23 20:10:05,522 [WARN] PackLoader:240 - Cannot read IP mode file for STMicroelectronics.X-CUBE-AZRTOS-G4.2.0.0
2024-07-23 20:10:05,536 [WARN] PackLoader:240 - Cannot read IP mode file for STMicroelectronics.X-CUBE-ISPU.2.0.0
2024-07-23 20:10:05,550 [WARN] PackLoader:240 - Cannot read IP mode file for STMicroelectronics.X-CUBE-ALS.1.0.2
2024-07-23 20:10:05,606 [WARN] PackLoader:240 - Cannot read IP mode file for STMicroelectronics.X-CUBE-MEMS1.10.0.0
2024-07-23 20:10:05,677 [WARN] PackLoader:240 - Cannot read IP mode file for STMicroelectronics.X-CUBE-TOUCHGFX.4.24.0
2024-07-23 20:10:05,692 [WARN] PackLoader:240 - Cannot read IP mode file for portGmbH.I-Cube-SoM-uGOAL.1.1.0
2024-07-23 20:10:05,727 [WARN] PackLoader:240 - Cannot read IP mode file for STMicroelectronics.X-CUBE-AZRTOS-H7RS.1.0.0
2024-07-23 20:10:05,742 [WARN] PackLoader:240 - Cannot read IP mode file for STMicroelectronics.FP-ATR-ASTRA1.2.0.0
2024-07-23 20:10:05,765 [WARN] PackLoader:240 - Cannot read IP mode file for STMicroelectronics.X-CUBE-TOF1.3.4.1
2024-07-23 20:10:05,803 [WARN] PackLoader:240 - Cannot read IP mode file for STMicroelectronics.X-CUBE-AZRTOS-H7.3.2.0
2024-07-23 20:10:05,839 [WARN] PackLoader:240 - Cannot read IP mode file for Infineon.AIROC-Wi-Fi-Bluetooth-STM32.1.6.0
2024-07-23 20:10:05,858 [WARN] PackLoader:240 - Cannot read IP mode file for wolfSSL.I-CUBE-wolfSSH.1.4.17
2024-07-23 20:10:05,859 [INFO] ThirdParty:978 - Integrity check success = true
2024-07-23 20:10:05,860 [INFO] IntegrityCheckThread:100 - exiting critical section [integrity check]
2024-07-23 20:10:05,860 [INFO] IntegrityCheckThread:103 - End integrity checks thread
