2024-07-17 12:08:06,749 [INFO] Activator:176 - 


2024-07-17 12:08:06,760 [INFO] Activator:177 - !SESSION log4j initialized
2024-07-17 12:08:13,986 [INFO] LogOutputStream:77 - [STDOUT_REDIRECT] 
2024-07-17 12:08:14,395 [ERROR] ConfigurationRetriever:142 - IOException on connection: sw-center.st.com
2024-07-17 12:08:14,397 [ERROR] ConfigurationRetriever:142 - IOException on connection: sw-center.st.com
2024-07-17 12:08:14,398 [ERROR] ConfigurationRetriever:142 - IOException on connection: sw-center.st.com
2024-07-17 12:08:14,403 [ERROR] ConfigurationRetriever:142 - IOException on connection: sw-center.st.com
2024-07-17 12:08:14,405 [ERROR] ConfigurationRetriever:142 - IOException on connection: sw-center.st.com
2024-07-17 12:08:14,406 [ERROR] ConfigurationRetriever:142 - IOException on connection: sw-center.st.com
2024-07-17 12:08:15,696 [INFO] ApplicationProperties:184 - Using Application install path: C:\ST\STM32CubeIDE_1.15.1\STM32CubeIDE\plugins\com.st.stm32cube.common.mx_6.11.1.202404110753
2024-07-17 12:08:15,737 [INFO] DbMcusXml:78 - Set database path to: C:\ST\STM32CubeIDE_1.15.1\STM32CubeIDE\plugins\com.st.stm32cube.common.mx_6.11.1.202404110753\\db\/mcu/
2024-07-17 12:08:15,737 [INFO] ApiDb:274 - Set plugin database path to: C:\ST\STM32CubeIDE_1.15.1\STM32CubeIDE\plugins\com.st.stm32cube.common.mx_6.11.1.202404110753\\db\/plugins/boardmanager/
2024-07-17 12:08:15,738 [WARN] ApiDb:259 - Overriding images path with different value:  => C:\ST\STM32CubeIDE_1.15.1\STM32CubeIDE\plugins\com.st.stm32cube.common.mx_6.11.1.202404110753\\db\/plugins/mcufinder/images/
2024-07-17 12:08:15,757 [INFO] ApiDb:250 - Set database path to: C:\Users\suriy\.stmcufinder\plugins\mcufinder//mcu/
2024-07-17 12:08:15,760 [INFO] DbMcusAds:125 - Set database path to: C:\Users\suriy\.stmcufinder\plugins\mcufinder//mcu/
2024-07-17 12:08:15,764 [INFO] CrossReferenceDbSqlite:203 - Set database path to: C:\Users\suriy\.stmcufinder\plugins\mcufinder//mcu/cs/
2024-07-17 12:08:15,972 [INFO] RulesReader:64 - Compatibility file has been processed (297 Rules)
2024-07-17 12:08:16,143 [INFO] DbMcusXml:78 - Set database path to: C:\ST\STM32CubeIDE_1.15.1\STM32CubeIDE\plugins\com.st.stm32cube.common.mx_6.11.1.202404110753\\db\/mcu/
2024-07-17 12:08:16,143 [INFO] ApiDb:274 - Set plugin database path to: C:\ST\STM32CubeIDE_1.15.1\STM32CubeIDE\plugins\com.st.stm32cube.common.mx_6.11.1.202404110753\\db\/plugins/boardmanager/
2024-07-17 12:08:16,144 [INFO] ApiDb:261 - Set plugin images path to: C:\ST\STM32CubeIDE_1.15.1\STM32CubeIDE\plugins\com.st.stm32cube.common.mx_6.11.1.202404110753\\db\/plugins/mcufinder/images/
2024-07-17 12:08:16,144 [WARN] DbFile:41 - Overriding database path with different value: C:\Users\suriy\.stmcufinder\plugins\mcufinder/ => C:\Users\suriy\.stmcufinder\plugins\mcufinder
2024-07-17 12:08:16,144 [INFO] ApiDb:250 - Set database path to: C:\Users\suriy\.stmcufinder\plugins\mcufinder//mcu/
2024-07-17 12:08:16,144 [WARN] DbFile:41 - Overriding database path with different value: C:\Users\suriy\.stmcufinder\plugins\mcufinder/ => C:\Users\suriy\.stmcufinder\plugins\mcufinder
2024-07-17 12:08:16,145 [INFO] DbMcusAds:125 - Set database path to: C:\Users\suriy\.stmcufinder\plugins\mcufinder//mcu/
2024-07-17 12:08:16,145 [WARN] DbFile:41 - Overriding database path with different value: C:\Users\suriy\.stmcufinder\plugins\mcufinder/ => C:\Users\suriy\.stmcufinder\plugins\mcufinder
2024-07-17 12:08:16,145 [WARN] DbFile:41 - Overriding database path with different value: C:\Users\suriy\.stmcufinder\plugins\mcufinder/ => C:\Users\suriy\.stmcufinder\plugins\mcufinder
2024-07-17 12:08:16,145 [INFO] CrossReferenceDbSqlite:203 - Set database path to: C:\Users\suriy\.stmcufinder\plugins\mcufinder//mcu/cs/
2024-07-17 12:08:16,268 [INFO] MainPanel:264 - HeapMemory: 268435456
2024-07-17 12:08:16,412 [INFO] DbMcusXml:78 - Set database path to: C:\ST\STM32CubeIDE_1.15.1\STM32CubeIDE\plugins\com.st.stm32cube.common.mx_6.11.1.202404110753\\db\/mcu/
2024-07-17 12:08:16,413 [INFO] ApiDb:274 - Set plugin database path to: C:\ST\STM32CubeIDE_1.15.1\STM32CubeIDE\plugins\com.st.stm32cube.common.mx_6.11.1.202404110753\\db\/plugins/boardmanager/
2024-07-17 12:08:16,413 [INFO] ApiDb:261 - Set plugin images path to: C:\ST\STM32CubeIDE_1.15.1\STM32CubeIDE\plugins\com.st.stm32cube.common.mx_6.11.1.202404110753\\db\/plugins/mcufinder/images/
2024-07-17 12:08:16,414 [WARN] DbFile:41 - Overriding database path with different value: C:\Users\suriy\.stmcufinder\plugins\mcufinder/ => C:\Users\suriy\.stmcufinder\plugins\mcufinder
2024-07-17 12:08:16,414 [INFO] ApiDb:250 - Set database path to: C:\Users\suriy\.stmcufinder\plugins\mcufinder//mcu/
2024-07-17 12:08:16,415 [WARN] DbFile:41 - Overriding database path with different value: C:\Users\suriy\.stmcufinder\plugins\mcufinder/ => C:\Users\suriy\.stmcufinder\plugins\mcufinder
2024-07-17 12:08:16,415 [INFO] DbMcusAds:125 - Set database path to: C:\Users\suriy\.stmcufinder\plugins\mcufinder//mcu/
2024-07-17 12:08:16,415 [WARN] DbFile:41 - Overriding database path with different value: C:\Users\suriy\.stmcufinder\plugins\mcufinder/ => C:\Users\suriy\.stmcufinder\plugins\mcufinder
2024-07-17 12:08:16,415 [WARN] DbFile:41 - Overriding database path with different value: C:\Users\suriy\.stmcufinder\plugins\mcufinder/ => C:\Users\suriy\.stmcufinder\plugins\mcufinder
2024-07-17 12:08:16,416 [INFO] CrossReferenceDbSqlite:203 - Set database path to: C:\Users\suriy\.stmcufinder\plugins\mcufinder//mcu/cs/
2024-07-17 12:08:16,456 [INFO] ApplicationProperties:184 - Using Application install path: C:\ST\STM32CubeIDE_1.15.1\STM32CubeIDE\plugins\com.st.stm32cube.common.mx_6.11.1.202404110753
2024-07-17 12:08:16,459 [INFO] PluginManage:196 - Search for loadable plugins [exclusion list=, ]
2024-07-17 12:08:16,462 [INFO] PluginManage:310 - Check plugin analytics
2024-07-17 12:08:16,727 [INFO] AnalyticsPlugin:253 - Accepted Software Licenses: 
2024-07-17 12:08:16,727 [INFO] AnalyticsPlugin:255 - Accepted CMSIS Pack Licenses: 
2024-07-17 12:08:16,727 [INFO] AnalyticsPlugin:257 - Accepted Firmware Licenses: FW.F4.1.28.0
2024-07-17 12:08:16,730 [INFO] PluginManage:359 - Loaded plugin analytics (category:tool,tabindex:-1)
2024-07-17 12:08:16,730 [INFO] PluginManage:310 - Check plugin cadmodel
2024-07-17 12:08:16,731 [ERROR] ConfigurationRetriever:142 - IOException on connection: sw-center.st.com
2024-07-17 12:08:16,732 [ERROR] ConfigurationRetriever:142 - IOException on connection: sw-center.st.com
2024-07-17 12:08:16,733 [ERROR] ConfigurationRetriever:142 - IOException on connection: sw-center.st.com
2024-07-17 12:08:16,746 [INFO] CADModel:105 - Init CAD model plugin
2024-07-17 12:08:16,746 [INFO] PluginManage:359 - Loaded plugin cadmodel (category:power,tabindex:5)
2024-07-17 12:08:16,747 [INFO] PluginManage:310 - Check plugin clock
2024-07-17 12:08:16,772 [INFO] PluginManage:359 - Loaded plugin clock (category:base,tabindex:2)
2024-07-17 12:08:16,772 [INFO] PluginManage:310 - Check plugin ddr
2024-07-17 12:08:16,775 [INFO] PluginManage:359 - Loaded plugin ddr (category:tool,tabindex:6)
2024-07-17 12:08:16,775 [INFO] PluginManage:310 - Check plugin filemanager
2024-07-17 12:08:16,923 [INFO] PluginManage:359 - Loaded plugin filemanager (category:base,tabindex:10)
2024-07-17 12:08:16,923 [INFO] PluginManage:310 - Check plugin ipmanager
2024-07-17 12:08:16,931 [INFO] PluginManage:359 - Loaded plugin ipmanager (category:base,tabindex:5)
2024-07-17 12:08:16,931 [INFO] PluginManage:310 - Check plugin lpbam
2024-07-17 12:08:16,948 [INFO] PluginManage:359 - Loaded plugin lpbam (category:base,tabindex:0)
2024-07-17 12:08:16,949 [INFO] PluginManage:310 - Check plugin memorymap
2024-07-17 12:08:16,970 [INFO] PluginManage:359 - Loaded plugin memorymap (category:base,tabindex:4)
2024-07-17 12:08:16,971 [INFO] PluginManage:310 - Check plugin pinoutandconfiguration
2024-07-17 12:08:16,987 [INFO] PluginManage:359 - Loaded plugin pinoutandconfiguration (category:base,tabindex:1)
2024-07-17 12:08:16,987 [INFO] PluginManage:310 - Check plugin pinoutconfig
2024-07-17 12:08:17,103 [WARN] SupportedApi:132 - Cannot load RTOS API schema: s4s-elt-must-match.1: The content of 'definitions' must match (annotation?, (simpleType | complexType)?, (unique | key | keyref)*)). A problem was found starting at: attribute.
2024-07-17 12:08:17,228 [INFO] PluginManage:359 - Loaded plugin pinoutconfig (category:base,tabindex:0)
2024-07-17 12:08:17,228 [INFO] PluginManage:310 - Check plugin power
2024-07-17 12:08:17,251 [INFO] PluginManage:359 - Loaded plugin power (category:power,tabindex:4)
2024-07-17 12:08:17,252 [INFO] PluginManage:310 - Check plugin projectmanager
2024-07-17 12:08:17,265 [INFO] PluginManage:359 - Loaded plugin projectmanager (category:projectmanager,tabindex:3)
2024-07-17 12:08:17,266 [INFO] PluginManage:310 - Check plugin thirdparty
2024-07-17 12:08:17,533 [INFO] PluginManage:359 - Loaded plugin thirdparty (category:base,tabindex:-1)
2024-07-17 12:08:17,533 [WARN] IntegrityCheckThread:84 - waiting for thirdparty lock release [integrity check]
2024-07-17 12:08:17,533 [INFO] IntegrityCheckThread:86 - entering critical section [integrity check]
2024-07-17 12:08:17,533 [INFO] PluginManage:310 - Check plugin tools
2024-07-17 12:08:17,533 [INFO] ThirdPartyUpdaterWithRetryManager:70 - Updater plugin not ready yet. [1/15]
2024-07-17 12:08:17,568 [INFO] PluginManage:359 - Loaded plugin tools (category:base,tabindex:7)
2024-07-17 12:08:17,569 [INFO] PluginManage:310 - Check plugin tutovideos
2024-07-17 12:08:17,754 [INFO] PluginManage:359 - Loaded plugin tutovideos (category:base,tabindex:-1)
2024-07-17 12:08:17,754 [INFO] PluginManage:310 - Check plugin updater
2024-07-17 12:08:17,767 [INFO] PluginManage:359 - Loaded plugin updater (category:base,tabindex:12)
2024-07-17 12:08:17,768 [INFO] PluginManage:310 - Check plugin userauth
2024-07-17 12:08:17,777 [INFO] UserAuth:114 - Init User Auth plugin
2024-07-17 12:08:17,777 [INFO] PluginManage:359 - Loaded plugin userauth (category:base,tabindex:14)
2024-07-17 12:08:17,777 [INFO] PluginManage:283 - PluginManage : Loaded plugins [17]
2024-07-17 12:08:17,989 [INFO] PinOutPanel:1561 - setPackage(No Configuration,No Configuration)
2024-07-17 12:08:18,069 [INFO] CADModel:165 - CPN selected for project level
2024-07-17 12:08:18,069 [INFO] CADModel:114 - Register for checkConnection events
2024-07-17 12:08:18,094 [INFO] IPUIPlugin:80 - create IPUIPlugin
2024-07-17 12:08:18,094 [INFO] PluginManager:220 - loadIPPluginJar : add adc
2024-07-17 12:08:18,130 [INFO] IPUIPlugin:80 - create IPUIPlugin
2024-07-17 12:08:18,130 [INFO] PluginManager:220 - loadIPPluginJar : add aes
2024-07-17 12:08:18,197 [INFO] IPUIPlugin:80 - create IPUIPlugin
2024-07-17 12:08:18,198 [INFO] PluginManager:220 - loadIPPluginJar : add can
2024-07-17 12:08:18,218 [INFO] IPUIPlugin:80 - create IPUIPlugin
2024-07-17 12:08:18,219 [INFO] PluginManager:220 - loadIPPluginJar : add comp
2024-07-17 12:08:18,259 [INFO] IPUIPlugin:80 - create IPUIPlugin
2024-07-17 12:08:18,259 [INFO] PluginManager:220 - loadIPPluginJar : add cryp
2024-07-17 12:08:18,316 [INFO] IPUIPlugin:80 - create IPUIPlugin
2024-07-17 12:08:18,316 [INFO] PluginManager:220 - loadIPPluginJar : add dfsdm
2024-07-17 12:08:18,334 [INFO] IPUIPlugin:80 - create IPUIPlugin
2024-07-17 12:08:18,335 [INFO] PluginManager:220 - loadIPPluginJar : add dma
2024-07-17 12:08:18,412 [INFO] IPUIPlugin:80 - create IPUIPlugin
2024-07-17 12:08:18,412 [INFO] PluginManager:220 - loadIPPluginJar : add dma3
2024-07-17 12:08:18,486 [INFO] IPUIPlugin:80 - create IPUIPlugin
2024-07-17 12:08:18,486 [INFO] PluginManager:220 - loadIPPluginJar : add extmemmanager
2024-07-17 12:08:18,508 [INFO] IPUIPlugin:80 - create IPUIPlugin
2024-07-17 12:08:18,508 [INFO] PluginManager:220 - loadIPPluginJar : add fatfs
2024-07-17 12:08:18,567 [INFO] IPUIPlugin:80 - create IPUIPlugin
2024-07-17 12:08:18,567 [INFO] PluginManager:220 - loadIPPluginJar : add fmc
2024-07-17 12:08:18,581 [INFO] IPUIPlugin:80 - create IPUIPlugin
2024-07-17 12:08:18,581 [INFO] PluginManager:220 - loadIPPluginJar : add freertos
2024-07-17 12:08:18,598 [INFO] IPUIPlugin:80 - create IPUIPlugin
2024-07-17 12:08:18,599 [INFO] PluginManager:220 - loadIPPluginJar : add genericplugin
2024-07-17 12:08:18,754 [INFO] IPUIPlugin:80 - create IPUIPlugin
2024-07-17 12:08:18,754 [INFO] PluginManager:220 - loadIPPluginJar : add gfxmmu
2024-07-17 12:08:18,957 [INFO] IPUIPlugin:80 - create IPUIPlugin
2024-07-17 12:08:18,957 [INFO] PluginManager:220 - loadIPPluginJar : add gic
2024-07-17 12:08:18,970 [INFO] IPUIPlugin:80 - create IPUIPlugin
2024-07-17 12:08:18,970 [INFO] PluginManager:220 - loadIPPluginJar : add gpio
2024-07-17 12:08:19,096 [INFO] IPUIPlugin:80 - create IPUIPlugin
2024-07-17 12:08:19,096 [INFO] PluginManager:220 - loadIPPluginJar : add gtzc
2024-07-17 12:08:19,167 [INFO] IPUIPlugin:80 - create IPUIPlugin
2024-07-17 12:08:19,167 [INFO] PluginManager:220 - loadIPPluginJar : add hash
2024-07-17 12:08:19,233 [INFO] IPUIPlugin:80 - create IPUIPlugin
2024-07-17 12:08:19,233 [INFO] PluginManager:220 - loadIPPluginJar : add i2c
2024-07-17 12:08:19,284 [INFO] IPUIPlugin:80 - create IPUIPlugin
2024-07-17 12:08:19,284 [INFO] PluginManager:220 - loadIPPluginJar : add i2s
2024-07-17 12:08:19,358 [INFO] IPUIPlugin:80 - create IPUIPlugin
2024-07-17 12:08:19,358 [INFO] PluginManager:220 - loadIPPluginJar : add i3c
2024-07-17 12:08:19,490 [INFO] IPUIPlugin:80 - create IPUIPlugin
2024-07-17 12:08:19,490 [INFO] PluginManager:220 - loadIPPluginJar : add ipddr
2024-07-17 12:08:19,607 [INFO] IPUIPlugin:80 - create IPUIPlugin
2024-07-17 12:08:19,607 [INFO] PluginManager:220 - loadIPPluginJar : add linkedlist
2024-07-17 12:08:19,670 [INFO] IPUIPlugin:80 - create IPUIPlugin
2024-07-17 12:08:19,670 [INFO] PluginManager:220 - loadIPPluginJar : add lorawan
2024-07-17 12:08:19,739 [INFO] IPUIPlugin:80 - create IPUIPlugin
2024-07-17 12:08:19,739 [INFO] PluginManager:220 - loadIPPluginJar : add ltdc
2024-07-17 12:08:19,765 [INFO] IPUIPlugin:80 - create IPUIPlugin
2024-07-17 12:08:19,765 [INFO] PluginManager:220 - loadIPPluginJar : add mdma
2024-07-17 12:08:19,779 [INFO] IPUIPlugin:80 - create IPUIPlugin
2024-07-17 12:08:19,780 [INFO] PluginManager:220 - loadIPPluginJar : add nvic
2024-07-17 12:08:19,847 [INFO] IPUIPlugin:80 - create IPUIPlugin
2024-07-17 12:08:19,847 [INFO] PluginManager:220 - loadIPPluginJar : add opamp
2024-07-17 12:08:19,933 [INFO] IPUIPlugin:80 - create IPUIPlugin
2024-07-17 12:08:19,933 [INFO] PluginManager:220 - loadIPPluginJar : add openamp
2024-07-17 12:08:19,975 [INFO] IPUIPlugin:80 - create IPUIPlugin
2024-07-17 12:08:19,975 [INFO] PluginManager:220 - loadIPPluginJar : add pdm2pcm
2024-07-17 12:08:19,989 [INFO] IPUIPlugin:80 - create IPUIPlugin
2024-07-17 12:08:19,991 [INFO] PluginManager:220 - loadIPPluginJar : add plateformsettings
2024-07-17 12:08:20,012 [INFO] IPUIPlugin:80 - create IPUIPlugin
2024-07-17 12:08:20,012 [INFO] PluginManager:220 - loadIPPluginJar : add quadspi
2024-07-17 12:08:20,023 [INFO] IPUIPlugin:80 - create IPUIPlugin
2024-07-17 12:08:20,024 [INFO] PluginManager:220 - loadIPPluginJar : add resmgrutility
2024-07-17 12:08:20,087 [INFO] IPUIPlugin:80 - create IPUIPlugin
2024-07-17 12:08:20,088 [INFO] PluginManager:220 - loadIPPluginJar : add sai
2024-07-17 12:08:20,127 [INFO] IPUIPlugin:80 - create IPUIPlugin
2024-07-17 12:08:20,127 [INFO] PluginManager:220 - loadIPPluginJar : add spi
2024-07-17 12:08:20,225 [INFO] IPUIPlugin:80 - create IPUIPlugin
2024-07-17 12:08:20,226 [INFO] PluginManager:220 - loadIPPluginJar : add stm32_wpan
2024-07-17 12:08:20,246 [INFO] IPUIPlugin:80 - create IPUIPlugin
2024-07-17 12:08:20,246 [INFO] PluginManager:220 - loadIPPluginJar : add tim
2024-07-17 12:08:20,311 [INFO] IPUIPlugin:80 - create IPUIPlugin
2024-07-17 12:08:20,311 [INFO] PluginManager:220 - loadIPPluginJar : add touchsensing
2024-07-17 12:08:20,354 [INFO] IPUIPlugin:80 - create IPUIPlugin
2024-07-17 12:08:20,354 [INFO] PluginManager:220 - loadIPPluginJar : add tracer_emb
2024-07-17 12:08:20,396 [INFO] IPUIPlugin:80 - create IPUIPlugin
2024-07-17 12:08:20,396 [INFO] PluginManager:220 - loadIPPluginJar : add ts
2024-07-17 12:08:20,441 [INFO] IPUIPlugin:80 - create IPUIPlugin
2024-07-17 12:08:20,441 [INFO] PluginManager:220 - loadIPPluginJar : add tsc
2024-07-17 12:08:20,483 [INFO] IPUIPlugin:80 - create IPUIPlugin
2024-07-17 12:08:20,483 [INFO] PluginManager:220 - loadIPPluginJar : add ucpd
2024-07-17 12:08:20,534 [INFO] ThirdPartyUpdaterWithRetryManager:70 - Updater plugin not ready yet. [2/15]
2024-07-17 12:08:20,534 [INFO] IPUIPlugin:80 - create IPUIPlugin
2024-07-17 12:08:20,534 [INFO] PluginManager:220 - loadIPPluginJar : add usart
2024-07-17 12:08:20,615 [INFO] IPUIPlugin:80 - create IPUIPlugin
2024-07-17 12:08:20,615 [INFO] PluginManager:220 - loadIPPluginJar : add usbx
2024-07-17 12:08:20,739 [INFO] CADModel:165 - CPN selected for project level
2024-07-17 12:08:20,739 [INFO] CADModel:114 - Register for checkConnection events
2024-07-17 12:08:20,739 [FATAL] Updater:308 - Updater called before beeing initialized
2024-07-17 12:08:20,739 [ERROR] CADModel:125 - Updater not yet initialized, retry later 
2024-07-17 12:08:20,875 [INFO] CADModel:165 - CPN selected for project level
2024-07-17 12:08:20,875 [INFO] CADModel:114 - Register for checkConnection events
2024-07-17 12:08:20,875 [FATAL] Updater:308 - Updater called before beeing initialized
2024-07-17 12:08:20,876 [ERROR] CADModel:125 - Updater not yet initialized, retry later 
2024-07-17 12:08:20,881 [FATAL] Updater:308 - Updater called before beeing initialized
2024-07-17 12:08:20,996 [FATAL] Updater:308 - Updater called before beeing initialized
2024-07-17 12:08:21,005 [INFO] DbMcusAds:53 - JSON generation date=Thu May 16 14:52:00 IST 2024 (1715851320667)
2024-07-17 12:08:21,005 [FATAL] Updater:308 - Updater called before beeing initialized
2024-07-17 12:08:21,078 [WARN] DetailPanel:346 - Failed to get advertising image, set to default
2024-07-17 12:08:21,173 [FATAL] Updater:308 - Updater called before beeing initialized
2024-07-17 12:08:21,175 [FATAL] Updater:308 - Updater called before beeing initialized
2024-07-17 12:08:21,175 [FATAL] Updater:308 - Updater called before beeing initialized
2024-07-17 12:08:21,175 [WARN] DetailPanel:346 - Failed to get advertising image, set to default
2024-07-17 12:08:21,176 [FATAL] Updater:308 - Updater called before beeing initialized
2024-07-17 12:08:21,241 [ERROR] Updater:1120 - MainUpdater not yet initialized. External WinMGr cannot be set.
2024-07-17 12:08:21,254 [INFO] Updater:1056 - Updater Version found : 6.11.1
2024-07-17 12:08:21,275 [INFO] ApplicationProperties:184 - Using Application install path: C:\ST\STM32CubeIDE_1.15.1\STM32CubeIDE\plugins\com.st.stm32cube.common.mx_6.11.1.202404110753
2024-07-17 12:08:22,877 [ERROR] LogOutputStream:75 - [STDERR_REDIRECT] Jul 17, 2024 12:08:22 PM java.util.prefs.WindowsPreferences <init>
2024-07-17 12:08:22,880 [ERROR] LogOutputStream:75 - [STDERR_REDIRECT] WARNING: Could not open/create prefs root node Software\JavaSoft\Prefs at root 0xffffffff80000002. Windows RegCreateKeyEx(...) returned error code 5.
2024-07-17 12:08:22,880 [ERROR] LogOutputStream:75 - [STDERR_REDIRECT] 
2024-07-17 12:08:23,201 [INFO] MainUpdater:2873 - connection check result : 22
2024-07-17 12:08:23,202 [INFO] MainUpdater:290 - Updater Check For Update Now.
2024-07-17 12:08:23,202 [INFO] MicroXplorer:498 - Change Database Version : DB.6.0.111
2024-07-17 12:08:23,224 [INFO] McuFinderGlobals:63 - Set McuFinder mode to 2 (CubeIDE integrated)
2024-07-17 12:08:23,241 [INFO] UserAuth:415 - Internet connection configuration mode: 2
2024-07-17 12:08:23,475 [INFO] CheckServerUpdateThread:120 - End of CheckServer Thread
2024-07-17 12:08:23,875 [WARN] PackLoader:240 - Cannot read IP mode file for STMicroelectronics.FP-SNS-MOTENVWB1.1.4.0
2024-07-17 12:08:23,900 [WARN] PackLoader:240 - Cannot read IP mode file for STMicroelectronics.X-CUBE-SMBUS.2.1.0
2024-07-17 12:08:23,917 [WARN] PackLoader:240 - Cannot read IP mode file for STMicroelectronics.X-CUBE-TOUCHGFX.4.23.2
2024-07-17 12:08:23,975 [WARN] PackLoader:240 - Cannot read IP mode file for STMicroelectronics.X-CUBE-AZRTOS-F7.1.1.0
2024-07-17 12:08:24,000 [WARN] PackLoader:240 - Cannot read IP mode file for STMicroelectronics.FP-SNS-FLIGHT1.5.0.2
2024-07-17 12:08:24,020 [WARN] PackLoader:240 - Cannot read IP mode file for STMicroelectronics.X-CUBE-DISPLAY.3.0.0
2024-07-17 12:08:24,053 [WARN] PackLoader:240 - Cannot read IP mode file for STMicroelectronics.X-CUBE-BLE1.7.0.0
2024-07-17 12:08:24,071 [WARN] PackLoader:240 - Cannot read IP mode file for emotas.I-CUBE-CANOPEN.1.3.0
2024-07-17 12:08:24,090 [WARN] PackLoader:240 - Cannot read IP mode file for STMicroelectronics.X-CUBE-BLEMGR.3.1.0
2024-07-17 12:08:24,108 [WARN] PackLoader:240 - Cannot read IP mode file for STMicroelectronics.FP-SNS-SMARTAG2.1.2.0
2024-07-17 12:08:24,135 [INFO] LogOutputStream:77 - [STDOUT_REDIRECT] 1 : Invalid condition id : UX_CORESTACK_Condition cause : null
2024-07-17 12:08:24,135 [INFO] LogOutputStream:77 - [STDOUT_REDIRECT] 1 : Invalid condition id : UX_CORESTACK_Condition cause : null
2024-07-17 12:08:24,137 [INFO] LogOutputStream:77 - [STDOUT_REDIRECT] 1 : Invalid condition id : UX_CORESTACK_Condition cause : null
2024-07-17 12:08:24,138 [INFO] LogOutputStream:77 - [STDOUT_REDIRECT] 1 : Invalid condition id : UX_CORESTACK_Condition cause : null
2024-07-17 12:08:24,139 [INFO] LogOutputStream:77 - [STDOUT_REDIRECT] 1 : Invalid condition id : UX_CORESTACK_Condition cause : null
2024-07-17 12:08:24,144 [WARN] PackLoader:240 - Cannot read IP mode file for STMicroelectronics.X-CUBE-AZRTOS-WL.2.0.0
2024-07-17 12:08:24,166 [WARN] PackLoader:240 - Cannot read IP mode file for STMicroelectronics.FP-SNS-MOTENV1.5.0.0
2024-07-17 12:08:24,183 [WARN] PackLoader:240 - Cannot read IP mode file for wolfSSL.I-CUBE-wolfMQTT.1.19.0
2024-07-17 12:08:24,206 [WARN] PackLoader:240 - Cannot read IP mode file for WES.I-CUBE-Cesium.1.3.0
2024-07-17 12:08:24,222 [WARN] PackLoader:240 - Cannot read IP mode file for STMicroelectronics.X-CUBE-BLE2.3.3.0
2024-07-17 12:08:24,238 [WARN] PackLoader:240 - Cannot read IP mode file for STMicroelectronics.X-CUBE-TCPP.4.1.0
2024-07-17 12:08:24,287 [WARN] PackLoader:240 - Cannot read IP mode file for STMicroelectronics.X-CUBE-AZRTOS-G0.1.1.0
2024-07-17 12:08:24,318 [WARN] PackLoader:240 - Cannot read IP mode file for STMicroelectronics.X-CUBE-SAFEA1.1.2.2
2024-07-17 12:08:24,337 [WARN] PackLoader:240 - Cannot read IP mode file for STMicroelectronics.X-CUBE-NFC4.3.0.0
2024-07-17 12:08:24,380 [WARN] PackLoader:240 - Cannot read IP mode file for EmbeddedOffice.I-CUBE-FS-RTOS.1.0.1
2024-07-17 12:08:24,381 [ERROR] ConditionMgr:805 - Attr not supported : Dmpu
2024-07-17 12:08:24,381 [ERROR] ConditionMgr:805 - Attr not supported : Dmpu
2024-07-17 12:08:24,381 [ERROR] ConditionMgr:805 - Attr not supported : Dmpu
2024-07-17 12:08:24,381 [ERROR] ConditionMgr:805 - Attr not supported : Dmpu
2024-07-17 12:08:24,381 [ERROR] ConditionMgr:805 - Attr not supported : Dmpu
2024-07-17 12:08:24,381 [ERROR] ConditionMgr:805 - Attr not supported : Dmpu
2024-07-17 12:08:24,381 [ERROR] ConditionMgr:805 - Attr not supported : Dmpu
2024-07-17 12:08:24,381 [ERROR] ConditionMgr:805 - Attr not supported : Dmpu
2024-07-17 12:08:24,382 [ERROR] ConditionMgr:805 - Attr not supported : Dmpu
2024-07-17 12:08:24,382 [ERROR] ConditionMgr:805 - Attr not supported : Dmpu
2024-07-17 12:08:24,382 [ERROR] ConditionMgr:805 - Attr not supported : Dmpu
2024-07-17 12:08:24,382 [ERROR] ConditionMgr:805 - Attr not supported : Dmpu
2024-07-17 12:08:24,382 [ERROR] ConditionMgr:805 - Attr not supported : Dmpu
2024-07-17 12:08:24,382 [ERROR] ConditionMgr:805 - Attr not supported : Dmpu
2024-07-17 12:08:24,382 [ERROR] ConditionMgr:805 - Attr not supported : Dmpu
2024-07-17 12:08:24,382 [ERROR] ConditionMgr:805 - Attr not supported : Dmpu
2024-07-17 12:08:24,382 [ERROR] ConditionMgr:805 - Attr not supported : Dmpu
2024-07-17 12:08:24,383 [ERROR] ConditionMgr:805 - Attr not supported : Dmpu
2024-07-17 12:08:24,383 [ERROR] ConditionMgr:805 - Attr not supported : Dmpu
2024-07-17 12:08:24,383 [ERROR] ConditionMgr:805 - Attr not supported : Dmpu
2024-07-17 12:08:24,383 [ERROR] ConditionMgr:805 - Attr not supported : Dmpu
2024-07-17 12:08:24,383 [ERROR] ConditionMgr:805 - Attr not supported : Dmpu
2024-07-17 12:08:24,383 [ERROR] ConditionMgr:805 - Attr not supported : Dmpu
2024-07-17 12:08:24,383 [ERROR] ConditionMgr:805 - Attr not supported : Dmpu
2024-07-17 12:08:24,383 [ERROR] ConditionMgr:805 - Attr not supported : Dmpu
2024-07-17 12:08:24,383 [ERROR] ConditionMgr:805 - Attr not supported : Dmpu
2024-07-17 12:08:24,383 [ERROR] ConditionMgr:805 - Attr not supported : Dmpu
2024-07-17 12:08:24,384 [ERROR] ConditionMgr:805 - Attr not supported : Dmpu
2024-07-17 12:08:24,384 [ERROR] ConditionMgr:805 - Attr not supported : Dmpu
2024-07-17 12:08:24,384 [ERROR] ConditionMgr:805 - Attr not supported : Dmpu
2024-07-17 12:08:24,384 [ERROR] ConditionMgr:805 - Attr not supported : Dmpu
2024-07-17 12:08:24,384 [ERROR] ConditionMgr:805 - Attr not supported : Dmpu
2024-07-17 12:08:24,384 [ERROR] ConditionMgr:805 - Attr not supported : Dmpu
2024-07-17 12:08:24,384 [ERROR] ConditionMgr:805 - Attr not supported : Dmpu
2024-07-17 12:08:24,384 [ERROR] ConditionMgr:805 - Attr not supported : Dmpu
2024-07-17 12:08:24,384 [ERROR] ConditionMgr:805 - Attr not supported : Dmpu
2024-07-17 12:08:24,384 [ERROR] ConditionMgr:805 - Attr not supported : Dmpu
2024-07-17 12:08:24,384 [ERROR] ConditionMgr:805 - Attr not supported : Dmpu
2024-07-17 12:08:24,385 [ERROR] ConditionMgr:805 - Attr not supported : Dmpu
2024-07-17 12:08:24,385 [ERROR] ConditionMgr:805 - Attr not supported : Dmpu
2024-07-17 12:08:24,385 [ERROR] ConditionMgr:805 - Attr not supported : Dmpu
2024-07-17 12:08:24,385 [ERROR] ConditionMgr:805 - Attr not supported : Dmpu
2024-07-17 12:08:24,385 [ERROR] ConditionMgr:805 - Attr not supported : Dmpu
2024-07-17 12:08:24,385 [ERROR] ConditionMgr:805 - Attr not supported : Dmpu
2024-07-17 12:08:24,385 [ERROR] ConditionMgr:805 - Attr not supported : Dmpu
2024-07-17 12:08:24,385 [ERROR] ConditionMgr:805 - Attr not supported : Dmpu
2024-07-17 12:08:24,385 [ERROR] ConditionMgr:805 - Attr not supported : Dmpu
2024-07-17 12:08:24,385 [ERROR] ConditionMgr:805 - Attr not supported : Dmpu
2024-07-17 12:08:24,386 [ERROR] ConditionMgr:805 - Attr not supported : Dmpu
2024-07-17 12:08:24,386 [ERROR] ConditionMgr:805 - Attr not supported : Dmpu
2024-07-17 12:08:24,386 [ERROR] ConditionMgr:805 - Attr not supported : Dmpu
2024-07-17 12:08:24,386 [ERROR] ConditionMgr:805 - Attr not supported : Dmpu
2024-07-17 12:08:24,386 [ERROR] ConditionMgr:805 - Attr not supported : Dmpu
2024-07-17 12:08:24,386 [ERROR] ConditionMgr:805 - Attr not supported : Dmpu
2024-07-17 12:08:24,386 [ERROR] ConditionMgr:805 - Attr not supported : Dmpu
2024-07-17 12:08:24,386 [ERROR] ConditionMgr:805 - Attr not supported : Dmpu
2024-07-17 12:08:24,386 [ERROR] ConditionMgr:805 - Attr not supported : Dmpu
2024-07-17 12:08:24,386 [ERROR] ConditionMgr:805 - Attr not supported : Dmpu
2024-07-17 12:08:24,387 [ERROR] ConditionMgr:805 - Attr not supported : Dmpu
2024-07-17 12:08:24,387 [ERROR] ConditionMgr:805 - Attr not supported : Dmpu
2024-07-17 12:08:24,387 [ERROR] ConditionMgr:805 - Attr not supported : Dmpu
2024-07-17 12:08:24,387 [ERROR] ConditionMgr:805 - Attr not supported : Dmpu
2024-07-17 12:08:24,387 [ERROR] ConditionMgr:805 - Attr not supported : Dmpu
2024-07-17 12:08:24,387 [ERROR] ConditionMgr:805 - Attr not supported : Dmpu
2024-07-17 12:08:24,404 [WARN] PackLoader:240 - Cannot read IP mode file for RealThread.X-CUBE-RT-Thread_Nano.4.1.1
2024-07-17 12:08:24,420 [WARN] PackLoader:240 - Cannot read IP mode file for wolfSSL.I-CUBE-wolfSSL.5.7.0
2024-07-17 12:08:24,436 [WARN] PackLoader:240 - Cannot read IP mode file for STMicroelectronics.FP-ATR-SIGFOX1.3.2.0
2024-07-17 12:08:24,461 [WARN] PackLoader:240 - Cannot read IP mode file for STMicroelectronics.X-CUBE-EEPRMA1.5.1.0
2024-07-17 12:08:24,497 [WARN] PackLoader:240 - Cannot read IP mode file for ITTIA_DB.I-CUBE-ITTIADB.8.9.0
2024-07-17 12:08:24,567 [WARN] PackLoader:240 - Cannot read IP mode file for SEGGER.I-CUBE-embOS.1.3.1
2024-07-17 12:08:24,641 [WARN] PackLoader:240 - Cannot read IP mode file for STMicroelectronics.X-CUBE-ALGOBUILD.1.4.0
2024-07-17 12:08:24,678 [WARN] PackLoader:240 - Cannot read IP mode file for STMicroelectronics.X-CUBE-GNSS1.6.0.0
2024-07-17 12:08:24,744 [WARN] PackLoader:240 - Cannot read IP mode file for STMicroelectronics.X-CUBE-AZRTOS-F4.1.1.0
2024-07-17 12:08:24,766 [WARN] PackLoader:240 - Cannot read IP mode file for STMicroelectronics.X-CUBE-FREERTOS.1.2.0
2024-07-17 12:08:24,810 [WARN] PackLoader:240 - Cannot read IP mode file for STMicroelectronics.X-CUBE-AZRTOS-L5.2.0.0
2024-07-17 12:08:24,836 [WARN] PackLoader:240 - Cannot read IP mode file for STMicroelectronics.X-CUBE-NFC6.3.1.0
2024-07-17 12:08:24,854 [WARN] PackLoader:240 - Cannot read IP mode file for STMicroelectronics.X-CUBE-DPower.1.2.0
2024-07-17 12:08:24,868 [WARN] PackLoader:240 - Cannot read IP mode file for STMicroelectronics.X-CUBE-AI.9.0.0
2024-07-17 12:08:24,883 [WARN] PackLoader:240 - Cannot read IP mode file for STMicroelectronics.X-CUBE-NFC7.1.0.1
2024-07-17 12:08:24,900 [WARN] PackLoader:240 - Cannot read IP mode file for wolfSSL.I-CUBE-wolfTPM.3.2.0
2024-07-17 12:08:24,946 [WARN] ConditionMgr:438 - getConditionDescription Invalid condition id : LAN8742 Phy interface Condition cause : null
2024-07-17 12:08:24,947 [WARN] PackLoader:240 - Cannot read IP mode file for STMicroelectronics.X-CUBE-AZRTOS-L4.2.0.0
2024-07-17 12:08:24,950 [WARN] ConditionMgr:1039 - genDependencies : Invalid condition id : LAN8742 Phy interface Condition cause : null
2024-07-17 12:08:24,951 [WARN] ConditionMgr:1039 - genDependencies : Invalid condition id : LAN8742 Phy interface Condition cause : null
2024-07-17 12:08:24,952 [WARN] ConditionMgr:1039 - genDependencies : Invalid condition id : LAN8742 Phy interface Condition cause : null
2024-07-17 12:08:24,979 [WARN] PackLoader:240 - Cannot read IP mode file for STMicroelectronics.X-CUBE-SFXS2LP1.4.0.0
2024-07-17 12:08:25,029 [WARN] ConditionMgr:438 - getConditionDescription Invalid condition id : UX DEVICE CLASS RTOS Condition cause : null
2024-07-17 12:08:25,030 [WARN] ConditionMgr:438 - getConditionDescription Invalid condition id : UX DEVICE CLASS RTOS Condition cause : null
2024-07-17 12:08:25,032 [WARN] PackLoader:240 - Cannot read IP mode file for STMicroelectronics.X-CUBE-AZRTOS-WB.2.0.0
2024-07-17 12:08:25,033 [WARN] ConditionMgr:1039 - genDependencies : Invalid condition id : UX DEVICE CLASS RTOS Condition cause : null
2024-07-17 12:08:25,033 [WARN] ConditionMgr:1039 - genDependencies : Invalid condition id : UX DEVICE CLASS RTOS Condition cause : null
2024-07-17 12:08:25,034 [WARN] ConditionMgr:1039 - genDependencies : Invalid condition id : UX DEVICE CLASS RTOS Condition cause : null
2024-07-17 12:08:25,034 [WARN] ConditionMgr:1039 - genDependencies : Invalid condition id : UX DEVICE CLASS RTOS Condition cause : null
2024-07-17 12:08:25,034 [WARN] ConditionMgr:1039 - genDependencies : Invalid condition id : UX DEVICE CLASS RTOS Condition cause : null
2024-07-17 12:08:25,075 [WARN] PackLoader:240 - Cannot read IP mode file for STMicroelectronics.X-CUBE-SUBG2.5.0.0
2024-07-17 12:08:25,104 [WARN] PackLoader:240 - Cannot read IP mode file for Cesanta.I-CUBE-Mongoose.7.13.0
2024-07-17 12:08:25,151 [WARN] PackLoader:240 - Cannot read IP mode file for STMicroelectronics.X-CUBE-AZRTOS-G4.2.0.0
2024-07-17 12:08:25,173 [WARN] PackLoader:240 - Cannot read IP mode file for STMicroelectronics.X-CUBE-ISPU.2.0.0
2024-07-17 12:08:25,192 [WARN] PackLoader:240 - Cannot read IP mode file for STMicroelectronics.X-CUBE-ALS.1.0.2
2024-07-17 12:08:25,279 [WARN] PackLoader:240 - Cannot read IP mode file for STMicroelectronics.X-CUBE-MEMS1.10.0.0
2024-07-17 12:08:25,422 [WARN] PackLoader:240 - Cannot read IP mode file for STMicroelectronics.X-CUBE-TOUCHGFX.4.24.0
2024-07-17 12:08:25,443 [WARN] PackLoader:240 - Cannot read IP mode file for portGmbH.I-Cube-SoM-uGOAL.1.1.0
2024-07-17 12:08:25,482 [WARN] PackLoader:240 - Cannot read IP mode file for STMicroelectronics.X-CUBE-AZRTOS-H7RS.1.0.0
2024-07-17 12:08:25,503 [WARN] PackLoader:240 - Cannot read IP mode file for STMicroelectronics.FP-ATR-ASTRA1.2.0.0
2024-07-17 12:08:25,536 [WARN] PackLoader:240 - Cannot read IP mode file for STMicroelectronics.X-CUBE-TOF1.3.4.1
2024-07-17 12:08:25,616 [WARN] PackLoader:240 - Cannot read IP mode file for STMicroelectronics.X-CUBE-AZRTOS-H7.3.2.0
2024-07-17 12:08:25,658 [WARN] PackLoader:240 - Cannot read IP mode file for Infineon.AIROC-Wi-Fi-Bluetooth-STM32.1.6.0
2024-07-17 12:08:25,681 [WARN] PackLoader:240 - Cannot read IP mode file for wolfSSL.I-CUBE-wolfSSH.1.4.17
2024-07-17 12:08:25,682 [INFO] ThirdParty:978 - Integrity check success = true
2024-07-17 12:08:25,682 [INFO] IntegrityCheckThread:100 - exiting critical section [integrity check]
2024-07-17 12:08:25,682 [INFO] IntegrityCheckThread:103 - End integrity checks thread
2024-07-17 12:47:36,863 [INFO] McuFinderGlobals:63 - Set McuFinder mode to 2 (CubeIDE integrated)
2024-07-17 12:47:36,892 [INFO] MainUpdater:2873 - connection check result : 22
2024-07-17 12:48:15,852 [WARN] IntegrityCheckThread:84 - waiting for thirdparty lock release [integrity check]
2024-07-17 12:48:15,852 [INFO] IntegrityCheckThread:86 - entering critical section [integrity check]
2024-07-17 12:48:15,941 [WARN] PackLoader:240 - Cannot read IP mode file for STMicroelectronics.FP-SNS-MOTENVWB1.1.4.0
2024-07-17 12:48:15,944 [WARN] PackLoader:240 - Cannot read IP mode file for STMicroelectronics.X-CUBE-SMBUS.2.1.0
2024-07-17 12:48:15,949 [WARN] PackLoader:240 - Cannot read IP mode file for STMicroelectronics.X-CUBE-TOUCHGFX.4.23.2
2024-07-17 12:48:15,958 [WARN] PackLoader:240 - Cannot read IP mode file for STMicroelectronics.X-CUBE-AZRTOS-F7.1.1.0
2024-07-17 12:48:15,963 [WARN] PackLoader:240 - Cannot read IP mode file for STMicroelectronics.FP-SNS-FLIGHT1.5.0.2
2024-07-17 12:48:15,970 [WARN] PackLoader:240 - Cannot read IP mode file for STMicroelectronics.X-CUBE-DISPLAY.3.0.0
2024-07-17 12:48:15,976 [WARN] PackLoader:240 - Cannot read IP mode file for STMicroelectronics.X-CUBE-BLE1.7.0.0
2024-07-17 12:48:15,981 [WARN] PackLoader:240 - Cannot read IP mode file for emotas.I-CUBE-CANOPEN.1.3.0
2024-07-17 12:48:15,990 [WARN] PackLoader:240 - Cannot read IP mode file for STMicroelectronics.X-CUBE-BLEMGR.3.1.0
2024-07-17 12:48:15,995 [WARN] PackLoader:240 - Cannot read IP mode file for STMicroelectronics.FP-SNS-SMARTAG2.1.2.0
2024-07-17 12:48:16,004 [INFO] LogOutputStream:77 - [STDOUT_REDIRECT] 1 : Invalid condition id : UX_CORESTACK_Condition cause : null
2024-07-17 12:48:16,006 [INFO] LogOutputStream:77 - [STDOUT_REDIRECT] 1 : Invalid condition id : UX_CORESTACK_Condition cause : null
2024-07-17 12:48:16,008 [INFO] LogOutputStream:77 - [STDOUT_REDIRECT] 1 : Invalid condition id : UX_CORESTACK_Condition cause : null
2024-07-17 12:48:16,008 [INFO] LogOutputStream:77 - [STDOUT_REDIRECT] 1 : Invalid condition id : UX_CORESTACK_Condition cause : null
2024-07-17 12:48:16,009 [INFO] LogOutputStream:77 - [STDOUT_REDIRECT] 1 : Invalid condition id : UX_CORESTACK_Condition cause : null
2024-07-17 12:48:16,011 [WARN] PackLoader:240 - Cannot read IP mode file for STMicroelectronics.X-CUBE-AZRTOS-WL.2.0.0
2024-07-17 12:48:16,016 [WARN] PackLoader:240 - Cannot read IP mode file for STMicroelectronics.FP-SNS-MOTENV1.5.0.0
2024-07-17 12:48:16,020 [WARN] PackLoader:240 - Cannot read IP mode file for wolfSSL.I-CUBE-wolfMQTT.1.19.0
2024-07-17 12:48:16,024 [WARN] PackLoader:240 - Cannot read IP mode file for WES.I-CUBE-Cesium.1.3.0
2024-07-17 12:48:16,029 [WARN] PackLoader:240 - Cannot read IP mode file for STMicroelectronics.X-CUBE-BLE2.3.3.0
2024-07-17 12:48:16,035 [WARN] PackLoader:240 - Cannot read IP mode file for STMicroelectronics.X-CUBE-TCPP.4.1.0
2024-07-17 12:48:16,046 [WARN] PackLoader:240 - Cannot read IP mode file for STMicroelectronics.X-CUBE-AZRTOS-G0.1.1.0
2024-07-17 12:48:16,052 [WARN] PackLoader:240 - Cannot read IP mode file for STMicroelectronics.X-CUBE-SAFEA1.1.2.2
2024-07-17 12:48:16,056 [WARN] PackLoader:240 - Cannot read IP mode file for STMicroelectronics.X-CUBE-NFC4.3.0.0
2024-07-17 12:48:16,064 [WARN] PackLoader:240 - Cannot read IP mode file for EmbeddedOffice.I-CUBE-FS-RTOS.1.0.1
2024-07-17 12:48:16,064 [ERROR] ConditionMgr:805 - Attr not supported : Dmpu
2024-07-17 12:48:16,064 [ERROR] ConditionMgr:805 - Attr not supported : Dmpu
2024-07-17 12:48:16,064 [ERROR] ConditionMgr:805 - Attr not supported : Dmpu
2024-07-17 12:48:16,065 [ERROR] ConditionMgr:805 - Attr not supported : Dmpu
2024-07-17 12:48:16,065 [ERROR] ConditionMgr:805 - Attr not supported : Dmpu
2024-07-17 12:48:16,065 [ERROR] ConditionMgr:805 - Attr not supported : Dmpu
2024-07-17 12:48:16,065 [ERROR] ConditionMgr:805 - Attr not supported : Dmpu
2024-07-17 12:48:16,065 [ERROR] ConditionMgr:805 - Attr not supported : Dmpu
2024-07-17 12:48:16,065 [ERROR] ConditionMgr:805 - Attr not supported : Dmpu
2024-07-17 12:48:16,065 [ERROR] ConditionMgr:805 - Attr not supported : Dmpu
2024-07-17 12:48:16,065 [ERROR] ConditionMgr:805 - Attr not supported : Dmpu
2024-07-17 12:48:16,065 [ERROR] ConditionMgr:805 - Attr not supported : Dmpu
2024-07-17 12:48:16,065 [ERROR] ConditionMgr:805 - Attr not supported : Dmpu
2024-07-17 12:48:16,065 [ERROR] ConditionMgr:805 - Attr not supported : Dmpu
2024-07-17 12:48:16,065 [ERROR] ConditionMgr:805 - Attr not supported : Dmpu
2024-07-17 12:48:16,065 [ERROR] ConditionMgr:805 - Attr not supported : Dmpu
2024-07-17 12:48:16,065 [ERROR] ConditionMgr:805 - Attr not supported : Dmpu
2024-07-17 12:48:16,065 [ERROR] ConditionMgr:805 - Attr not supported : Dmpu
2024-07-17 12:48:16,065 [ERROR] ConditionMgr:805 - Attr not supported : Dmpu
2024-07-17 12:48:16,065 [ERROR] ConditionMgr:805 - Attr not supported : Dmpu
2024-07-17 12:48:16,065 [ERROR] ConditionMgr:805 - Attr not supported : Dmpu
2024-07-17 12:48:16,066 [ERROR] ConditionMgr:805 - Attr not supported : Dmpu
2024-07-17 12:48:16,066 [ERROR] ConditionMgr:805 - Attr not supported : Dmpu
2024-07-17 12:48:16,066 [ERROR] ConditionMgr:805 - Attr not supported : Dmpu
2024-07-17 12:48:16,066 [ERROR] ConditionMgr:805 - Attr not supported : Dmpu
2024-07-17 12:48:16,066 [ERROR] ConditionMgr:805 - Attr not supported : Dmpu
2024-07-17 12:48:16,066 [ERROR] ConditionMgr:805 - Attr not supported : Dmpu
2024-07-17 12:48:16,066 [ERROR] ConditionMgr:805 - Attr not supported : Dmpu
2024-07-17 12:48:16,066 [ERROR] ConditionMgr:805 - Attr not supported : Dmpu
2024-07-17 12:48:16,066 [ERROR] ConditionMgr:805 - Attr not supported : Dmpu
2024-07-17 12:48:16,066 [ERROR] ConditionMgr:805 - Attr not supported : Dmpu
2024-07-17 12:48:16,066 [ERROR] ConditionMgr:805 - Attr not supported : Dmpu
2024-07-17 12:48:16,066 [ERROR] ConditionMgr:805 - Attr not supported : Dmpu
2024-07-17 12:48:16,066 [ERROR] ConditionMgr:805 - Attr not supported : Dmpu
2024-07-17 12:48:16,066 [ERROR] ConditionMgr:805 - Attr not supported : Dmpu
2024-07-17 12:48:16,066 [ERROR] ConditionMgr:805 - Attr not supported : Dmpu
2024-07-17 12:48:16,066 [ERROR] ConditionMgr:805 - Attr not supported : Dmpu
2024-07-17 12:48:16,066 [ERROR] ConditionMgr:805 - Attr not supported : Dmpu
2024-07-17 12:48:16,067 [ERROR] ConditionMgr:805 - Attr not supported : Dmpu
2024-07-17 12:48:16,067 [ERROR] ConditionMgr:805 - Attr not supported : Dmpu
2024-07-17 12:48:16,067 [ERROR] ConditionMgr:805 - Attr not supported : Dmpu
2024-07-17 12:48:16,067 [ERROR] ConditionMgr:805 - Attr not supported : Dmpu
2024-07-17 12:48:16,067 [ERROR] ConditionMgr:805 - Attr not supported : Dmpu
2024-07-17 12:48:16,067 [ERROR] ConditionMgr:805 - Attr not supported : Dmpu
2024-07-17 12:48:16,067 [ERROR] ConditionMgr:805 - Attr not supported : Dmpu
2024-07-17 12:48:16,067 [ERROR] ConditionMgr:805 - Attr not supported : Dmpu
2024-07-17 12:48:16,067 [ERROR] ConditionMgr:805 - Attr not supported : Dmpu
2024-07-17 12:48:16,067 [ERROR] ConditionMgr:805 - Attr not supported : Dmpu
2024-07-17 12:48:16,067 [ERROR] ConditionMgr:805 - Attr not supported : Dmpu
2024-07-17 12:48:16,067 [ERROR] ConditionMgr:805 - Attr not supported : Dmpu
2024-07-17 12:48:16,067 [ERROR] ConditionMgr:805 - Attr not supported : Dmpu
2024-07-17 12:48:16,067 [ERROR] ConditionMgr:805 - Attr not supported : Dmpu
2024-07-17 12:48:16,067 [ERROR] ConditionMgr:805 - Attr not supported : Dmpu
2024-07-17 12:48:16,067 [ERROR] ConditionMgr:805 - Attr not supported : Dmpu
2024-07-17 12:48:16,067 [ERROR] ConditionMgr:805 - Attr not supported : Dmpu
2024-07-17 12:48:16,067 [ERROR] ConditionMgr:805 - Attr not supported : Dmpu
2024-07-17 12:48:16,067 [ERROR] ConditionMgr:805 - Attr not supported : Dmpu
2024-07-17 12:48:16,068 [ERROR] ConditionMgr:805 - Attr not supported : Dmpu
2024-07-17 12:48:16,068 [ERROR] ConditionMgr:805 - Attr not supported : Dmpu
2024-07-17 12:48:16,068 [ERROR] ConditionMgr:805 - Attr not supported : Dmpu
2024-07-17 12:48:16,068 [ERROR] ConditionMgr:805 - Attr not supported : Dmpu
2024-07-17 12:48:16,068 [ERROR] ConditionMgr:805 - Attr not supported : Dmpu
2024-07-17 12:48:16,068 [ERROR] ConditionMgr:805 - Attr not supported : Dmpu
2024-07-17 12:48:16,068 [ERROR] ConditionMgr:805 - Attr not supported : Dmpu
2024-07-17 12:48:16,073 [WARN] PackLoader:240 - Cannot read IP mode file for RealThread.X-CUBE-RT-Thread_Nano.4.1.1
2024-07-17 12:48:16,076 [WARN] PackLoader:240 - Cannot read IP mode file for wolfSSL.I-CUBE-wolfSSL.5.7.0
2024-07-17 12:48:16,081 [WARN] PackLoader:240 - Cannot read IP mode file for STMicroelectronics.FP-ATR-SIGFOX1.3.2.0
2024-07-17 12:48:16,087 [WARN] PackLoader:240 - Cannot read IP mode file for STMicroelectronics.X-CUBE-EEPRMA1.5.1.0
2024-07-17 12:48:16,093 [WARN] PackLoader:240 - Cannot read IP mode file for ITTIA_DB.I-CUBE-ITTIADB.8.9.0
2024-07-17 12:48:16,131 [WARN] PackLoader:240 - Cannot read IP mode file for SEGGER.I-CUBE-embOS.1.3.1
2024-07-17 12:48:16,147 [WARN] PackLoader:240 - Cannot read IP mode file for STMicroelectronics.X-CUBE-ALGOBUILD.1.4.0
2024-07-17 12:48:16,151 [WARN] PackLoader:240 - Cannot read IP mode file for STMicroelectronics.X-CUBE-GNSS1.6.0.0
2024-07-17 12:48:16,161 [WARN] PackLoader:240 - Cannot read IP mode file for STMicroelectronics.X-CUBE-AZRTOS-F4.1.1.0
2024-07-17 12:48:16,166 [WARN] PackLoader:240 - Cannot read IP mode file for STMicroelectronics.X-CUBE-FREERTOS.1.2.0
2024-07-17 12:48:16,178 [WARN] PackLoader:240 - Cannot read IP mode file for STMicroelectronics.X-CUBE-AZRTOS-L5.2.0.0
2024-07-17 12:48:16,184 [WARN] PackLoader:240 - Cannot read IP mode file for STMicroelectronics.X-CUBE-NFC6.3.1.0
2024-07-17 12:48:16,189 [WARN] PackLoader:240 - Cannot read IP mode file for STMicroelectronics.X-CUBE-DPower.1.2.0
2024-07-17 12:48:16,193 [WARN] PackLoader:240 - Cannot read IP mode file for STMicroelectronics.X-CUBE-AI.9.0.0
2024-07-17 12:48:16,197 [WARN] PackLoader:240 - Cannot read IP mode file for STMicroelectronics.X-CUBE-NFC7.1.0.1
2024-07-17 12:48:16,201 [WARN] PackLoader:240 - Cannot read IP mode file for wolfSSL.I-CUBE-wolfTPM.3.2.0
2024-07-17 12:48:16,211 [WARN] ConditionMgr:438 - getConditionDescription Invalid condition id : LAN8742 Phy interface Condition cause : null
2024-07-17 12:48:16,212 [WARN] PackLoader:240 - Cannot read IP mode file for STMicroelectronics.X-CUBE-AZRTOS-L4.2.0.0
2024-07-17 12:48:16,213 [WARN] ConditionMgr:1039 - genDependencies : Invalid condition id : LAN8742 Phy interface Condition cause : null
2024-07-17 12:48:16,213 [WARN] ConditionMgr:1039 - genDependencies : Invalid condition id : LAN8742 Phy interface Condition cause : null
2024-07-17 12:48:16,214 [WARN] ConditionMgr:1039 - genDependencies : Invalid condition id : LAN8742 Phy interface Condition cause : null
2024-07-17 12:48:16,220 [WARN] PackLoader:240 - Cannot read IP mode file for STMicroelectronics.X-CUBE-SFXS2LP1.4.0.0
2024-07-17 12:48:16,232 [WARN] ConditionMgr:438 - getConditionDescription Invalid condition id : UX DEVICE CLASS RTOS Condition cause : null
2024-07-17 12:48:16,233 [WARN] ConditionMgr:438 - getConditionDescription Invalid condition id : UX DEVICE CLASS RTOS Condition cause : null
2024-07-17 12:48:16,234 [WARN] PackLoader:240 - Cannot read IP mode file for STMicroelectronics.X-CUBE-AZRTOS-WB.2.0.0
2024-07-17 12:48:16,235 [WARN] ConditionMgr:1039 - genDependencies : Invalid condition id : UX DEVICE CLASS RTOS Condition cause : null
2024-07-17 12:48:16,235 [WARN] ConditionMgr:1039 - genDependencies : Invalid condition id : UX DEVICE CLASS RTOS Condition cause : null
2024-07-17 12:48:16,235 [WARN] ConditionMgr:1039 - genDependencies : Invalid condition id : UX DEVICE CLASS RTOS Condition cause : null
2024-07-17 12:48:16,235 [WARN] ConditionMgr:1039 - genDependencies : Invalid condition id : UX DEVICE CLASS RTOS Condition cause : null
2024-07-17 12:48:16,235 [WARN] ConditionMgr:1039 - genDependencies : Invalid condition id : UX DEVICE CLASS RTOS Condition cause : null
2024-07-17 12:48:16,241 [WARN] PackLoader:240 - Cannot read IP mode file for STMicroelectronics.X-CUBE-SUBG2.5.0.0
2024-07-17 12:48:16,252 [WARN] PackLoader:240 - Cannot read IP mode file for Cesanta.I-CUBE-Mongoose.7.13.0
2024-07-17 12:48:16,263 [WARN] PackLoader:240 - Cannot read IP mode file for STMicroelectronics.X-CUBE-AZRTOS-G4.2.0.0
2024-07-17 12:48:16,269 [WARN] PackLoader:240 - Cannot read IP mode file for STMicroelectronics.X-CUBE-ISPU.2.0.0
2024-07-17 12:48:16,274 [WARN] PackLoader:240 - Cannot read IP mode file for STMicroelectronics.X-CUBE-ALS.1.0.2
2024-07-17 12:48:16,299 [WARN] PackLoader:240 - Cannot read IP mode file for STMicroelectronics.X-CUBE-MEMS1.10.0.0
2024-07-17 12:48:16,428 [WARN] PackLoader:240 - Cannot read IP mode file for STMicroelectronics.X-CUBE-TOUCHGFX.4.24.0
2024-07-17 12:48:16,435 [WARN] PackLoader:240 - Cannot read IP mode file for portGmbH.I-Cube-SoM-uGOAL.1.1.0
2024-07-17 12:48:16,450 [WARN] PackLoader:240 - Cannot read IP mode file for STMicroelectronics.X-CUBE-AZRTOS-H7RS.1.0.0
2024-07-17 12:48:16,456 [WARN] PackLoader:240 - Cannot read IP mode file for STMicroelectronics.FP-ATR-ASTRA1.2.0.0
2024-07-17 12:48:16,464 [WARN] PackLoader:240 - Cannot read IP mode file for STMicroelectronics.X-CUBE-TOF1.3.4.1
2024-07-17 12:48:16,481 [WARN] PackLoader:240 - Cannot read IP mode file for STMicroelectronics.X-CUBE-AZRTOS-H7.3.2.0
2024-07-17 12:48:16,492 [WARN] PackLoader:240 - Cannot read IP mode file for Infineon.AIROC-Wi-Fi-Bluetooth-STM32.1.6.0
2024-07-17 12:48:16,499 [WARN] PackLoader:240 - Cannot read IP mode file for wolfSSL.I-CUBE-wolfSSH.1.4.17
2024-07-17 12:48:16,500 [INFO] ThirdParty:978 - Integrity check success = true
2024-07-17 12:48:16,500 [INFO] IntegrityCheckThread:100 - exiting critical section [integrity check]
2024-07-17 12:48:16,500 [INFO] IntegrityCheckThread:103 - End integrity checks thread
2024-07-17 12:48:27,937 [INFO] MainUpdater:2873 - connection check result : 22
2024-07-17 12:48:32,487 [INFO] ApiDb:581 - Connected to CubeFinder SQLite database (C:\Users\suriy\.stmcufinder\plugins\mcufinder\mcu\cube-finder-db.db)
2024-07-17 12:48:32,572 [INFO] ApiDb:668 - CubeFinder database Data Model version=2.1
2024-07-17 12:48:32,572 [INFO] ApiDb:669 - CubeFinder database Configuration version=3.0.39
2024-07-17 12:48:32,573 [INFO] ApiDb:670 - CubeFinder database generation date=2024-06-20 (1718880634)
2024-07-17 12:48:32,573 [INFO] ApiDb:671 - CubeFinder database FW Pack versions=[FP-ATR-ASTRA1_V2.0.0, FP-SNS-FLIGHT1_V5.0.2, FP-SNS-MOTENV1_V5.0.0, FP-SNS-MOTENVWB1_V1.4.0, FP-SNS-SMARTAG2_V1.2.0, STM32Cube_FW_C0_V1.2.0, STM32Cube_FW_F4_V1.28.0, STM32Cube_FW_F7_V1.17.2, STM32Cube_FW_G0_V1.6.2, STM32Cube_FW_G4_V1.6.0, STM32Cube_FW_H5_V1.3.0, STM32Cube_FW_H7RS_V1.1.0, STM32Cube_FW_H7_V1.11.2, STM32Cube_FW_L0_V1.12.2, STM32Cube_FW_L5_V1.5.1, STM32Cube_FW_U0_V1.1.0, STM32Cube_FW_U5_V1.6.0, STM32Cube_FW_WB0_V1.0.0, STM32Cube_FW_WBA_V1.4.0, STM32Cube_FW_WB_V1.20.0, STM32Cube_FW_WL_V1.3.0, X-CUBE-ALGOBUILD_V1.4.0, X-CUBE-ALS_V1.0.2, X-CUBE-AZRTOS-F4_V1.1.0, X-CUBE-AZRTOS-F7_V1.1.0, X-CUBE-AZRTOS-G0_V1.1.0, X-CUBE-AZRTOS-G4_V2.0.0, X-CUBE-AZRTOS-H7RS_V1.0.0, X-CUBE-AZRTOS-H7_V3.2.0, X-CUBE-AZRTOS-L4_V2.0.0, X-CUBE-AZRTOS-L5_V1.1.0, X-CUBE-AZRTOS-WB_V2.0.0, X-CUBE-AZRTOS-WL_V2.0.0, X-CUBE-BLE1_V7.0.0, X-CUBE-BLE2_V3.3.0, X-CUBE-BLEMGR_V3.1.0, X-CUBE-EEPRMA1_V5.1.0, X-CUBE-FREERTOS_V1.2.0, X-CUBE-GNSS1_V6.0.0, X-CUBE-MEMS1_V10.0.0, X-CUBE-NFC4_V3.0.0, X-CUBE-NFC7_V1.0.1, X-CUBE-SFXS2LP1_V4.0.0, X-CUBE-SUBG2_V5.0.0, X-CUBE-TOF1_V3.4.1]
2024-07-17 12:48:32,700 [INFO] DbBoardsSqlite:226 - include board P-NUCLEO-WB55-NUCLEO as a kit item of type 'Nucleo-64'
2024-07-17 12:48:32,700 [INFO] DbBoardsSqlite:226 - include board P-NUCLEO-WB55-USBDONGLE as a kit item of type 'Nucleo USB Dongle'
2024-07-17 12:48:32,702 [INFO] DbBoardsSqlite:226 - include board STEVAL-IDP005V1 as a kit item of type 'Evaluation Board'
2024-07-17 12:48:32,702 [INFO] DbBoardsSqlite:226 - include board STEVAL-IDP005V2 as a kit item of type 'Evaluation Board'
2024-07-17 12:48:33,179 [INFO] ApiDb:240 - Found 483 in-development CPN: [B-G473E-ZEST1S, B-WB1M-WPAN1, B-WL5M-SUBG1, NUCLEO-C031C6, NUCLEO-H503RB, NUCLEO-H533RE, NUCLEO-H563ZI, NUCLEO-H7S3L8, NUCLEO-U031R8, NUCLEO-U083RC, NUCLEO-U545RE-Q, NUCLEO-U5A5ZJ-Q, NUCLEO-WBA52CG, NUCLEO-WBA55CG, STEVAL-PROTEUS1, STEVAL-SMARTAG2, STEVAL-STWINBX1, STM320518-EVAL, STM32C0116-DK, STM32C011D6Y3TR, STM32C011D6Y6TR, STM32C011F4P3, STM32C011F4P6, STM32C011F4U3, STM32C011F4U6TR, STM32C011F6P3, STM32C011F6P6, STM32C011F6U3, STM32C011F6U6TR, STM32C011J4M3, STM32C011J4M6, STM32C011J6M3, STM32C011J6M6, STM32C0316-DK, STM32C031C4T3, STM32C031C4T6, STM32C031C4U3, STM32C031C4U6, STM32C031C6T3, STM32C031C6T6, STM32C031C6U3, STM32C031C6U6, STM32C031F4P3, STM32C031F4P6, STM32C031F6P3, STM32C031F6P6, STM32C031G4U3, STM32C031G4U6, STM32C031G6U3, STM32C031G6U6, STM32C031K4T3, STM32C031K4T6, STM32C031K4U3, STM32C031K4U6, STM32C031K6T3, STM32C031K6T6, STM32C031K6U3, STM32C031K6U6, STM32G071K8TXN, STM32G071K8UXN, STM32G081GBU6N, STM32G081KBT6N, STM32G081KBUXN, STM32G0B1CCT6N, STM32G0B1KCT6, STM32G0B1NEY6TR, STM32G0B1RCT6N, STM32G0C1CCT6, STM32G0C1CCT6N, STM32G0C1CCU6N, STM32G0C1CET6N, STM32G0C1CEU6N, STM32G0C1KCT6, STM32G0C1NEY6TR, STM32G0C1RCI6N, STM32G0C1RCT6N, STM32G0C1REI6N, STM32G0C1RET6N, STM32G0C1VCI6, STM32G0C1VEI6, STM32G471CCT6, STM32G471CCU6, STM32G471CET3, STM32G471CET6, STM32G471CEU3, STM32G471CEU6, STM32G471MCT6, STM32G471MET3, STM32G471MET6, STM32G471MEY6TR, STM32G471QCT6, STM32G471QET3, STM32G471RCT6, STM32G471RET3, STM32G471RET6, STM32G471VCH6, STM32G471VCI6, STM32G471VCT6, STM32G471VEH3, STM32G471VEH6, STM32G471VEI3, STM32G471VEI6, STM32G471VET3, STM32G471VET6, STM32G474CCT6, STM32H503CBT6, STM32H503CBU6, STM32H503EBY6TR, STM32H503KBU6, STM32H503RBT6, STM32H523CCT6, STM32H523CCU6, STM32H523CET6, STM32H523CEU6, STM32H523HEY6TR, STM32H523RCT6, STM32H523RET6, STM32H523VCI6, STM32H523VCT6, STM32H523VEI6, STM32H523VET6, STM32H523ZCJ6, STM32H523ZCT6, STM32H523ZEJ6, STM32H523ZET6, STM32H533CET6, STM32H533CEU6, STM32H533HEY6TR, STM32H533RET6, STM32H533VEI6, STM32H533VET6, STM32H533ZEJ6, STM32H533ZET6, STM32H562AGI6, STM32H562AII6, STM32H562IGK6, STM32H562IGT6, STM32H562IIK6, STM32H562IIT6, STM32H562RGT6, STM32H562RGV6, STM32H562RIT6, STM32H562RIV6, STM32H562VGT6, STM32H562VIT6, STM32H562ZGT6, STM32H562ZIT6, STM32H563AGI6, STM32H563AII3Q, STM32H563AII6, STM32H563IGK6, STM32H563IGT6, STM32H563IIK3Q, STM32H563IIK6, STM32H563IIT3Q, STM32H563IIT6, STM32H563MIY3QTR, STM32H563RGT6, STM32H563RGV6, STM32H563RIT6, STM32H563RIV6, STM32H563VGT6, STM32H563VIT3Q, STM32H563VIT6, STM32H563ZGT6, STM32H563ZIT3Q, STM32H563ZIT6, STM32H573AII3Q, STM32H573AII6, STM32H573I-DK, STM32H573IIK3Q, STM32H573IIK6, STM32H573IIT3Q, STM32H573IIT6, STM32H573MIY3QTR, STM32H573RIT6, STM32H573RIV6, STM32H573VIT3Q, STM32H573VIT6, STM32H573ZIT3Q, STM32H573ZIT6, STM32H7R3A8I6, STM32H7R3I8K6, STM32H7R3I8T6, STM32H7R3L8H6, STM32H7R3L8H6H, STM32H7R3R8V6, STM32H7R3V8H6, STM32H7R3V8T6, STM32H7R3V8Y6, STM32H7R3Z8J6, STM32H7R3Z8T6, STM32H7R7A8I6, STM32H7R7I8K6, STM32H7R7I8T6, STM32H7R7L8H6, STM32H7R7L8H6H, STM32H7R7Z8J6, STM32H7S3A8I6, STM32H7S3I8K6, STM32H7S3I8T6, STM32H7S3L8H6, STM32H7S3L8H6H, STM32H7S3R8V6, STM32H7S3V8H6, STM32H7S3V8T6, STM32H7S3V8Y6, STM32H7S3Z8J6, STM32H7S3Z8T6, STM32H7S78-DK, STM32H7S7A8I6, STM32H7S7I8K6, STM32H7S7I8T6, STM32H7S7L8H6, STM32H7S7L8H6H, STM32H7S7Z8J6, STM32L4R5QGI6STR, STM32MP131AAE3, STM32MP131AAF3, STM32MP131AAG3, STM32MP131CAE3, STM32MP131CAF3, STM32MP131CAG3, STM32MP131DAE7, STM32MP131DAF7, STM32MP131DAG7, STM32MP131FAE7, STM32MP131FAF7, STM32MP131FAG7, STM32MP133AAE3, STM32MP133AAF3, STM32MP133AAG3, STM32MP133CAE3, STM32MP133CAF3, STM32MP133CAG3, STM32MP133DAE7, STM32MP133DAF7, STM32MP133DAG7, STM32MP133FAE7, STM32MP133FAF7, STM32MP133FAG7, STM32MP135AAE3, STM32MP135AAF3, STM32MP135AAG3, STM32MP135CAE3, STM32MP135CAF3, STM32MP135CAG3, STM32MP135DAE7, STM32MP135DAF7, STM32MP135DAG7, STM32MP135F-DK, STM32MP135FAE7, STM32MP135FAF7, STM32MP135FAF7T, STM32MP135FAF7U, STM32MP135FAG7, STM32U031C6T6, STM32U031C6U6, STM32U031C8T6, STM32U031C8U6, STM32U031F4P6, STM32U031F6P6, STM32U031F8P6, STM32U031G6Y6TR, STM32U031G8Y6TR, STM32U031K4U6, STM32U031K6U6, STM32U031K8U6, STM32U031R6I6, STM32U031R6T6, STM32U031R8I6, STM32U031R8T6, STM32U073C8T6, STM32U073C8U6, STM32U073CBT6, STM32U073CBU6, STM32U073CCT6, STM32U073CCU6, STM32U073H8Y6TR, STM32U073HBY6TR, STM32U073HCY6TR, STM32U073K8U6, STM32U073KBU6, STM32U073KCU6, STM32U073M8I6, STM32U073M8T6, STM32U073MBI6, STM32U073MBT6, STM32U073MCI6, STM32U073MCT6, STM32U073R8I6, STM32U073R8T6, STM32U073RBI6, STM32U073RBT6, STM32U073RCI6, STM32U073RCT6, STM32U083C-DK, STM32U083CCT6, STM32U083CCU6, STM32U083HCY6TR, STM32U083KCU6, STM32U083MCI6, STM32U083MCT6, STM32U083RCI6, STM32U083RCT6, STM32U535CBT6, STM32U535CBT6Q, STM32U535CBU6, STM32U535CBU6Q, STM32U535CCT6, STM32U535CCT6Q, STM32U535CCU6, STM32U535CCU6Q, STM32U535CET6, STM32U535CET6Q, STM32U535CEU6, STM32U535CEU6Q, STM32U535JEY6QTR, STM32U535NCY6QTR, STM32U535NEY6QTR, STM32U535RBI6, STM32U535RBI6Q, STM32U535RBT6, STM32U535RBT6Q, STM32U535RCI6, STM32U535RCI6Q, STM32U535RCT6, STM32U535RCT6Q, STM32U535REI6, STM32U535REI6Q, STM32U535RET6, STM32U535RET6Q, STM32U535VCI6, STM32U535VCI6Q, STM32U535VCT6, STM32U535VCT6Q, STM32U535VEI6, STM32U535VEI6Q, STM32U535VET6, STM32U535VET6Q, STM32U545CET6, STM32U545CET6Q, STM32U545CEU6, STM32U545CEU6Q, STM32U545JEY6QTR, STM32U545NEY6QTR, STM32U545REI6, STM32U545REI6Q, STM32U545RET6, STM32U545RET6Q, STM32U545VEI6, STM32U545VEI6Q, STM32U545VET6, STM32U545VET6Q, STM32U595AIH6, STM32U595AIH6Q, STM32U595AJH6, STM32U595AJH6Q, STM32U595QII6, STM32U595QII6Q, STM32U595QJI6, STM32U595QJI6Q, STM32U595RIT6, STM32U595RIT6Q, STM32U595RJT6, STM32U595RJT6Q, STM32U595VIT6, STM32U595VIT6Q, STM32U595VJT6, STM32U595VJT6Q, STM32U595ZIT6, STM32U595ZIT6Q, STM32U595ZIY6QTR, STM32U595ZJT6, STM32U595ZJT6Q, STM32U595ZJY6QTR, STM32U599BJY6QTR, STM32U599NIH6Q, STM32U599NJH6Q, STM32U599VIT6Q, STM32U599VJT6, STM32U599VJT6Q, STM32U599ZIT6Q, STM32U599ZIY6QTR, STM32U599ZJT6Q, STM32U599ZJY6QTR, STM32U5A5AJH6, STM32U5A5AJH6Q, STM32U5A5QII3Q , STM32U5A5QJI6, STM32U5A5QJI6Q, STM32U5A5RJT6, STM32U5A5RJT6Q, STM32U5A5VJT6, STM32U5A5VJT6Q, STM32U5A5ZJT6, STM32U5A5ZJT6Q, STM32U5A5ZJY6QTR, STM32U5A9BJY6QTR, STM32U5A9J-DK, STM32U5A9NJH6Q, STM32U5A9VJT6Q, STM32U5A9ZJT6Q, STM32U5A9ZJY6QTR, STM32U5F7VIT6, STM32U5F7VIT6Q, STM32U5F7VJT6, STM32U5F7VJT6Q, STM32U5F9BJY6QTR, STM32U5F9NJH6Q, STM32U5F9VIT6Q, STM32U5F9VJT6Q, STM32U5F9ZIJ6QTR, STM32U5F9ZIT6Q, STM32U5F9ZJJ6QTR, STM32U5F9ZJT6Q, STM32U5G7VJT6, STM32U5G7VJT6Q, STM32U5G9BJY6QTR, STM32U5G9J-DK1, STM32U5G9J-DK2, STM32U5G9NJH6Q, STM32U5G9VJT6Q, STM32U5G9ZJJ6QTR, STM32U5G9ZJT6Q, STM32WB1MMCH6, STM32WBA50KEU6, STM32WBA50KEU6TR, STM32WBA50KGU6, STM32WBA50KGU6TR, STM32WBA52CEU6, STM32WBA52CEU6TR, STM32WBA52CEU7, STM32WBA52CEU7TR, STM32WBA52CGU6, STM32WBA52CGU6TR, STM32WBA52CGU6U, STM32WBA52CGU7, STM32WBA52CGU7TR, STM32WBA52KEU6, STM32WBA52KEU6TR, STM32WBA52KGU6, STM32WBA52KGU6TR, STM32WBA54CEU6, STM32WBA54CEU6TR, STM32WBA54CEU7, STM32WBA54CEU7TR, STM32WBA54CGU6, STM32WBA54CGU6TR, STM32WBA54CGU7, STM32WBA54CGU7TR, STM32WBA54KEU6, STM32WBA54KEU6TR, STM32WBA54KEU7, STM32WBA54KEU7TR, STM32WBA54KGU6, STM32WBA54KGU6TR, STM32WBA54KGU7, STM32WBA54KGU7TR, STM32WBA55CEU6, STM32WBA55CEU6TR, STM32WBA55CEU7, STM32WBA55CEU7TR, STM32WBA55CGU6, STM32WBA55CGU6TR, STM32WBA55CGU6U, STM32WBA55CGU7, STM32WBA55CGU7TR, STM32WBA55G-DK1, STM32WBA55HEF6, STM32WBA55HEF7, STM32WBA55HGF6, STM32WBA55HGF7, STM32WBA55UEI6, STM32WBA55UEI6TR, STM32WBA55UEI7, STM32WBA55UEI7TR, STM32WBA55UGI6, STM32WBA55UGI6TR, STM32WBA55UGI7, STM32WBA55UGI7TR, STM32WL5MOCH6, STM32WL5MOCH6TR]
2024-07-17 12:48:33,182 [INFO] ApiDb:668 - CubeFinder database Data Model version=2.1
2024-07-17 12:48:33,183 [INFO] ApiDb:669 - CubeFinder database Configuration version=3.0.39
2024-07-17 12:48:33,183 [INFO] ApiDb:670 - CubeFinder database generation date=2024-06-20 (1718880634)
2024-07-17 12:48:33,183 [INFO] ApiDb:671 - CubeFinder database FW Pack versions=[FP-ATR-ASTRA1_V2.0.0, FP-SNS-FLIGHT1_V5.0.2, FP-SNS-MOTENV1_V5.0.0, FP-SNS-MOTENVWB1_V1.4.0, FP-SNS-SMARTAG2_V1.2.0, STM32Cube_FW_C0_V1.2.0, STM32Cube_FW_F4_V1.28.0, STM32Cube_FW_F7_V1.17.2, STM32Cube_FW_G0_V1.6.2, STM32Cube_FW_G4_V1.6.0, STM32Cube_FW_H5_V1.3.0, STM32Cube_FW_H7RS_V1.1.0, STM32Cube_FW_H7_V1.11.2, STM32Cube_FW_L0_V1.12.2, STM32Cube_FW_L5_V1.5.1, STM32Cube_FW_U0_V1.1.0, STM32Cube_FW_U5_V1.6.0, STM32Cube_FW_WB0_V1.0.0, STM32Cube_FW_WBA_V1.4.0, STM32Cube_FW_WB_V1.20.0, STM32Cube_FW_WL_V1.3.0, X-CUBE-ALGOBUILD_V1.4.0, X-CUBE-ALS_V1.0.2, X-CUBE-AZRTOS-F4_V1.1.0, X-CUBE-AZRTOS-F7_V1.1.0, X-CUBE-AZRTOS-G0_V1.1.0, X-CUBE-AZRTOS-G4_V2.0.0, X-CUBE-AZRTOS-H7RS_V1.0.0, X-CUBE-AZRTOS-H7_V3.2.0, X-CUBE-AZRTOS-L4_V2.0.0, X-CUBE-AZRTOS-L5_V1.1.0, X-CUBE-AZRTOS-WB_V2.0.0, X-CUBE-AZRTOS-WL_V2.0.0, X-CUBE-BLE1_V7.0.0, X-CUBE-BLE2_V3.3.0, X-CUBE-BLEMGR_V3.1.0, X-CUBE-EEPRMA1_V5.1.0, X-CUBE-FREERTOS_V1.2.0, X-CUBE-GNSS1_V6.0.0, X-CUBE-MEMS1_V10.0.0, X-CUBE-NFC4_V3.0.0, X-CUBE-NFC7_V1.0.1, X-CUBE-SFXS2LP1_V4.0.0, X-CUBE-SUBG2_V5.0.0, X-CUBE-TOF1_V3.4.1]
2024-07-17 12:48:34,718 [INFO] ApiDb:240 - Found 483 in-development CPN: [B-G473E-ZEST1S, B-WB1M-WPAN1, B-WL5M-SUBG1, NUCLEO-C031C6, NUCLEO-H503RB, NUCLEO-H533RE, NUCLEO-H563ZI, NUCLEO-H7S3L8, NUCLEO-U031R8, NUCLEO-U083RC, NUCLEO-U545RE-Q, NUCLEO-U5A5ZJ-Q, NUCLEO-WBA52CG, NUCLEO-WBA55CG, STEVAL-PROTEUS1, STEVAL-SMARTAG2, STEVAL-STWINBX1, STM320518-EVAL, STM32C0116-DK, STM32C011D6Y3TR, STM32C011D6Y6TR, STM32C011F4P3, STM32C011F4P6, STM32C011F4U3, STM32C011F4U6TR, STM32C011F6P3, STM32C011F6P6, STM32C011F6U3, STM32C011F6U6TR, STM32C011J4M3, STM32C011J4M6, STM32C011J6M3, STM32C011J6M6, STM32C0316-DK, STM32C031C4T3, STM32C031C4T6, STM32C031C4U3, STM32C031C4U6, STM32C031C6T3, STM32C031C6T6, STM32C031C6U3, STM32C031C6U6, STM32C031F4P3, STM32C031F4P6, STM32C031F6P3, STM32C031F6P6, STM32C031G4U3, STM32C031G4U6, STM32C031G6U3, STM32C031G6U6, STM32C031K4T3, STM32C031K4T6, STM32C031K4U3, STM32C031K4U6, STM32C031K6T3, STM32C031K6T6, STM32C031K6U3, STM32C031K6U6, STM32G071K8TXN, STM32G071K8UXN, STM32G081GBU6N, STM32G081KBT6N, STM32G081KBUXN, STM32G0B1CCT6N, STM32G0B1KCT6, STM32G0B1NEY6TR, STM32G0B1RCT6N, STM32G0C1CCT6, STM32G0C1CCT6N, STM32G0C1CCU6N, STM32G0C1CET6N, STM32G0C1CEU6N, STM32G0C1KCT6, STM32G0C1NEY6TR, STM32G0C1RCI6N, STM32G0C1RCT6N, STM32G0C1REI6N, STM32G0C1RET6N, STM32G0C1VCI6, STM32G0C1VEI6, STM32G471CCT6, STM32G471CCU6, STM32G471CET3, STM32G471CET6, STM32G471CEU3, STM32G471CEU6, STM32G471MCT6, STM32G471MET3, STM32G471MET6, STM32G471MEY6TR, STM32G471QCT6, STM32G471QET3, STM32G471RCT6, STM32G471RET3, STM32G471RET6, STM32G471VCH6, STM32G471VCI6, STM32G471VCT6, STM32G471VEH3, STM32G471VEH6, STM32G471VEI3, STM32G471VEI6, STM32G471VET3, STM32G471VET6, STM32G474CCT6, STM32H503CBT6, STM32H503CBU6, STM32H503EBY6TR, STM32H503KBU6, STM32H503RBT6, STM32H523CCT6, STM32H523CCU6, STM32H523CET6, STM32H523CEU6, STM32H523HEY6TR, STM32H523RCT6, STM32H523RET6, STM32H523VCI6, STM32H523VCT6, STM32H523VEI6, STM32H523VET6, STM32H523ZCJ6, STM32H523ZCT6, STM32H523ZEJ6, STM32H523ZET6, STM32H533CET6, STM32H533CEU6, STM32H533HEY6TR, STM32H533RET6, STM32H533VEI6, STM32H533VET6, STM32H533ZEJ6, STM32H533ZET6, STM32H562AGI6, STM32H562AII6, STM32H562IGK6, STM32H562IGT6, STM32H562IIK6, STM32H562IIT6, STM32H562RGT6, STM32H562RGV6, STM32H562RIT6, STM32H562RIV6, STM32H562VGT6, STM32H562VIT6, STM32H562ZGT6, STM32H562ZIT6, STM32H563AGI6, STM32H563AII3Q, STM32H563AII6, STM32H563IGK6, STM32H563IGT6, STM32H563IIK3Q, STM32H563IIK6, STM32H563IIT3Q, STM32H563IIT6, STM32H563MIY3QTR, STM32H563RGT6, STM32H563RGV6, STM32H563RIT6, STM32H563RIV6, STM32H563VGT6, STM32H563VIT3Q, STM32H563VIT6, STM32H563ZGT6, STM32H563ZIT3Q, STM32H563ZIT6, STM32H573AII3Q, STM32H573AII6, STM32H573I-DK, STM32H573IIK3Q, STM32H573IIK6, STM32H573IIT3Q, STM32H573IIT6, STM32H573MIY3QTR, STM32H573RIT6, STM32H573RIV6, STM32H573VIT3Q, STM32H573VIT6, STM32H573ZIT3Q, STM32H573ZIT6, STM32H7R3A8I6, STM32H7R3I8K6, STM32H7R3I8T6, STM32H7R3L8H6, STM32H7R3L8H6H, STM32H7R3R8V6, STM32H7R3V8H6, STM32H7R3V8T6, STM32H7R3V8Y6, STM32H7R3Z8J6, STM32H7R3Z8T6, STM32H7R7A8I6, STM32H7R7I8K6, STM32H7R7I8T6, STM32H7R7L8H6, STM32H7R7L8H6H, STM32H7R7Z8J6, STM32H7S3A8I6, STM32H7S3I8K6, STM32H7S3I8T6, STM32H7S3L8H6, STM32H7S3L8H6H, STM32H7S3R8V6, STM32H7S3V8H6, STM32H7S3V8T6, STM32H7S3V8Y6, STM32H7S3Z8J6, STM32H7S3Z8T6, STM32H7S78-DK, STM32H7S7A8I6, STM32H7S7I8K6, STM32H7S7I8T6, STM32H7S7L8H6, STM32H7S7L8H6H, STM32H7S7Z8J6, STM32L4R5QGI6STR, STM32MP131AAE3, STM32MP131AAF3, STM32MP131AAG3, STM32MP131CAE3, STM32MP131CAF3, STM32MP131CAG3, STM32MP131DAE7, STM32MP131DAF7, STM32MP131DAG7, STM32MP131FAE7, STM32MP131FAF7, STM32MP131FAG7, STM32MP133AAE3, STM32MP133AAF3, STM32MP133AAG3, STM32MP133CAE3, STM32MP133CAF3, STM32MP133CAG3, STM32MP133DAE7, STM32MP133DAF7, STM32MP133DAG7, STM32MP133FAE7, STM32MP133FAF7, STM32MP133FAG7, STM32MP135AAE3, STM32MP135AAF3, STM32MP135AAG3, STM32MP135CAE3, STM32MP135CAF3, STM32MP135CAG3, STM32MP135DAE7, STM32MP135DAF7, STM32MP135DAG7, STM32MP135F-DK, STM32MP135FAE7, STM32MP135FAF7, STM32MP135FAF7T, STM32MP135FAF7U, STM32MP135FAG7, STM32U031C6T6, STM32U031C6U6, STM32U031C8T6, STM32U031C8U6, STM32U031F4P6, STM32U031F6P6, STM32U031F8P6, STM32U031G6Y6TR, STM32U031G8Y6TR, STM32U031K4U6, STM32U031K6U6, STM32U031K8U6, STM32U031R6I6, STM32U031R6T6, STM32U031R8I6, STM32U031R8T6, STM32U073C8T6, STM32U073C8U6, STM32U073CBT6, STM32U073CBU6, STM32U073CCT6, STM32U073CCU6, STM32U073H8Y6TR, STM32U073HBY6TR, STM32U073HCY6TR, STM32U073K8U6, STM32U073KBU6, STM32U073KCU6, STM32U073M8I6, STM32U073M8T6, STM32U073MBI6, STM32U073MBT6, STM32U073MCI6, STM32U073MCT6, STM32U073R8I6, STM32U073R8T6, STM32U073RBI6, STM32U073RBT6, STM32U073RCI6, STM32U073RCT6, STM32U083C-DK, STM32U083CCT6, STM32U083CCU6, STM32U083HCY6TR, STM32U083KCU6, STM32U083MCI6, STM32U083MCT6, STM32U083RCI6, STM32U083RCT6, STM32U535CBT6, STM32U535CBT6Q, STM32U535CBU6, STM32U535CBU6Q, STM32U535CCT6, STM32U535CCT6Q, STM32U535CCU6, STM32U535CCU6Q, STM32U535CET6, STM32U535CET6Q, STM32U535CEU6, STM32U535CEU6Q, STM32U535JEY6QTR, STM32U535NCY6QTR, STM32U535NEY6QTR, STM32U535RBI6, STM32U535RBI6Q, STM32U535RBT6, STM32U535RBT6Q, STM32U535RCI6, STM32U535RCI6Q, STM32U535RCT6, STM32U535RCT6Q, STM32U535REI6, STM32U535REI6Q, STM32U535RET6, STM32U535RET6Q, STM32U535VCI6, STM32U535VCI6Q, STM32U535VCT6, STM32U535VCT6Q, STM32U535VEI6, STM32U535VEI6Q, STM32U535VET6, STM32U535VET6Q, STM32U545CET6, STM32U545CET6Q, STM32U545CEU6, STM32U545CEU6Q, STM32U545JEY6QTR, STM32U545NEY6QTR, STM32U545REI6, STM32U545REI6Q, STM32U545RET6, STM32U545RET6Q, STM32U545VEI6, STM32U545VEI6Q, STM32U545VET6, STM32U545VET6Q, STM32U595AIH6, STM32U595AIH6Q, STM32U595AJH6, STM32U595AJH6Q, STM32U595QII6, STM32U595QII6Q, STM32U595QJI6, STM32U595QJI6Q, STM32U595RIT6, STM32U595RIT6Q, STM32U595RJT6, STM32U595RJT6Q, STM32U595VIT6, STM32U595VIT6Q, STM32U595VJT6, STM32U595VJT6Q, STM32U595ZIT6, STM32U595ZIT6Q, STM32U595ZIY6QTR, STM32U595ZJT6, STM32U595ZJT6Q, STM32U595ZJY6QTR, STM32U599BJY6QTR, STM32U599NIH6Q, STM32U599NJH6Q, STM32U599VIT6Q, STM32U599VJT6, STM32U599VJT6Q, STM32U599ZIT6Q, STM32U599ZIY6QTR, STM32U599ZJT6Q, STM32U599ZJY6QTR, STM32U5A5AJH6, STM32U5A5AJH6Q, STM32U5A5QII3Q , STM32U5A5QJI6, STM32U5A5QJI6Q, STM32U5A5RJT6, STM32U5A5RJT6Q, STM32U5A5VJT6, STM32U5A5VJT6Q, STM32U5A5ZJT6, STM32U5A5ZJT6Q, STM32U5A5ZJY6QTR, STM32U5A9BJY6QTR, STM32U5A9J-DK, STM32U5A9NJH6Q, STM32U5A9VJT6Q, STM32U5A9ZJT6Q, STM32U5A9ZJY6QTR, STM32U5F7VIT6, STM32U5F7VIT6Q, STM32U5F7VJT6, STM32U5F7VJT6Q, STM32U5F9BJY6QTR, STM32U5F9NJH6Q, STM32U5F9VIT6Q, STM32U5F9VJT6Q, STM32U5F9ZIJ6QTR, STM32U5F9ZIT6Q, STM32U5F9ZJJ6QTR, STM32U5F9ZJT6Q, STM32U5G7VJT6, STM32U5G7VJT6Q, STM32U5G9BJY6QTR, STM32U5G9J-DK1, STM32U5G9J-DK2, STM32U5G9NJH6Q, STM32U5G9VJT6Q, STM32U5G9ZJJ6QTR, STM32U5G9ZJT6Q, STM32WB1MMCH6, STM32WBA50KEU6, STM32WBA50KEU6TR, STM32WBA50KGU6, STM32WBA50KGU6TR, STM32WBA52CEU6, STM32WBA52CEU6TR, STM32WBA52CEU7, STM32WBA52CEU7TR, STM32WBA52CGU6, STM32WBA52CGU6TR, STM32WBA52CGU6U, STM32WBA52CGU7, STM32WBA52CGU7TR, STM32WBA52KEU6, STM32WBA52KEU6TR, STM32WBA52KGU6, STM32WBA52KGU6TR, STM32WBA54CEU6, STM32WBA54CEU6TR, STM32WBA54CEU7, STM32WBA54CEU7TR, STM32WBA54CGU6, STM32WBA54CGU6TR, STM32WBA54CGU7, STM32WBA54CGU7TR, STM32WBA54KEU6, STM32WBA54KEU6TR, STM32WBA54KEU7, STM32WBA54KEU7TR, STM32WBA54KGU6, STM32WBA54KGU6TR, STM32WBA54KGU7, STM32WBA54KGU7TR, STM32WBA55CEU6, STM32WBA55CEU6TR, STM32WBA55CEU7, STM32WBA55CEU7TR, STM32WBA55CGU6, STM32WBA55CGU6TR, STM32WBA55CGU6U, STM32WBA55CGU7, STM32WBA55CGU7TR, STM32WBA55G-DK1, STM32WBA55HEF6, STM32WBA55HEF7, STM32WBA55HGF6, STM32WBA55HGF7, STM32WBA55UEI6, STM32WBA55UEI6TR, STM32WBA55UEI7, STM32WBA55UEI7TR, STM32WBA55UGI6, STM32WBA55UGI6TR, STM32WBA55UGI7, STM32WBA55UGI7TR, STM32WL5MOCH6, STM32WL5MOCH6TR]
2024-07-17 12:48:34,725 [INFO] DbMcus:218 - Found 4203 MCUs, 4203 are supported
2024-07-17 12:48:34,726 [INFO] ApiDb:423 - Load user favorites file C:\Users\suriy/.stm32cubeide/favorites.mcus.txt: 0 item(s)
2024-07-17 12:48:34,726 [INFO] ApiDb:427 - User favorites MCUs=[]
2024-07-17 12:48:34,726 [INFO] DbMcus:224 - Set 0 / 0 favorites MCUs
2024-07-17 12:48:35,100 [INFO] BoardInfo:889 - No configuration file found for board P-NUCLEO-WB55
2024-07-17 12:48:35,100 [INFO] DbBoards:161 - Kit is not supported: P-NUCLEO-WB55
2024-07-17 12:48:35,104 [INFO] BoardInfo:889 - No configuration file found for board STEVAL-BFA001V1B
2024-07-17 12:48:35,104 [INFO] DbBoards:161 - Kit is not supported: STEVAL-BFA001V1B
2024-07-17 12:48:35,105 [INFO] BoardInfo:889 - No configuration file found for board STEVAL-BFA001V2B
2024-07-17 12:48:35,105 [INFO] DbBoards:161 - Kit is not supported: STEVAL-BFA001V2B
2024-07-17 12:48:35,207 [INFO] DbBoards:168 - Found 195 boards, 192 are supported
2024-07-17 12:48:35,207 [INFO] DbBoards:169 - Found 195 boards, 8 of them is supported for  Bsp
2024-07-17 12:48:35,208 [INFO] ApiDb:423 - Load user favorites file C:\Users\suriy/.stm32cubeide/favorites.boards.txt: 0 item(s)
2024-07-17 12:48:35,208 [INFO] ApiDb:427 - User favorites Boards=[]
2024-07-17 12:48:35,209 [INFO] DbBoards:198 - Set 0 / 0 favorites Boards
2024-07-17 12:48:35,209 [INFO] McuFinderGlobals:76 - Set McuFinderConnectedMode to false
2024-07-17 12:48:35,215 [INFO] MultiScanPanel:200 - Auto-refresh data requested => check proxy status ongoing
2024-07-17 12:48:35,215 [INFO] MultiScanPanel:204 - Proxy status is invalid
2024-07-17 12:48:35,220 [INFO] FinderPluginLoader:95 - Searching for filters in installed packs
2024-07-17 12:48:36,347 [WARN] DetailPanel:346 - Failed to get advertising image, set to default
2024-07-17 12:48:39,872 [INFO] McuFinderGlobals:76 - Set McuFinderConnectedMode to true
2024-07-17 12:48:39,927 [INFO] ApiDb:448 - Save user favorites file C:\Users\suriy/.stm32cubeide/favorites.mcus.txt: 0 item(s)
2024-07-17 12:48:39,928 [INFO] ApiDb:452 - User favorites MCUs=[]
2024-07-17 12:49:08,325 [INFO] MainUpdater:2873 - connection check result : 10
2024-07-17 12:49:08,339 [INFO] McuFinderGlobals:76 - Set McuFinderConnectedMode to true
2024-07-17 12:49:09,471 [INFO] ServerAccessManage:473 - Download File mcusAds.json._tmp_
2024-07-17 12:49:09,600 [INFO] LoadUrlFilesThread:156 - End of LoadUrlFiles Thread
2024-07-17 12:49:10,035 [INFO] ServerAccessManage:473 - Download File cube-finder-db.zip
2024-07-17 12:49:30,921 [INFO] FileExtend:240 - Unzip File : cube-finder-db.zip
2024-07-17 12:49:30,921 [INFO] FileExtend:255 - Standard Zip Deflate
2024-07-17 12:49:31,697 [INFO] LoadUrlFilesThread:156 - End of LoadUrlFiles Thread
2024-07-17 12:49:33,065 [INFO] ServerAccessManage:473 - Download File crdb.zip
2024-07-17 12:49:34,322 [INFO] FileExtend:240 - Unzip File : crdb.zip
2024-07-17 12:49:34,322 [INFO] FileExtend:255 - Standard Zip Deflate
2024-07-17 12:49:34,471 [INFO] LoadUrlFilesThread:156 - End of LoadUrlFiles Thread
2024-07-17 12:49:34,612 [INFO] ServerAccessManage:473 - Download File tutoVideoDB.zip
2024-07-17 12:49:34,661 [INFO] FileExtend:240 - Unzip File : tutoVideoDB.zip
2024-07-17 12:49:34,661 [INFO] FileExtend:255 - Standard Zip Deflate
2024-07-17 12:49:34,801 [INFO] LoadUrlFilesThread:156 - End of LoadUrlFiles Thread
2024-07-17 12:49:34,810 [WARN] DbFile:41 - Overriding database path with different value: C:\Users\suriy\.stmcufinder\plugins\mcufinder/ => C:\Users\suriy\.stmcufinder\plugins\mcufinder
2024-07-17 12:49:34,976 [INFO] ServerAccessManage:473 - Download File api_config.json
2024-07-17 12:49:35,100 [INFO] LoadUrlFilesThread:156 - End of LoadUrlFiles Thread
2024-07-17 12:49:35,100 [INFO] DbMcusAds:53 - JSON generation date=Thu May 16 14:52:00 IST 2024 (1715851320667)
2024-07-17 12:49:35,104 [INFO] ApiDb:448 - Save user favorites file C:\Users\suriy/.stm32cubeide/favorites.mcus.txt: 0 item(s)
2024-07-17 12:49:35,105 [INFO] ApiDb:452 - User favorites MCUs=[]
2024-07-17 12:49:35,107 [INFO] ApiDb:581 - Connected to CubeFinder SQLite database (C:\Users\suriy\.stmcufinder\plugins\mcufinder\mcu\cube-finder-db.db)
2024-07-17 12:49:35,160 [INFO] ApiDb:668 - CubeFinder database Data Model version=2.1
2024-07-17 12:49:35,160 [INFO] ApiDb:669 - CubeFinder database Configuration version=3.0.39
2024-07-17 12:49:35,160 [INFO] ApiDb:670 - CubeFinder database generation date=2024-06-20 (1718880634)
2024-07-17 12:49:35,160 [INFO] ApiDb:671 - CubeFinder database FW Pack versions=[FP-ATR-ASTRA1_V2.0.0, FP-SNS-FLIGHT1_V5.0.2, FP-SNS-MOTENV1_V5.0.0, FP-SNS-MOTENVWB1_V1.4.0, FP-SNS-SMARTAG2_V1.2.0, STM32Cube_FW_C0_V1.2.0, STM32Cube_FW_F4_V1.28.0, STM32Cube_FW_F7_V1.17.2, STM32Cube_FW_G0_V1.6.2, STM32Cube_FW_G4_V1.6.0, STM32Cube_FW_H5_V1.3.0, STM32Cube_FW_H7RS_V1.1.0, STM32Cube_FW_H7_V1.11.2, STM32Cube_FW_L0_V1.12.2, STM32Cube_FW_L5_V1.5.1, STM32Cube_FW_U0_V1.1.0, STM32Cube_FW_U5_V1.6.0, STM32Cube_FW_WB0_V1.0.0, STM32Cube_FW_WBA_V1.4.0, STM32Cube_FW_WB_V1.20.0, STM32Cube_FW_WL_V1.3.0, X-CUBE-ALGOBUILD_V1.4.0, X-CUBE-ALS_V1.0.2, X-CUBE-AZRTOS-F4_V1.1.0, X-CUBE-AZRTOS-F7_V1.1.0, X-CUBE-AZRTOS-G0_V1.1.0, X-CUBE-AZRTOS-G4_V2.0.0, X-CUBE-AZRTOS-H7RS_V1.0.0, X-CUBE-AZRTOS-H7_V3.2.0, X-CUBE-AZRTOS-L4_V2.0.0, X-CUBE-AZRTOS-L5_V1.1.0, X-CUBE-AZRTOS-WB_V2.0.0, X-CUBE-AZRTOS-WL_V2.0.0, X-CUBE-BLE1_V7.0.0, X-CUBE-BLE2_V3.3.0, X-CUBE-BLEMGR_V3.1.0, X-CUBE-EEPRMA1_V5.1.0, X-CUBE-FREERTOS_V1.2.0, X-CUBE-GNSS1_V6.0.0, X-CUBE-MEMS1_V10.0.0, X-CUBE-NFC4_V3.0.0, X-CUBE-NFC7_V1.0.1, X-CUBE-SFXS2LP1_V4.0.0, X-CUBE-SUBG2_V5.0.0, X-CUBE-TOF1_V3.4.1]
2024-07-17 12:49:36,623 [INFO] ApiDb:240 - Found 483 in-development CPN: [B-G473E-ZEST1S, B-WB1M-WPAN1, B-WL5M-SUBG1, NUCLEO-C031C6, NUCLEO-H503RB, NUCLEO-H533RE, NUCLEO-H563ZI, NUCLEO-H7S3L8, NUCLEO-U031R8, NUCLEO-U083RC, NUCLEO-U545RE-Q, NUCLEO-U5A5ZJ-Q, NUCLEO-WBA52CG, NUCLEO-WBA55CG, STEVAL-PROTEUS1, STEVAL-SMARTAG2, STEVAL-STWINBX1, STM320518-EVAL, STM32C0116-DK, STM32C011D6Y3TR, STM32C011D6Y6TR, STM32C011F4P3, STM32C011F4P6, STM32C011F4U3, STM32C011F4U6TR, STM32C011F6P3, STM32C011F6P6, STM32C011F6U3, STM32C011F6U6TR, STM32C011J4M3, STM32C011J4M6, STM32C011J6M3, STM32C011J6M6, STM32C0316-DK, STM32C031C4T3, STM32C031C4T6, STM32C031C4U3, STM32C031C4U6, STM32C031C6T3, STM32C031C6T6, STM32C031C6U3, STM32C031C6U6, STM32C031F4P3, STM32C031F4P6, STM32C031F6P3, STM32C031F6P6, STM32C031G4U3, STM32C031G4U6, STM32C031G6U3, STM32C031G6U6, STM32C031K4T3, STM32C031K4T6, STM32C031K4U3, STM32C031K4U6, STM32C031K6T3, STM32C031K6T6, STM32C031K6U3, STM32C031K6U6, STM32G071K8TXN, STM32G071K8UXN, STM32G081GBU6N, STM32G081KBT6N, STM32G081KBUXN, STM32G0B1CCT6N, STM32G0B1KCT6, STM32G0B1NEY6TR, STM32G0B1RCT6N, STM32G0C1CCT6, STM32G0C1CCT6N, STM32G0C1CCU6N, STM32G0C1CET6N, STM32G0C1CEU6N, STM32G0C1KCT6, STM32G0C1NEY6TR, STM32G0C1RCI6N, STM32G0C1RCT6N, STM32G0C1REI6N, STM32G0C1RET6N, STM32G0C1VCI6, STM32G0C1VEI6, STM32G471CCT6, STM32G471CCU6, STM32G471CET3, STM32G471CET6, STM32G471CEU3, STM32G471CEU6, STM32G471MCT6, STM32G471MET3, STM32G471MET6, STM32G471MEY6TR, STM32G471QCT6, STM32G471QET3, STM32G471RCT6, STM32G471RET3, STM32G471RET6, STM32G471VCH6, STM32G471VCI6, STM32G471VCT6, STM32G471VEH3, STM32G471VEH6, STM32G471VEI3, STM32G471VEI6, STM32G471VET3, STM32G471VET6, STM32G474CCT6, STM32H503CBT6, STM32H503CBU6, STM32H503EBY6TR, STM32H503KBU6, STM32H503RBT6, STM32H523CCT6, STM32H523CCU6, STM32H523CET6, STM32H523CEU6, STM32H523HEY6TR, STM32H523RCT6, STM32H523RET6, STM32H523VCI6, STM32H523VCT6, STM32H523VEI6, STM32H523VET6, STM32H523ZCJ6, STM32H523ZCT6, STM32H523ZEJ6, STM32H523ZET6, STM32H533CET6, STM32H533CEU6, STM32H533HEY6TR, STM32H533RET6, STM32H533VEI6, STM32H533VET6, STM32H533ZEJ6, STM32H533ZET6, STM32H562AGI6, STM32H562AII6, STM32H562IGK6, STM32H562IGT6, STM32H562IIK6, STM32H562IIT6, STM32H562RGT6, STM32H562RGV6, STM32H562RIT6, STM32H562RIV6, STM32H562VGT6, STM32H562VIT6, STM32H562ZGT6, STM32H562ZIT6, STM32H563AGI6, STM32H563AII3Q, STM32H563AII6, STM32H563IGK6, STM32H563IGT6, STM32H563IIK3Q, STM32H563IIK6, STM32H563IIT3Q, STM32H563IIT6, STM32H563MIY3QTR, STM32H563RGT6, STM32H563RGV6, STM32H563RIT6, STM32H563RIV6, STM32H563VGT6, STM32H563VIT3Q, STM32H563VIT6, STM32H563ZGT6, STM32H563ZIT3Q, STM32H563ZIT6, STM32H573AII3Q, STM32H573AII6, STM32H573I-DK, STM32H573IIK3Q, STM32H573IIK6, STM32H573IIT3Q, STM32H573IIT6, STM32H573MIY3QTR, STM32H573RIT6, STM32H573RIV6, STM32H573VIT3Q, STM32H573VIT6, STM32H573ZIT3Q, STM32H573ZIT6, STM32H7R3A8I6, STM32H7R3I8K6, STM32H7R3I8T6, STM32H7R3L8H6, STM32H7R3L8H6H, STM32H7R3R8V6, STM32H7R3V8H6, STM32H7R3V8T6, STM32H7R3V8Y6, STM32H7R3Z8J6, STM32H7R3Z8T6, STM32H7R7A8I6, STM32H7R7I8K6, STM32H7R7I8T6, STM32H7R7L8H6, STM32H7R7L8H6H, STM32H7R7Z8J6, STM32H7S3A8I6, STM32H7S3I8K6, STM32H7S3I8T6, STM32H7S3L8H6, STM32H7S3L8H6H, STM32H7S3R8V6, STM32H7S3V8H6, STM32H7S3V8T6, STM32H7S3V8Y6, STM32H7S3Z8J6, STM32H7S3Z8T6, STM32H7S78-DK, STM32H7S7A8I6, STM32H7S7I8K6, STM32H7S7I8T6, STM32H7S7L8H6, STM32H7S7L8H6H, STM32H7S7Z8J6, STM32L4R5QGI6STR, STM32MP131AAE3, STM32MP131AAF3, STM32MP131AAG3, STM32MP131CAE3, STM32MP131CAF3, STM32MP131CAG3, STM32MP131DAE7, STM32MP131DAF7, STM32MP131DAG7, STM32MP131FAE7, STM32MP131FAF7, STM32MP131FAG7, STM32MP133AAE3, STM32MP133AAF3, STM32MP133AAG3, STM32MP133CAE3, STM32MP133CAF3, STM32MP133CAG3, STM32MP133DAE7, STM32MP133DAF7, STM32MP133DAG7, STM32MP133FAE7, STM32MP133FAF7, STM32MP133FAG7, STM32MP135AAE3, STM32MP135AAF3, STM32MP135AAG3, STM32MP135CAE3, STM32MP135CAF3, STM32MP135CAG3, STM32MP135DAE7, STM32MP135DAF7, STM32MP135DAG7, STM32MP135F-DK, STM32MP135FAE7, STM32MP135FAF7, STM32MP135FAF7T, STM32MP135FAF7U, STM32MP135FAG7, STM32U031C6T6, STM32U031C6U6, STM32U031C8T6, STM32U031C8U6, STM32U031F4P6, STM32U031F6P6, STM32U031F8P6, STM32U031G6Y6TR, STM32U031G8Y6TR, STM32U031K4U6, STM32U031K6U6, STM32U031K8U6, STM32U031R6I6, STM32U031R6T6, STM32U031R8I6, STM32U031R8T6, STM32U073C8T6, STM32U073C8U6, STM32U073CBT6, STM32U073CBU6, STM32U073CCT6, STM32U073CCU6, STM32U073H8Y6TR, STM32U073HBY6TR, STM32U073HCY6TR, STM32U073K8U6, STM32U073KBU6, STM32U073KCU6, STM32U073M8I6, STM32U073M8T6, STM32U073MBI6, STM32U073MBT6, STM32U073MCI6, STM32U073MCT6, STM32U073R8I6, STM32U073R8T6, STM32U073RBI6, STM32U073RBT6, STM32U073RCI6, STM32U073RCT6, STM32U083C-DK, STM32U083CCT6, STM32U083CCU6, STM32U083HCY6TR, STM32U083KCU6, STM32U083MCI6, STM32U083MCT6, STM32U083RCI6, STM32U083RCT6, STM32U535CBT6, STM32U535CBT6Q, STM32U535CBU6, STM32U535CBU6Q, STM32U535CCT6, STM32U535CCT6Q, STM32U535CCU6, STM32U535CCU6Q, STM32U535CET6, STM32U535CET6Q, STM32U535CEU6, STM32U535CEU6Q, STM32U535JEY6QTR, STM32U535NCY6QTR, STM32U535NEY6QTR, STM32U535RBI6, STM32U535RBI6Q, STM32U535RBT6, STM32U535RBT6Q, STM32U535RCI6, STM32U535RCI6Q, STM32U535RCT6, STM32U535RCT6Q, STM32U535REI6, STM32U535REI6Q, STM32U535RET6, STM32U535RET6Q, STM32U535VCI6, STM32U535VCI6Q, STM32U535VCT6, STM32U535VCT6Q, STM32U535VEI6, STM32U535VEI6Q, STM32U535VET6, STM32U535VET6Q, STM32U545CET6, STM32U545CET6Q, STM32U545CEU6, STM32U545CEU6Q, STM32U545JEY6QTR, STM32U545NEY6QTR, STM32U545REI6, STM32U545REI6Q, STM32U545RET6, STM32U545RET6Q, STM32U545VEI6, STM32U545VEI6Q, STM32U545VET6, STM32U545VET6Q, STM32U595AIH6, STM32U595AIH6Q, STM32U595AJH6, STM32U595AJH6Q, STM32U595QII6, STM32U595QII6Q, STM32U595QJI6, STM32U595QJI6Q, STM32U595RIT6, STM32U595RIT6Q, STM32U595RJT6, STM32U595RJT6Q, STM32U595VIT6, STM32U595VIT6Q, STM32U595VJT6, STM32U595VJT6Q, STM32U595ZIT6, STM32U595ZIT6Q, STM32U595ZIY6QTR, STM32U595ZJT6, STM32U595ZJT6Q, STM32U595ZJY6QTR, STM32U599BJY6QTR, STM32U599NIH6Q, STM32U599NJH6Q, STM32U599VIT6Q, STM32U599VJT6, STM32U599VJT6Q, STM32U599ZIT6Q, STM32U599ZIY6QTR, STM32U599ZJT6Q, STM32U599ZJY6QTR, STM32U5A5AJH6, STM32U5A5AJH6Q, STM32U5A5QII3Q , STM32U5A5QJI6, STM32U5A5QJI6Q, STM32U5A5RJT6, STM32U5A5RJT6Q, STM32U5A5VJT6, STM32U5A5VJT6Q, STM32U5A5ZJT6, STM32U5A5ZJT6Q, STM32U5A5ZJY6QTR, STM32U5A9BJY6QTR, STM32U5A9J-DK, STM32U5A9NJH6Q, STM32U5A9VJT6Q, STM32U5A9ZJT6Q, STM32U5A9ZJY6QTR, STM32U5F7VIT6, STM32U5F7VIT6Q, STM32U5F7VJT6, STM32U5F7VJT6Q, STM32U5F9BJY6QTR, STM32U5F9NJH6Q, STM32U5F9VIT6Q, STM32U5F9VJT6Q, STM32U5F9ZIJ6QTR, STM32U5F9ZIT6Q, STM32U5F9ZJJ6QTR, STM32U5F9ZJT6Q, STM32U5G7VJT6, STM32U5G7VJT6Q, STM32U5G9BJY6QTR, STM32U5G9J-DK1, STM32U5G9J-DK2, STM32U5G9NJH6Q, STM32U5G9VJT6Q, STM32U5G9ZJJ6QTR, STM32U5G9ZJT6Q, STM32WB1MMCH6, STM32WBA50KEU6, STM32WBA50KEU6TR, STM32WBA50KGU6, STM32WBA50KGU6TR, STM32WBA52CEU6, STM32WBA52CEU6TR, STM32WBA52CEU7, STM32WBA52CEU7TR, STM32WBA52CGU6, STM32WBA52CGU6TR, STM32WBA52CGU6U, STM32WBA52CGU7, STM32WBA52CGU7TR, STM32WBA52KEU6, STM32WBA52KEU6TR, STM32WBA52KGU6, STM32WBA52KGU6TR, STM32WBA54CEU6, STM32WBA54CEU6TR, STM32WBA54CEU7, STM32WBA54CEU7TR, STM32WBA54CGU6, STM32WBA54CGU6TR, STM32WBA54CGU7, STM32WBA54CGU7TR, STM32WBA54KEU6, STM32WBA54KEU6TR, STM32WBA54KEU7, STM32WBA54KEU7TR, STM32WBA54KGU6, STM32WBA54KGU6TR, STM32WBA54KGU7, STM32WBA54KGU7TR, STM32WBA55CEU6, STM32WBA55CEU6TR, STM32WBA55CEU7, STM32WBA55CEU7TR, STM32WBA55CGU6, STM32WBA55CGU6TR, STM32WBA55CGU6U, STM32WBA55CGU7, STM32WBA55CGU7TR, STM32WBA55G-DK1, STM32WBA55HEF6, STM32WBA55HEF7, STM32WBA55HGF6, STM32WBA55HGF7, STM32WBA55UEI6, STM32WBA55UEI6TR, STM32WBA55UEI7, STM32WBA55UEI7TR, STM32WBA55UGI6, STM32WBA55UGI6TR, STM32WBA55UGI7, STM32WBA55UGI7TR, STM32WL5MOCH6, STM32WL5MOCH6TR]
2024-07-17 12:49:36,626 [INFO] DbMcus:218 - Found 4203 MCUs, 4203 are supported
2024-07-17 12:49:36,627 [INFO] ApiDb:423 - Load user favorites file C:\Users\suriy/.stm32cubeide/favorites.mcus.txt: 0 item(s)
2024-07-17 12:49:36,627 [INFO] ApiDb:427 - User favorites MCUs=[]
2024-07-17 12:49:36,627 [INFO] DbMcus:224 - Set 0 / 0 favorites MCUs
2024-07-17 12:49:36,870 [INFO] ApiDb:448 - Save user favorites file C:\Users\suriy/.stm32cubeide/favorites.boards.txt: 0 item(s)
2024-07-17 12:49:36,870 [INFO] ApiDb:452 - User favorites Boards=[]
2024-07-17 12:49:36,872 [INFO] ApiDb:581 - Connected to CubeFinder SQLite database (C:\Users\suriy\.stmcufinder\plugins\mcufinder\mcu\cube-finder-db.db)
2024-07-17 12:49:36,921 [INFO] ApiDb:668 - CubeFinder database Data Model version=2.1
2024-07-17 12:49:36,921 [INFO] ApiDb:669 - CubeFinder database Configuration version=3.0.39
2024-07-17 12:49:36,921 [INFO] ApiDb:670 - CubeFinder database generation date=2024-06-20 (1718880634)
2024-07-17 12:49:36,921 [INFO] ApiDb:671 - CubeFinder database FW Pack versions=[FP-ATR-ASTRA1_V2.0.0, FP-SNS-FLIGHT1_V5.0.2, FP-SNS-MOTENV1_V5.0.0, FP-SNS-MOTENVWB1_V1.4.0, FP-SNS-SMARTAG2_V1.2.0, STM32Cube_FW_C0_V1.2.0, STM32Cube_FW_F4_V1.28.0, STM32Cube_FW_F7_V1.17.2, STM32Cube_FW_G0_V1.6.2, STM32Cube_FW_G4_V1.6.0, STM32Cube_FW_H5_V1.3.0, STM32Cube_FW_H7RS_V1.1.0, STM32Cube_FW_H7_V1.11.2, STM32Cube_FW_L0_V1.12.2, STM32Cube_FW_L5_V1.5.1, STM32Cube_FW_U0_V1.1.0, STM32Cube_FW_U5_V1.6.0, STM32Cube_FW_WB0_V1.0.0, STM32Cube_FW_WBA_V1.4.0, STM32Cube_FW_WB_V1.20.0, STM32Cube_FW_WL_V1.3.0, X-CUBE-ALGOBUILD_V1.4.0, X-CUBE-ALS_V1.0.2, X-CUBE-AZRTOS-F4_V1.1.0, X-CUBE-AZRTOS-F7_V1.1.0, X-CUBE-AZRTOS-G0_V1.1.0, X-CUBE-AZRTOS-G4_V2.0.0, X-CUBE-AZRTOS-H7RS_V1.0.0, X-CUBE-AZRTOS-H7_V3.2.0, X-CUBE-AZRTOS-L4_V2.0.0, X-CUBE-AZRTOS-L5_V1.1.0, X-CUBE-AZRTOS-WB_V2.0.0, X-CUBE-AZRTOS-WL_V2.0.0, X-CUBE-BLE1_V7.0.0, X-CUBE-BLE2_V3.3.0, X-CUBE-BLEMGR_V3.1.0, X-CUBE-EEPRMA1_V5.1.0, X-CUBE-FREERTOS_V1.2.0, X-CUBE-GNSS1_V6.0.0, X-CUBE-MEMS1_V10.0.0, X-CUBE-NFC4_V3.0.0, X-CUBE-NFC7_V1.0.1, X-CUBE-SFXS2LP1_V4.0.0, X-CUBE-SUBG2_V5.0.0, X-CUBE-TOF1_V3.4.1]
2024-07-17 12:49:36,962 [INFO] DbBoardsSqlite:226 - include board P-NUCLEO-WB55-NUCLEO as a kit item of type 'Nucleo-64'
2024-07-17 12:49:36,963 [INFO] DbBoardsSqlite:226 - include board P-NUCLEO-WB55-USBDONGLE as a kit item of type 'Nucleo USB Dongle'
2024-07-17 12:49:36,963 [INFO] DbBoardsSqlite:226 - include board STEVAL-IDP005V1 as a kit item of type 'Evaluation Board'
2024-07-17 12:49:36,963 [INFO] DbBoardsSqlite:226 - include board STEVAL-IDP005V2 as a kit item of type 'Evaluation Board'
2024-07-17 12:49:37,003 [INFO] ApiDb:240 - Found 483 in-development CPN: [B-G473E-ZEST1S, B-WB1M-WPAN1, B-WL5M-SUBG1, NUCLEO-C031C6, NUCLEO-H503RB, NUCLEO-H533RE, NUCLEO-H563ZI, NUCLEO-H7S3L8, NUCLEO-U031R8, NUCLEO-U083RC, NUCLEO-U545RE-Q, NUCLEO-U5A5ZJ-Q, NUCLEO-WBA52CG, NUCLEO-WBA55CG, STEVAL-PROTEUS1, STEVAL-SMARTAG2, STEVAL-STWINBX1, STM320518-EVAL, STM32C0116-DK, STM32C011D6Y3TR, STM32C011D6Y6TR, STM32C011F4P3, STM32C011F4P6, STM32C011F4U3, STM32C011F4U6TR, STM32C011F6P3, STM32C011F6P6, STM32C011F6U3, STM32C011F6U6TR, STM32C011J4M3, STM32C011J4M6, STM32C011J6M3, STM32C011J6M6, STM32C0316-DK, STM32C031C4T3, STM32C031C4T6, STM32C031C4U3, STM32C031C4U6, STM32C031C6T3, STM32C031C6T6, STM32C031C6U3, STM32C031C6U6, STM32C031F4P3, STM32C031F4P6, STM32C031F6P3, STM32C031F6P6, STM32C031G4U3, STM32C031G4U6, STM32C031G6U3, STM32C031G6U6, STM32C031K4T3, STM32C031K4T6, STM32C031K4U3, STM32C031K4U6, STM32C031K6T3, STM32C031K6T6, STM32C031K6U3, STM32C031K6U6, STM32G071K8TXN, STM32G071K8UXN, STM32G081GBU6N, STM32G081KBT6N, STM32G081KBUXN, STM32G0B1CCT6N, STM32G0B1KCT6, STM32G0B1NEY6TR, STM32G0B1RCT6N, STM32G0C1CCT6, STM32G0C1CCT6N, STM32G0C1CCU6N, STM32G0C1CET6N, STM32G0C1CEU6N, STM32G0C1KCT6, STM32G0C1NEY6TR, STM32G0C1RCI6N, STM32G0C1RCT6N, STM32G0C1REI6N, STM32G0C1RET6N, STM32G0C1VCI6, STM32G0C1VEI6, STM32G471CCT6, STM32G471CCU6, STM32G471CET3, STM32G471CET6, STM32G471CEU3, STM32G471CEU6, STM32G471MCT6, STM32G471MET3, STM32G471MET6, STM32G471MEY6TR, STM32G471QCT6, STM32G471QET3, STM32G471RCT6, STM32G471RET3, STM32G471RET6, STM32G471VCH6, STM32G471VCI6, STM32G471VCT6, STM32G471VEH3, STM32G471VEH6, STM32G471VEI3, STM32G471VEI6, STM32G471VET3, STM32G471VET6, STM32G474CCT6, STM32H503CBT6, STM32H503CBU6, STM32H503EBY6TR, STM32H503KBU6, STM32H503RBT6, STM32H523CCT6, STM32H523CCU6, STM32H523CET6, STM32H523CEU6, STM32H523HEY6TR, STM32H523RCT6, STM32H523RET6, STM32H523VCI6, STM32H523VCT6, STM32H523VEI6, STM32H523VET6, STM32H523ZCJ6, STM32H523ZCT6, STM32H523ZEJ6, STM32H523ZET6, STM32H533CET6, STM32H533CEU6, STM32H533HEY6TR, STM32H533RET6, STM32H533VEI6, STM32H533VET6, STM32H533ZEJ6, STM32H533ZET6, STM32H562AGI6, STM32H562AII6, STM32H562IGK6, STM32H562IGT6, STM32H562IIK6, STM32H562IIT6, STM32H562RGT6, STM32H562RGV6, STM32H562RIT6, STM32H562RIV6, STM32H562VGT6, STM32H562VIT6, STM32H562ZGT6, STM32H562ZIT6, STM32H563AGI6, STM32H563AII3Q, STM32H563AII6, STM32H563IGK6, STM32H563IGT6, STM32H563IIK3Q, STM32H563IIK6, STM32H563IIT3Q, STM32H563IIT6, STM32H563MIY3QTR, STM32H563RGT6, STM32H563RGV6, STM32H563RIT6, STM32H563RIV6, STM32H563VGT6, STM32H563VIT3Q, STM32H563VIT6, STM32H563ZGT6, STM32H563ZIT3Q, STM32H563ZIT6, STM32H573AII3Q, STM32H573AII6, STM32H573I-DK, STM32H573IIK3Q, STM32H573IIK6, STM32H573IIT3Q, STM32H573IIT6, STM32H573MIY3QTR, STM32H573RIT6, STM32H573RIV6, STM32H573VIT3Q, STM32H573VIT6, STM32H573ZIT3Q, STM32H573ZIT6, STM32H7R3A8I6, STM32H7R3I8K6, STM32H7R3I8T6, STM32H7R3L8H6, STM32H7R3L8H6H, STM32H7R3R8V6, STM32H7R3V8H6, STM32H7R3V8T6, STM32H7R3V8Y6, STM32H7R3Z8J6, STM32H7R3Z8T6, STM32H7R7A8I6, STM32H7R7I8K6, STM32H7R7I8T6, STM32H7R7L8H6, STM32H7R7L8H6H, STM32H7R7Z8J6, STM32H7S3A8I6, STM32H7S3I8K6, STM32H7S3I8T6, STM32H7S3L8H6, STM32H7S3L8H6H, STM32H7S3R8V6, STM32H7S3V8H6, STM32H7S3V8T6, STM32H7S3V8Y6, STM32H7S3Z8J6, STM32H7S3Z8T6, STM32H7S78-DK, STM32H7S7A8I6, STM32H7S7I8K6, STM32H7S7I8T6, STM32H7S7L8H6, STM32H7S7L8H6H, STM32H7S7Z8J6, STM32L4R5QGI6STR, STM32MP131AAE3, STM32MP131AAF3, STM32MP131AAG3, STM32MP131CAE3, STM32MP131CAF3, STM32MP131CAG3, STM32MP131DAE7, STM32MP131DAF7, STM32MP131DAG7, STM32MP131FAE7, STM32MP131FAF7, STM32MP131FAG7, STM32MP133AAE3, STM32MP133AAF3, STM32MP133AAG3, STM32MP133CAE3, STM32MP133CAF3, STM32MP133CAG3, STM32MP133DAE7, STM32MP133DAF7, STM32MP133DAG7, STM32MP133FAE7, STM32MP133FAF7, STM32MP133FAG7, STM32MP135AAE3, STM32MP135AAF3, STM32MP135AAG3, STM32MP135CAE3, STM32MP135CAF3, STM32MP135CAG3, STM32MP135DAE7, STM32MP135DAF7, STM32MP135DAG7, STM32MP135F-DK, STM32MP135FAE7, STM32MP135FAF7, STM32MP135FAF7T, STM32MP135FAF7U, STM32MP135FAG7, STM32U031C6T6, STM32U031C6U6, STM32U031C8T6, STM32U031C8U6, STM32U031F4P6, STM32U031F6P6, STM32U031F8P6, STM32U031G6Y6TR, STM32U031G8Y6TR, STM32U031K4U6, STM32U031K6U6, STM32U031K8U6, STM32U031R6I6, STM32U031R6T6, STM32U031R8I6, STM32U031R8T6, STM32U073C8T6, STM32U073C8U6, STM32U073CBT6, STM32U073CBU6, STM32U073CCT6, STM32U073CCU6, STM32U073H8Y6TR, STM32U073HBY6TR, STM32U073HCY6TR, STM32U073K8U6, STM32U073KBU6, STM32U073KCU6, STM32U073M8I6, STM32U073M8T6, STM32U073MBI6, STM32U073MBT6, STM32U073MCI6, STM32U073MCT6, STM32U073R8I6, STM32U073R8T6, STM32U073RBI6, STM32U073RBT6, STM32U073RCI6, STM32U073RCT6, STM32U083C-DK, STM32U083CCT6, STM32U083CCU6, STM32U083HCY6TR, STM32U083KCU6, STM32U083MCI6, STM32U083MCT6, STM32U083RCI6, STM32U083RCT6, STM32U535CBT6, STM32U535CBT6Q, STM32U535CBU6, STM32U535CBU6Q, STM32U535CCT6, STM32U535CCT6Q, STM32U535CCU6, STM32U535CCU6Q, STM32U535CET6, STM32U535CET6Q, STM32U535CEU6, STM32U535CEU6Q, STM32U535JEY6QTR, STM32U535NCY6QTR, STM32U535NEY6QTR, STM32U535RBI6, STM32U535RBI6Q, STM32U535RBT6, STM32U535RBT6Q, STM32U535RCI6, STM32U535RCI6Q, STM32U535RCT6, STM32U535RCT6Q, STM32U535REI6, STM32U535REI6Q, STM32U535RET6, STM32U535RET6Q, STM32U535VCI6, STM32U535VCI6Q, STM32U535VCT6, STM32U535VCT6Q, STM32U535VEI6, STM32U535VEI6Q, STM32U535VET6, STM32U535VET6Q, STM32U545CET6, STM32U545CET6Q, STM32U545CEU6, STM32U545CEU6Q, STM32U545JEY6QTR, STM32U545NEY6QTR, STM32U545REI6, STM32U545REI6Q, STM32U545RET6, STM32U545RET6Q, STM32U545VEI6, STM32U545VEI6Q, STM32U545VET6, STM32U545VET6Q, STM32U595AIH6, STM32U595AIH6Q, STM32U595AJH6, STM32U595AJH6Q, STM32U595QII6, STM32U595QII6Q, STM32U595QJI6, STM32U595QJI6Q, STM32U595RIT6, STM32U595RIT6Q, STM32U595RJT6, STM32U595RJT6Q, STM32U595VIT6, STM32U595VIT6Q, STM32U595VJT6, STM32U595VJT6Q, STM32U595ZIT6, STM32U595ZIT6Q, STM32U595ZIY6QTR, STM32U595ZJT6, STM32U595ZJT6Q, STM32U595ZJY6QTR, STM32U599BJY6QTR, STM32U599NIH6Q, STM32U599NJH6Q, STM32U599VIT6Q, STM32U599VJT6, STM32U599VJT6Q, STM32U599ZIT6Q, STM32U599ZIY6QTR, STM32U599ZJT6Q, STM32U599ZJY6QTR, STM32U5A5AJH6, STM32U5A5AJH6Q, STM32U5A5QII3Q , STM32U5A5QJI6, STM32U5A5QJI6Q, STM32U5A5RJT6, STM32U5A5RJT6Q, STM32U5A5VJT6, STM32U5A5VJT6Q, STM32U5A5ZJT6, STM32U5A5ZJT6Q, STM32U5A5ZJY6QTR, STM32U5A9BJY6QTR, STM32U5A9J-DK, STM32U5A9NJH6Q, STM32U5A9VJT6Q, STM32U5A9ZJT6Q, STM32U5A9ZJY6QTR, STM32U5F7VIT6, STM32U5F7VIT6Q, STM32U5F7VJT6, STM32U5F7VJT6Q, STM32U5F9BJY6QTR, STM32U5F9NJH6Q, STM32U5F9VIT6Q, STM32U5F9VJT6Q, STM32U5F9ZIJ6QTR, STM32U5F9ZIT6Q, STM32U5F9ZJJ6QTR, STM32U5F9ZJT6Q, STM32U5G7VJT6, STM32U5G7VJT6Q, STM32U5G9BJY6QTR, STM32U5G9J-DK1, STM32U5G9J-DK2, STM32U5G9NJH6Q, STM32U5G9VJT6Q, STM32U5G9ZJJ6QTR, STM32U5G9ZJT6Q, STM32WB1MMCH6, STM32WBA50KEU6, STM32WBA50KEU6TR, STM32WBA50KGU6, STM32WBA50KGU6TR, STM32WBA52CEU6, STM32WBA52CEU6TR, STM32WBA52CEU7, STM32WBA52CEU7TR, STM32WBA52CGU6, STM32WBA52CGU6TR, STM32WBA52CGU6U, STM32WBA52CGU7, STM32WBA52CGU7TR, STM32WBA52KEU6, STM32WBA52KEU6TR, STM32WBA52KGU6, STM32WBA52KGU6TR, STM32WBA54CEU6, STM32WBA54CEU6TR, STM32WBA54CEU7, STM32WBA54CEU7TR, STM32WBA54CGU6, STM32WBA54CGU6TR, STM32WBA54CGU7, STM32WBA54CGU7TR, STM32WBA54KEU6, STM32WBA54KEU6TR, STM32WBA54KEU7, STM32WBA54KEU7TR, STM32WBA54KGU6, STM32WBA54KGU6TR, STM32WBA54KGU7, STM32WBA54KGU7TR, STM32WBA55CEU6, STM32WBA55CEU6TR, STM32WBA55CEU7, STM32WBA55CEU7TR, STM32WBA55CGU6, STM32WBA55CGU6TR, STM32WBA55CGU6U, STM32WBA55CGU7, STM32WBA55CGU7TR, STM32WBA55G-DK1, STM32WBA55HEF6, STM32WBA55HEF7, STM32WBA55HGF6, STM32WBA55HGF7, STM32WBA55UEI6, STM32WBA55UEI6TR, STM32WBA55UEI7, STM32WBA55UEI7TR, STM32WBA55UGI6, STM32WBA55UGI6TR, STM32WBA55UGI7, STM32WBA55UGI7TR, STM32WL5MOCH6, STM32WL5MOCH6TR]
2024-07-17 12:49:37,132 [INFO] BoardInfo:889 - No configuration file found for board P-NUCLEO-WB55
2024-07-17 12:49:37,133 [INFO] DbBoards:161 - Kit is not supported: P-NUCLEO-WB55
2024-07-17 12:49:37,136 [INFO] BoardInfo:889 - No configuration file found for board STEVAL-BFA001V1B
2024-07-17 12:49:37,137 [INFO] DbBoards:161 - Kit is not supported: STEVAL-BFA001V1B
2024-07-17 12:49:37,138 [INFO] BoardInfo:889 - No configuration file found for board STEVAL-BFA001V2B
2024-07-17 12:49:37,138 [INFO] DbBoards:161 - Kit is not supported: STEVAL-BFA001V2B
2024-07-17 12:49:37,247 [INFO] DbBoards:168 - Found 195 boards, 192 are supported
2024-07-17 12:49:37,247 [INFO] DbBoards:169 - Found 195 boards, 8 of them is supported for  Bsp
2024-07-17 12:49:37,250 [INFO] ApiDb:423 - Load user favorites file C:\Users\suriy/.stm32cubeide/favorites.boards.txt: 0 item(s)
2024-07-17 12:49:37,250 [INFO] ApiDb:427 - User favorites Boards=[]
2024-07-17 12:49:37,250 [INFO] DbBoards:198 - Set 0 / 0 favorites Boards
2024-07-17 12:49:37,467 [INFO] ServerAccessManage:473 - Download File 
2024-07-17 12:49:37,569 [INFO] LoadUrlFilesThread:185 - End of LoadServerUrlFiles without Thread
2024-07-17 12:49:37,570 [INFO] TargetSelectorAdapter:259 - Refresh data is successful
2024-07-17 12:49:37,573 [INFO] ApiDb:668 - CubeFinder database Data Model version=2.1
2024-07-17 12:49:37,573 [INFO] ApiDb:669 - CubeFinder database Configuration version=3.0.39
2024-07-17 12:49:37,573 [INFO] ApiDb:670 - CubeFinder database generation date=2024-06-20 (1718880634)
2024-07-17 12:49:37,573 [INFO] ApiDb:671 - CubeFinder database FW Pack versions=[FP-ATR-ASTRA1_V2.0.0, FP-SNS-FLIGHT1_V5.0.2, FP-SNS-MOTENV1_V5.0.0, FP-SNS-MOTENVWB1_V1.4.0, FP-SNS-SMARTAG2_V1.2.0, STM32Cube_FW_C0_V1.2.0, STM32Cube_FW_F4_V1.28.0, STM32Cube_FW_F7_V1.17.2, STM32Cube_FW_G0_V1.6.2, STM32Cube_FW_G4_V1.6.0, STM32Cube_FW_H5_V1.3.0, STM32Cube_FW_H7RS_V1.1.0, STM32Cube_FW_H7_V1.11.2, STM32Cube_FW_L0_V1.12.2, STM32Cube_FW_L5_V1.5.1, STM32Cube_FW_U0_V1.1.0, STM32Cube_FW_U5_V1.6.0, STM32Cube_FW_WB0_V1.0.0, STM32Cube_FW_WBA_V1.4.0, STM32Cube_FW_WB_V1.20.0, STM32Cube_FW_WL_V1.3.0, X-CUBE-ALGOBUILD_V1.4.0, X-CUBE-ALS_V1.0.2, X-CUBE-AZRTOS-F4_V1.1.0, X-CUBE-AZRTOS-F7_V1.1.0, X-CUBE-AZRTOS-G0_V1.1.0, X-CUBE-AZRTOS-G4_V2.0.0, X-CUBE-AZRTOS-H7RS_V1.0.0, X-CUBE-AZRTOS-H7_V3.2.0, X-CUBE-AZRTOS-L4_V2.0.0, X-CUBE-AZRTOS-L5_V1.1.0, X-CUBE-AZRTOS-WB_V2.0.0, X-CUBE-AZRTOS-WL_V2.0.0, X-CUBE-BLE1_V7.0.0, X-CUBE-BLE2_V3.3.0, X-CUBE-BLEMGR_V3.1.0, X-CUBE-EEPRMA1_V5.1.0, X-CUBE-FREERTOS_V1.2.0, X-CUBE-GNSS1_V6.0.0, X-CUBE-MEMS1_V10.0.0, X-CUBE-NFC4_V3.0.0, X-CUBE-NFC7_V1.0.1, X-CUBE-SFXS2LP1_V4.0.0, X-CUBE-SUBG2_V5.0.0, X-CUBE-TOF1_V3.4.1]
2024-07-17 12:49:38,140 [ERROR] DbExamplesSqlite:437 - Missing JSON key: board_cpn
2024-07-17 12:49:38,141 [ERROR] DbExamplesSqlite:437 - Missing JSON key: board_cpn
2024-07-17 12:49:38,141 [ERROR] DbExamplesSqlite:437 - Missing JSON key: board_cpn
2024-07-17 12:49:38,141 [ERROR] DbExamplesSqlite:437 - Missing JSON key: board_cpn
2024-07-17 12:49:38,242 [INFO] DbExamplesSqlite:395 - Ignored 28 examples not supported by CubeIDE
2024-07-17 12:49:38,242 [INFO] DbExamplesSqlite:396 - Found 8590 examples active
2024-07-17 12:49:38,242 [INFO] DbExamplesSqlite:397 - Found 0 examples obsolete
2024-07-17 12:49:38,242 [INFO] DbExamplesSqlite:398 - Found 0 examples under development
2024-07-17 12:49:38,242 [INFO] DbExamplesSqlite:399 - Found 10 examples not building
2024-07-17 12:49:38,244 [INFO] DbExamples:125 - Found 8572 examples
2024-07-17 12:49:38,329 [ERROR] DbExamples:208 - Found 308 examples with invalid data (board or MCU)
2024-07-17 12:49:38,330 [INFO] DbExamples:222 - Found 102 boards with related examples
2024-07-17 12:49:38,332 [INFO] DbExamples:235 - Found 86 MCUs with related examples
2024-07-17 12:49:38,351 [INFO] ApiDb:414 - User favorites file not found: C:\Users\suriy/.stm32cubeide/favorites.examples.txt
2024-07-17 12:49:38,351 [INFO] DbExamples:250 - Set 0 / 0 favorites Examples
2024-07-17 12:49:38,405 [INFO] McuFinderGlobals:76 - Set McuFinderConnectedMode to true
2024-07-17 12:49:38,406 [INFO] MultiScanPanel:200 - Auto-refresh data requested => check proxy status ongoing
2024-07-17 12:49:38,407 [INFO] FinderPluginLoader:95 - Searching for filters in installed packs
2024-07-17 12:49:39,333 [INFO] LoadUrlFilesThread:185 - End of LoadServerUrlFiles without Thread
2024-07-17 12:49:39,349 [INFO] DetailPanel:341 - Set advertising image to D:\magesh\EMBEDDED PROGRAM\anbu anna\ARM\playground\weak 3\en.prom-stm32h7rs-mcu-finder.jpg
2024-07-17 12:49:41,991 [INFO] MultiScanPanel:200 - Auto-refresh data requested => check proxy status ongoing
2024-07-17 12:49:42,112 [INFO] LoadUrlFilesThread:185 - End of LoadServerUrlFiles without Thread
2024-07-17 12:49:42,112 [INFO] DetailPanel:341 - Set advertising image to D:\magesh\EMBEDDED PROGRAM\anbu anna\ARM\playground\weak 3\en.prom-stm32h7rs-mcu-finder.jpg
2024-07-17 12:49:42,125 [INFO] DbBoards:642 - Loading board mini-images...
2024-07-17 12:49:43,847 [INFO] DbBoards:665 - Loaded 195 board mini-images
2024-07-17 12:51:51,601 [INFO] McuFinderGlobals:76 - Set McuFinderConnectedMode to true
2024-07-17 12:51:51,606 [INFO] ApiDb:448 - Save user favorites file C:\Users\suriy/.stm32cubeide/favorites.mcus.txt: 0 item(s)
2024-07-17 12:51:51,606 [INFO] ApiDb:452 - User favorites MCUs=[]
2024-07-17 12:51:51,610 [INFO] ApiDb:448 - Save user favorites file C:\Users\suriy/.stm32cubeide/favorites.boards.txt: 0 item(s)
2024-07-17 12:51:51,611 [INFO] ApiDb:452 - User favorites Boards=[]
