2024-07-14 06:34:04,809 [INFO] Activator:176 - 


2024-07-14 06:34:04,817 [INFO] Activator:177 - !SESSION log4j initialized
2024-07-14 06:34:12,565 [INFO] LogOutputStream:77 - [STDOUT_REDIRECT] 
2024-07-14 06:34:12,988 [ERROR] ConfigurationRetriever:142 - IOException on connection: sw-center.st.com
2024-07-14 06:34:12,990 [ERROR] ConfigurationRetriever:142 - IOException on connection: sw-center.st.com
2024-07-14 06:34:12,991 [ERROR] ConfigurationRetriever:142 - IOException on connection: sw-center.st.com
2024-07-14 06:34:12,994 [ERROR] ConfigurationRetriever:142 - IOException on connection: sw-center.st.com
2024-07-14 06:34:12,996 [ERROR] ConfigurationRetriever:142 - IOException on connection: sw-center.st.com
2024-07-14 06:34:12,997 [ERROR] ConfigurationRetriever:142 - IOException on connection: sw-center.st.com
2024-07-14 06:34:14,613 [INFO] ApplicationProperties:184 - Using Application install path: C:\ST\STM32CubeIDE_1.15.1\STM32CubeIDE\plugins\com.st.stm32cube.common.mx_6.11.1.202404110753
2024-07-14 06:34:14,639 [INFO] DbMcusXml:78 - Set database path to: C:\ST\STM32CubeIDE_1.15.1\STM32CubeIDE\plugins\com.st.stm32cube.common.mx_6.11.1.202404110753\\db\/mcu/
2024-07-14 06:34:14,639 [INFO] ApiDb:274 - Set plugin database path to: C:\ST\STM32CubeIDE_1.15.1\STM32CubeIDE\plugins\com.st.stm32cube.common.mx_6.11.1.202404110753\\db\/plugins/boardmanager/
2024-07-14 06:34:14,639 [WARN] ApiDb:259 - Overriding images path with different value:  => C:\ST\STM32CubeIDE_1.15.1\STM32CubeIDE\plugins\com.st.stm32cube.common.mx_6.11.1.202404110753\\db\/plugins/mcufinder/images/
2024-07-14 06:34:14,652 [INFO] ApiDb:250 - Set database path to: C:\Users\suriy\.stmcufinder\plugins\mcufinder//mcu/
2024-07-14 06:34:14,653 [INFO] DbMcusAds:125 - Set database path to: C:\Users\suriy\.stmcufinder\plugins\mcufinder//mcu/
2024-07-14 06:34:14,655 [INFO] CrossReferenceDbSqlite:203 - Set database path to: C:\Users\suriy\.stmcufinder\plugins\mcufinder//mcu/cs/
2024-07-14 06:34:14,860 [INFO] RulesReader:64 - Compatibility file has been processed (297 Rules)
2024-07-14 06:34:15,036 [INFO] DbMcusXml:78 - Set database path to: C:\ST\STM32CubeIDE_1.15.1\STM32CubeIDE\plugins\com.st.stm32cube.common.mx_6.11.1.202404110753\\db\/mcu/
2024-07-14 06:34:15,037 [INFO] ApiDb:274 - Set plugin database path to: C:\ST\STM32CubeIDE_1.15.1\STM32CubeIDE\plugins\com.st.stm32cube.common.mx_6.11.1.202404110753\\db\/plugins/boardmanager/
2024-07-14 06:34:15,037 [INFO] ApiDb:261 - Set plugin images path to: C:\ST\STM32CubeIDE_1.15.1\STM32CubeIDE\plugins\com.st.stm32cube.common.mx_6.11.1.202404110753\\db\/plugins/mcufinder/images/
2024-07-14 06:34:15,037 [WARN] DbFile:41 - Overriding database path with different value: C:\Users\suriy\.stmcufinder\plugins\mcufinder/ => C:\Users\suriy\.stmcufinder\plugins\mcufinder
2024-07-14 06:34:15,037 [INFO] ApiDb:250 - Set database path to: C:\Users\suriy\.stmcufinder\plugins\mcufinder//mcu/
2024-07-14 06:34:15,037 [WARN] DbFile:41 - Overriding database path with different value: C:\Users\suriy\.stmcufinder\plugins\mcufinder/ => C:\Users\suriy\.stmcufinder\plugins\mcufinder
2024-07-14 06:34:15,037 [INFO] DbMcusAds:125 - Set database path to: C:\Users\suriy\.stmcufinder\plugins\mcufinder//mcu/
2024-07-14 06:34:15,038 [WARN] DbFile:41 - Overriding database path with different value: C:\Users\suriy\.stmcufinder\plugins\mcufinder/ => C:\Users\suriy\.stmcufinder\plugins\mcufinder
2024-07-14 06:34:15,038 [WARN] DbFile:41 - Overriding database path with different value: C:\Users\suriy\.stmcufinder\plugins\mcufinder/ => C:\Users\suriy\.stmcufinder\plugins\mcufinder
2024-07-14 06:34:15,038 [INFO] CrossReferenceDbSqlite:203 - Set database path to: C:\Users\suriy\.stmcufinder\plugins\mcufinder//mcu/cs/
2024-07-14 06:34:15,142 [INFO] MainPanel:264 - HeapMemory: 268435456
2024-07-14 06:34:15,252 [INFO] DbMcusXml:78 - Set database path to: C:\ST\STM32CubeIDE_1.15.1\STM32CubeIDE\plugins\com.st.stm32cube.common.mx_6.11.1.202404110753\\db\/mcu/
2024-07-14 06:34:15,252 [INFO] ApiDb:274 - Set plugin database path to: C:\ST\STM32CubeIDE_1.15.1\STM32CubeIDE\plugins\com.st.stm32cube.common.mx_6.11.1.202404110753\\db\/plugins/boardmanager/
2024-07-14 06:34:15,253 [INFO] ApiDb:261 - Set plugin images path to: C:\ST\STM32CubeIDE_1.15.1\STM32CubeIDE\plugins\com.st.stm32cube.common.mx_6.11.1.202404110753\\db\/plugins/mcufinder/images/
2024-07-14 06:34:15,253 [WARN] DbFile:41 - Overriding database path with different value: C:\Users\suriy\.stmcufinder\plugins\mcufinder/ => C:\Users\suriy\.stmcufinder\plugins\mcufinder
2024-07-14 06:34:15,253 [INFO] ApiDb:250 - Set database path to: C:\Users\suriy\.stmcufinder\plugins\mcufinder//mcu/
2024-07-14 06:34:15,253 [WARN] DbFile:41 - Overriding database path with different value: C:\Users\suriy\.stmcufinder\plugins\mcufinder/ => C:\Users\suriy\.stmcufinder\plugins\mcufinder
2024-07-14 06:34:15,254 [INFO] DbMcusAds:125 - Set database path to: C:\Users\suriy\.stmcufinder\plugins\mcufinder//mcu/
2024-07-14 06:34:15,254 [WARN] DbFile:41 - Overriding database path with different value: C:\Users\suriy\.stmcufinder\plugins\mcufinder/ => C:\Users\suriy\.stmcufinder\plugins\mcufinder
2024-07-14 06:34:15,254 [WARN] DbFile:41 - Overriding database path with different value: C:\Users\suriy\.stmcufinder\plugins\mcufinder/ => C:\Users\suriy\.stmcufinder\plugins\mcufinder
2024-07-14 06:34:15,254 [INFO] CrossReferenceDbSqlite:203 - Set database path to: C:\Users\suriy\.stmcufinder\plugins\mcufinder//mcu/cs/
2024-07-14 06:34:15,278 [INFO] ApplicationProperties:184 - Using Application install path: C:\ST\STM32CubeIDE_1.15.1\STM32CubeIDE\plugins\com.st.stm32cube.common.mx_6.11.1.202404110753
2024-07-14 06:34:15,280 [INFO] PluginManage:196 - Search for loadable plugins [exclusion list=, ]
2024-07-14 06:34:15,282 [INFO] PluginManage:310 - Check plugin analytics
2024-07-14 06:34:15,622 [INFO] AnalyticsPlugin:253 - Accepted Software Licenses: 
2024-07-14 06:34:15,622 [INFO] AnalyticsPlugin:255 - Accepted CMSIS Pack Licenses: 
2024-07-14 06:34:15,622 [INFO] AnalyticsPlugin:257 - Accepted Firmware Licenses: FW.F4.1.28.0
2024-07-14 06:34:15,626 [INFO] PluginManage:359 - Loaded plugin analytics (category:tool,tabindex:-1)
2024-07-14 06:34:15,626 [INFO] PluginManage:310 - Check plugin cadmodel
2024-07-14 06:34:15,627 [ERROR] ConfigurationRetriever:142 - IOException on connection: sw-center.st.com
2024-07-14 06:34:15,628 [ERROR] ConfigurationRetriever:142 - IOException on connection: sw-center.st.com
2024-07-14 06:34:15,628 [ERROR] ConfigurationRetriever:142 - IOException on connection: sw-center.st.com
2024-07-14 06:34:15,651 [INFO] CADModel:105 - Init CAD model plugin
2024-07-14 06:34:15,652 [INFO] PluginManage:359 - Loaded plugin cadmodel (category:power,tabindex:5)
2024-07-14 06:34:15,652 [INFO] PluginManage:310 - Check plugin clock
2024-07-14 06:34:15,687 [INFO] PluginManage:359 - Loaded plugin clock (category:base,tabindex:2)
2024-07-14 06:34:15,687 [INFO] PluginManage:310 - Check plugin ddr
2024-07-14 06:34:15,691 [INFO] PluginManage:359 - Loaded plugin ddr (category:tool,tabindex:6)
2024-07-14 06:34:15,691 [INFO] PluginManage:310 - Check plugin filemanager
2024-07-14 06:34:15,891 [INFO] PluginManage:359 - Loaded plugin filemanager (category:base,tabindex:10)
2024-07-14 06:34:15,892 [INFO] PluginManage:310 - Check plugin ipmanager
2024-07-14 06:34:15,901 [INFO] PluginManage:359 - Loaded plugin ipmanager (category:base,tabindex:5)
2024-07-14 06:34:15,902 [INFO] PluginManage:310 - Check plugin lpbam
2024-07-14 06:34:15,925 [INFO] PluginManage:359 - Loaded plugin lpbam (category:base,tabindex:0)
2024-07-14 06:34:15,925 [INFO] PluginManage:310 - Check plugin memorymap
2024-07-14 06:34:15,953 [INFO] PluginManage:359 - Loaded plugin memorymap (category:base,tabindex:4)
2024-07-14 06:34:15,953 [INFO] PluginManage:310 - Check plugin pinoutandconfiguration
2024-07-14 06:34:15,979 [INFO] PluginManage:359 - Loaded plugin pinoutandconfiguration (category:base,tabindex:1)
2024-07-14 06:34:15,979 [INFO] PluginManage:310 - Check plugin pinoutconfig
2024-07-14 06:34:16,186 [WARN] SupportedApi:132 - Cannot load RTOS API schema: s4s-elt-must-match.1: The content of 'definitions' must match (annotation?, (simpleType | complexType)?, (unique | key | keyref)*)). A problem was found starting at: attribute.
2024-07-14 06:34:16,426 [INFO] PluginManage:359 - Loaded plugin pinoutconfig (category:base,tabindex:0)
2024-07-14 06:34:16,426 [INFO] PluginManage:310 - Check plugin power
2024-07-14 06:34:16,454 [INFO] PluginManage:359 - Loaded plugin power (category:power,tabindex:4)
2024-07-14 06:34:16,454 [INFO] PluginManage:310 - Check plugin projectmanager
2024-07-14 06:34:16,481 [INFO] PluginManage:359 - Loaded plugin projectmanager (category:projectmanager,tabindex:3)
2024-07-14 06:34:16,482 [INFO] PluginManage:310 - Check plugin thirdparty
2024-07-14 06:34:16,834 [INFO] PluginManage:359 - Loaded plugin thirdparty (category:base,tabindex:-1)
2024-07-14 06:34:16,834 [INFO] PluginManage:310 - Check plugin tools
2024-07-14 06:34:16,834 [WARN] IntegrityCheckThread:84 - waiting for thirdparty lock release [integrity check]
2024-07-14 06:34:16,834 [INFO] IntegrityCheckThread:86 - entering critical section [integrity check]
2024-07-14 06:34:16,835 [INFO] ThirdPartyUpdaterWithRetryManager:70 - Updater plugin not ready yet. [1/15]
2024-07-14 06:34:16,872 [INFO] PluginManage:359 - Loaded plugin tools (category:base,tabindex:7)
2024-07-14 06:34:16,872 [INFO] PluginManage:310 - Check plugin tutovideos
2024-07-14 06:34:17,072 [INFO] PluginManage:359 - Loaded plugin tutovideos (category:base,tabindex:-1)
2024-07-14 06:34:17,073 [INFO] PluginManage:310 - Check plugin updater
2024-07-14 06:34:17,087 [INFO] PluginManage:359 - Loaded plugin updater (category:base,tabindex:12)
2024-07-14 06:34:17,087 [INFO] PluginManage:310 - Check plugin userauth
2024-07-14 06:34:17,094 [INFO] UserAuth:114 - Init User Auth plugin
2024-07-14 06:34:17,094 [INFO] PluginManage:359 - Loaded plugin userauth (category:base,tabindex:14)
2024-07-14 06:34:17,094 [INFO] PluginManage:283 - PluginManage : Loaded plugins [17]
2024-07-14 06:34:17,368 [INFO] PinOutPanel:1561 - setPackage(No Configuration,No Configuration)
2024-07-14 06:34:17,451 [INFO] CADModel:165 - CPN selected for project level
2024-07-14 06:34:17,451 [INFO] CADModel:114 - Register for checkConnection events
2024-07-14 06:34:17,477 [INFO] IPUIPlugin:80 - create IPUIPlugin
2024-07-14 06:34:17,477 [INFO] PluginManager:220 - loadIPPluginJar : add adc
2024-07-14 06:34:17,519 [INFO] IPUIPlugin:80 - create IPUIPlugin
2024-07-14 06:34:17,519 [INFO] PluginManager:220 - loadIPPluginJar : add aes
2024-07-14 06:34:17,562 [INFO] IPUIPlugin:80 - create IPUIPlugin
2024-07-14 06:34:17,562 [INFO] PluginManager:220 - loadIPPluginJar : add can
2024-07-14 06:34:17,585 [INFO] IPUIPlugin:80 - create IPUIPlugin
2024-07-14 06:34:17,585 [INFO] PluginManager:220 - loadIPPluginJar : add comp
2024-07-14 06:34:17,622 [INFO] IPUIPlugin:80 - create IPUIPlugin
2024-07-14 06:34:17,622 [INFO] PluginManager:220 - loadIPPluginJar : add cryp
2024-07-14 06:34:17,652 [INFO] IPUIPlugin:80 - create IPUIPlugin
2024-07-14 06:34:17,652 [INFO] PluginManager:220 - loadIPPluginJar : add dfsdm
2024-07-14 06:34:17,666 [INFO] IPUIPlugin:80 - create IPUIPlugin
2024-07-14 06:34:17,666 [INFO] PluginManager:220 - loadIPPluginJar : add dma
2024-07-14 06:34:17,714 [INFO] IPUIPlugin:80 - create IPUIPlugin
2024-07-14 06:34:17,715 [INFO] PluginManager:220 - loadIPPluginJar : add dma3
2024-07-14 06:34:17,763 [INFO] IPUIPlugin:80 - create IPUIPlugin
2024-07-14 06:34:17,763 [INFO] PluginManager:220 - loadIPPluginJar : add extmemmanager
2024-07-14 06:34:17,787 [INFO] IPUIPlugin:80 - create IPUIPlugin
2024-07-14 06:34:17,787 [INFO] PluginManager:220 - loadIPPluginJar : add fatfs
2024-07-14 06:34:17,839 [INFO] IPUIPlugin:80 - create IPUIPlugin
2024-07-14 06:34:17,839 [INFO] PluginManager:220 - loadIPPluginJar : add fmc
2024-07-14 06:34:17,855 [INFO] IPUIPlugin:80 - create IPUIPlugin
2024-07-14 06:34:17,855 [INFO] PluginManager:220 - loadIPPluginJar : add freertos
2024-07-14 06:34:17,878 [INFO] IPUIPlugin:80 - create IPUIPlugin
2024-07-14 06:34:17,879 [INFO] PluginManager:220 - loadIPPluginJar : add genericplugin
2024-07-14 06:34:17,975 [INFO] IPUIPlugin:80 - create IPUIPlugin
2024-07-14 06:34:17,976 [INFO] PluginManager:220 - loadIPPluginJar : add gfxmmu
2024-07-14 06:34:18,114 [INFO] IPUIPlugin:80 - create IPUIPlugin
2024-07-14 06:34:18,114 [INFO] PluginManager:220 - loadIPPluginJar : add gic
2024-07-14 06:34:18,127 [INFO] IPUIPlugin:80 - create IPUIPlugin
2024-07-14 06:34:18,127 [INFO] PluginManager:220 - loadIPPluginJar : add gpio
2024-07-14 06:34:18,216 [INFO] IPUIPlugin:80 - create IPUIPlugin
2024-07-14 06:34:18,216 [INFO] PluginManager:220 - loadIPPluginJar : add gtzc
2024-07-14 06:34:18,249 [INFO] IPUIPlugin:80 - create IPUIPlugin
2024-07-14 06:34:18,249 [INFO] PluginManager:220 - loadIPPluginJar : add hash
2024-07-14 06:34:18,301 [INFO] IPUIPlugin:80 - create IPUIPlugin
2024-07-14 06:34:18,301 [INFO] PluginManager:220 - loadIPPluginJar : add i2c
2024-07-14 06:34:18,339 [INFO] IPUIPlugin:80 - create IPUIPlugin
2024-07-14 06:34:18,339 [INFO] PluginManager:220 - loadIPPluginJar : add i2s
2024-07-14 06:34:18,382 [INFO] IPUIPlugin:80 - create IPUIPlugin
2024-07-14 06:34:18,382 [INFO] PluginManager:220 - loadIPPluginJar : add i3c
2024-07-14 06:34:18,479 [INFO] IPUIPlugin:80 - create IPUIPlugin
2024-07-14 06:34:18,479 [INFO] PluginManager:220 - loadIPPluginJar : add ipddr
2024-07-14 06:34:18,581 [INFO] IPUIPlugin:80 - create IPUIPlugin
2024-07-14 06:34:18,581 [INFO] PluginManager:220 - loadIPPluginJar : add linkedlist
2024-07-14 06:34:18,619 [INFO] IPUIPlugin:80 - create IPUIPlugin
2024-07-14 06:34:18,619 [INFO] PluginManager:220 - loadIPPluginJar : add lorawan
2024-07-14 06:34:18,665 [INFO] IPUIPlugin:80 - create IPUIPlugin
2024-07-14 06:34:18,665 [INFO] PluginManager:220 - loadIPPluginJar : add ltdc
2024-07-14 06:34:18,682 [INFO] IPUIPlugin:80 - create IPUIPlugin
2024-07-14 06:34:18,682 [INFO] PluginManager:220 - loadIPPluginJar : add mdma
2024-07-14 06:34:18,693 [INFO] IPUIPlugin:80 - create IPUIPlugin
2024-07-14 06:34:18,693 [INFO] PluginManager:220 - loadIPPluginJar : add nvic
2024-07-14 06:34:18,727 [INFO] IPUIPlugin:80 - create IPUIPlugin
2024-07-14 06:34:18,727 [INFO] PluginManager:220 - loadIPPluginJar : add opamp
2024-07-14 06:34:18,786 [INFO] IPUIPlugin:80 - create IPUIPlugin
2024-07-14 06:34:18,786 [INFO] PluginManager:220 - loadIPPluginJar : add openamp
2024-07-14 06:34:18,831 [INFO] IPUIPlugin:80 - create IPUIPlugin
2024-07-14 06:34:18,831 [INFO] PluginManager:220 - loadIPPluginJar : add pdm2pcm
2024-07-14 06:34:18,845 [INFO] IPUIPlugin:80 - create IPUIPlugin
2024-07-14 06:34:18,847 [INFO] PluginManager:220 - loadIPPluginJar : add plateformsettings
2024-07-14 06:34:18,869 [INFO] IPUIPlugin:80 - create IPUIPlugin
2024-07-14 06:34:18,869 [INFO] PluginManager:220 - loadIPPluginJar : add quadspi
2024-07-14 06:34:18,881 [INFO] IPUIPlugin:80 - create IPUIPlugin
2024-07-14 06:34:18,881 [INFO] PluginManager:220 - loadIPPluginJar : add resmgrutility
2024-07-14 06:34:18,926 [INFO] IPUIPlugin:80 - create IPUIPlugin
2024-07-14 06:34:18,926 [INFO] PluginManager:220 - loadIPPluginJar : add sai
2024-07-14 06:34:18,963 [INFO] IPUIPlugin:80 - create IPUIPlugin
2024-07-14 06:34:18,963 [INFO] PluginManager:220 - loadIPPluginJar : add spi
2024-07-14 06:34:19,032 [INFO] IPUIPlugin:80 - create IPUIPlugin
2024-07-14 06:34:19,033 [INFO] PluginManager:220 - loadIPPluginJar : add stm32_wpan
2024-07-14 06:34:19,054 [INFO] IPUIPlugin:80 - create IPUIPlugin
2024-07-14 06:34:19,054 [INFO] PluginManager:220 - loadIPPluginJar : add tim
2024-07-14 06:34:19,114 [INFO] IPUIPlugin:80 - create IPUIPlugin
2024-07-14 06:34:19,114 [INFO] PluginManager:220 - loadIPPluginJar : add touchsensing
2024-07-14 06:34:19,140 [INFO] IPUIPlugin:80 - create IPUIPlugin
2024-07-14 06:34:19,140 [INFO] PluginManager:220 - loadIPPluginJar : add tracer_emb
2024-07-14 06:34:19,165 [INFO] IPUIPlugin:80 - create IPUIPlugin
2024-07-14 06:34:19,165 [INFO] PluginManager:220 - loadIPPluginJar : add ts
2024-07-14 06:34:19,189 [INFO] IPUIPlugin:80 - create IPUIPlugin
2024-07-14 06:34:19,190 [INFO] PluginManager:220 - loadIPPluginJar : add tsc
2024-07-14 06:34:19,217 [INFO] IPUIPlugin:80 - create IPUIPlugin
2024-07-14 06:34:19,217 [INFO] PluginManager:220 - loadIPPluginJar : add ucpd
2024-07-14 06:34:19,257 [INFO] IPUIPlugin:80 - create IPUIPlugin
2024-07-14 06:34:19,258 [INFO] PluginManager:220 - loadIPPluginJar : add usart
2024-07-14 06:34:19,294 [INFO] IPUIPlugin:80 - create IPUIPlugin
2024-07-14 06:34:19,295 [INFO] PluginManager:220 - loadIPPluginJar : add usbx
2024-07-14 06:34:19,427 [INFO] CADModel:165 - CPN selected for project level
2024-07-14 06:34:19,427 [INFO] CADModel:114 - Register for checkConnection events
2024-07-14 06:34:19,428 [FATAL] Updater:308 - Updater called before beeing initialized
2024-07-14 06:34:19,428 [ERROR] CADModel:125 - Updater not yet initialized, retry later 
2024-07-14 06:34:19,565 [INFO] CADModel:165 - CPN selected for project level
2024-07-14 06:34:19,565 [INFO] CADModel:114 - Register for checkConnection events
2024-07-14 06:34:19,565 [FATAL] Updater:308 - Updater called before beeing initialized
2024-07-14 06:34:19,565 [ERROR] CADModel:125 - Updater not yet initialized, retry later 
2024-07-14 06:34:19,568 [FATAL] Updater:308 - Updater called before beeing initialized
2024-07-14 06:34:19,691 [FATAL] Updater:308 - Updater called before beeing initialized
2024-07-14 06:34:19,700 [INFO] DbMcusAds:53 - JSON generation date=Thu May 16 14:52:00 IST 2024 (1715851320667)
2024-07-14 06:34:19,700 [FATAL] Updater:308 - Updater called before beeing initialized
2024-07-14 06:34:19,775 [WARN] DetailPanel:346 - Failed to get advertising image, set to default
2024-07-14 06:34:19,836 [INFO] ThirdPartyUpdaterWithRetryManager:70 - Updater plugin not ready yet. [2/15]
2024-07-14 06:34:19,852 [FATAL] Updater:308 - Updater called before beeing initialized
2024-07-14 06:34:19,855 [FATAL] Updater:308 - Updater called before beeing initialized
2024-07-14 06:34:19,855 [FATAL] Updater:308 - Updater called before beeing initialized
2024-07-14 06:34:19,855 [WARN] DetailPanel:346 - Failed to get advertising image, set to default
2024-07-14 06:34:19,856 [FATAL] Updater:308 - Updater called before beeing initialized
2024-07-14 06:34:19,926 [ERROR] Updater:1120 - MainUpdater not yet initialized. External WinMGr cannot be set.
2024-07-14 06:34:19,936 [INFO] Updater:1056 - Updater Version found : 6.11.1
2024-07-14 06:34:19,957 [INFO] ApplicationProperties:184 - Using Application install path: C:\ST\STM32CubeIDE_1.15.1\STM32CubeIDE\plugins\com.st.stm32cube.common.mx_6.11.1.202404110753
2024-07-14 06:34:21,537 [ERROR] LogOutputStream:75 - [STDERR_REDIRECT] Jul 14, 2024 6:34:21 AM java.util.prefs.WindowsPreferences <init>
2024-07-14 06:34:21,538 [ERROR] LogOutputStream:75 - [STDERR_REDIRECT] WARNING: Could not open/create prefs root node Software\JavaSoft\Prefs at root 0xffffffff80000002. Windows RegCreateKeyEx(...) returned error code 5.
2024-07-14 06:34:21,538 [ERROR] LogOutputStream:75 - [STDERR_REDIRECT] 
2024-07-14 06:34:21,928 [INFO] MainUpdater:2873 - connection check result : 22
2024-07-14 06:34:21,930 [INFO] MainUpdater:290 - Updater Check For Update Now.
2024-07-14 06:34:21,930 [INFO] MicroXplorer:498 - Change Database Version : DB.6.0.111
2024-07-14 06:34:21,960 [INFO] McuFinderGlobals:63 - Set McuFinder mode to 2 (CubeIDE integrated)
2024-07-14 06:34:21,988 [INFO] UserAuth:415 - Internet connection configuration mode: 2
2024-07-14 06:34:22,187 [INFO] CheckServerUpdateThread:120 - End of CheckServer Thread
2024-07-14 06:34:23,026 [WARN] PackLoader:240 - Cannot read IP mode file for STMicroelectronics.FP-SNS-MOTENVWB1.1.4.0
2024-07-14 06:34:23,047 [WARN] PackLoader:240 - Cannot read IP mode file for STMicroelectronics.X-CUBE-SMBUS.2.1.0
2024-07-14 06:34:23,064 [WARN] PackLoader:240 - Cannot read IP mode file for STMicroelectronics.X-CUBE-TOUCHGFX.4.23.2
2024-07-14 06:34:23,113 [WARN] PackLoader:240 - Cannot read IP mode file for STMicroelectronics.X-CUBE-AZRTOS-F7.1.1.0
2024-07-14 06:34:23,134 [WARN] PackLoader:240 - Cannot read IP mode file for STMicroelectronics.FP-SNS-FLIGHT1.5.0.2
2024-07-14 06:34:23,154 [WARN] PackLoader:240 - Cannot read IP mode file for STMicroelectronics.X-CUBE-DISPLAY.3.0.0
2024-07-14 06:34:23,177 [WARN] PackLoader:240 - Cannot read IP mode file for STMicroelectronics.X-CUBE-BLE1.7.0.0
2024-07-14 06:34:23,190 [WARN] PackLoader:240 - Cannot read IP mode file for emotas.I-CUBE-CANOPEN.1.3.0
2024-07-14 06:34:23,209 [WARN] PackLoader:240 - Cannot read IP mode file for STMicroelectronics.X-CUBE-BLEMGR.3.1.0
2024-07-14 06:34:23,227 [WARN] PackLoader:240 - Cannot read IP mode file for STMicroelectronics.FP-SNS-SMARTAG2.1.2.0
2024-07-14 06:34:23,263 [INFO] LogOutputStream:77 - [STDOUT_REDIRECT] 1 : Invalid condition id : UX_CORESTACK_Condition cause : null
2024-07-14 06:34:23,263 [INFO] LogOutputStream:77 - [STDOUT_REDIRECT] 1 : Invalid condition id : UX_CORESTACK_Condition cause : null
2024-07-14 06:34:23,265 [INFO] LogOutputStream:77 - [STDOUT_REDIRECT] 1 : Invalid condition id : UX_CORESTACK_Condition cause : null
2024-07-14 06:34:23,266 [INFO] LogOutputStream:77 - [STDOUT_REDIRECT] 1 : Invalid condition id : UX_CORESTACK_Condition cause : null
2024-07-14 06:34:23,267 [INFO] LogOutputStream:77 - [STDOUT_REDIRECT] 1 : Invalid condition id : UX_CORESTACK_Condition cause : null
2024-07-14 06:34:23,272 [WARN] PackLoader:240 - Cannot read IP mode file for STMicroelectronics.X-CUBE-AZRTOS-WL.2.0.0
2024-07-14 06:34:23,291 [WARN] PackLoader:240 - Cannot read IP mode file for STMicroelectronics.FP-SNS-MOTENV1.5.0.0
2024-07-14 06:34:23,307 [WARN] PackLoader:240 - Cannot read IP mode file for wolfSSL.I-CUBE-wolfMQTT.1.19.0
2024-07-14 06:34:23,342 [WARN] PackLoader:240 - Cannot read IP mode file for WES.I-CUBE-Cesium.1.3.0
2024-07-14 06:34:23,360 [WARN] PackLoader:240 - Cannot read IP mode file for STMicroelectronics.X-CUBE-BLE2.3.3.0
2024-07-14 06:34:23,371 [WARN] PackLoader:240 - Cannot read IP mode file for STMicroelectronics.X-CUBE-TCPP.4.1.0
2024-07-14 06:34:23,402 [WARN] PackLoader:240 - Cannot read IP mode file for STMicroelectronics.X-CUBE-AZRTOS-G0.1.1.0
2024-07-14 06:34:23,421 [WARN] PackLoader:240 - Cannot read IP mode file for STMicroelectronics.X-CUBE-SAFEA1.1.2.2
2024-07-14 06:34:23,442 [WARN] PackLoader:240 - Cannot read IP mode file for STMicroelectronics.X-CUBE-NFC4.3.0.0
2024-07-14 06:34:23,466 [WARN] PackLoader:240 - Cannot read IP mode file for EmbeddedOffice.I-CUBE-FS-RTOS.1.0.1
2024-07-14 06:34:23,466 [ERROR] ConditionMgr:805 - Attr not supported : Dmpu
2024-07-14 06:34:23,466 [ERROR] ConditionMgr:805 - Attr not supported : Dmpu
2024-07-14 06:34:23,467 [ERROR] ConditionMgr:805 - Attr not supported : Dmpu
2024-07-14 06:34:23,467 [ERROR] ConditionMgr:805 - Attr not supported : Dmpu
2024-07-14 06:34:23,467 [ERROR] ConditionMgr:805 - Attr not supported : Dmpu
2024-07-14 06:34:23,467 [ERROR] ConditionMgr:805 - Attr not supported : Dmpu
2024-07-14 06:34:23,467 [ERROR] ConditionMgr:805 - Attr not supported : Dmpu
2024-07-14 06:34:23,467 [ERROR] ConditionMgr:805 - Attr not supported : Dmpu
2024-07-14 06:34:23,467 [ERROR] ConditionMgr:805 - Attr not supported : Dmpu
2024-07-14 06:34:23,467 [ERROR] ConditionMgr:805 - Attr not supported : Dmpu
2024-07-14 06:34:23,467 [ERROR] ConditionMgr:805 - Attr not supported : Dmpu
2024-07-14 06:34:23,467 [ERROR] ConditionMgr:805 - Attr not supported : Dmpu
2024-07-14 06:34:23,467 [ERROR] ConditionMgr:805 - Attr not supported : Dmpu
2024-07-14 06:34:23,467 [ERROR] ConditionMgr:805 - Attr not supported : Dmpu
2024-07-14 06:34:23,467 [ERROR] ConditionMgr:805 - Attr not supported : Dmpu
2024-07-14 06:34:23,467 [ERROR] ConditionMgr:805 - Attr not supported : Dmpu
2024-07-14 06:34:23,467 [ERROR] ConditionMgr:805 - Attr not supported : Dmpu
2024-07-14 06:34:23,467 [ERROR] ConditionMgr:805 - Attr not supported : Dmpu
2024-07-14 06:34:23,467 [ERROR] ConditionMgr:805 - Attr not supported : Dmpu
2024-07-14 06:34:23,467 [ERROR] ConditionMgr:805 - Attr not supported : Dmpu
2024-07-14 06:34:23,467 [ERROR] ConditionMgr:805 - Attr not supported : Dmpu
2024-07-14 06:34:23,467 [ERROR] ConditionMgr:805 - Attr not supported : Dmpu
2024-07-14 06:34:23,467 [ERROR] ConditionMgr:805 - Attr not supported : Dmpu
2024-07-14 06:34:23,468 [ERROR] ConditionMgr:805 - Attr not supported : Dmpu
2024-07-14 06:34:23,468 [ERROR] ConditionMgr:805 - Attr not supported : Dmpu
2024-07-14 06:34:23,468 [ERROR] ConditionMgr:805 - Attr not supported : Dmpu
2024-07-14 06:34:23,468 [ERROR] ConditionMgr:805 - Attr not supported : Dmpu
2024-07-14 06:34:23,468 [ERROR] ConditionMgr:805 - Attr not supported : Dmpu
2024-07-14 06:34:23,468 [ERROR] ConditionMgr:805 - Attr not supported : Dmpu
2024-07-14 06:34:23,468 [ERROR] ConditionMgr:805 - Attr not supported : Dmpu
2024-07-14 06:34:23,468 [ERROR] ConditionMgr:805 - Attr not supported : Dmpu
2024-07-14 06:34:23,468 [ERROR] ConditionMgr:805 - Attr not supported : Dmpu
2024-07-14 06:34:23,468 [ERROR] ConditionMgr:805 - Attr not supported : Dmpu
2024-07-14 06:34:23,468 [ERROR] ConditionMgr:805 - Attr not supported : Dmpu
2024-07-14 06:34:23,468 [ERROR] ConditionMgr:805 - Attr not supported : Dmpu
2024-07-14 06:34:23,468 [ERROR] ConditionMgr:805 - Attr not supported : Dmpu
2024-07-14 06:34:23,468 [ERROR] ConditionMgr:805 - Attr not supported : Dmpu
2024-07-14 06:34:23,468 [ERROR] ConditionMgr:805 - Attr not supported : Dmpu
2024-07-14 06:34:23,468 [ERROR] ConditionMgr:805 - Attr not supported : Dmpu
2024-07-14 06:34:23,469 [ERROR] ConditionMgr:805 - Attr not supported : Dmpu
2024-07-14 06:34:23,469 [ERROR] ConditionMgr:805 - Attr not supported : Dmpu
2024-07-14 06:34:23,469 [ERROR] ConditionMgr:805 - Attr not supported : Dmpu
2024-07-14 06:34:23,469 [ERROR] ConditionMgr:805 - Attr not supported : Dmpu
2024-07-14 06:34:23,469 [ERROR] ConditionMgr:805 - Attr not supported : Dmpu
2024-07-14 06:34:23,469 [ERROR] ConditionMgr:805 - Attr not supported : Dmpu
2024-07-14 06:34:23,469 [ERROR] ConditionMgr:805 - Attr not supported : Dmpu
2024-07-14 06:34:23,469 [ERROR] ConditionMgr:805 - Attr not supported : Dmpu
2024-07-14 06:34:23,469 [ERROR] ConditionMgr:805 - Attr not supported : Dmpu
2024-07-14 06:34:23,469 [ERROR] ConditionMgr:805 - Attr not supported : Dmpu
2024-07-14 06:34:23,469 [ERROR] ConditionMgr:805 - Attr not supported : Dmpu
2024-07-14 06:34:23,469 [ERROR] ConditionMgr:805 - Attr not supported : Dmpu
2024-07-14 06:34:23,469 [ERROR] ConditionMgr:805 - Attr not supported : Dmpu
2024-07-14 06:34:23,469 [ERROR] ConditionMgr:805 - Attr not supported : Dmpu
2024-07-14 06:34:23,469 [ERROR] ConditionMgr:805 - Attr not supported : Dmpu
2024-07-14 06:34:23,470 [ERROR] ConditionMgr:805 - Attr not supported : Dmpu
2024-07-14 06:34:23,470 [ERROR] ConditionMgr:805 - Attr not supported : Dmpu
2024-07-14 06:34:23,470 [ERROR] ConditionMgr:805 - Attr not supported : Dmpu
2024-07-14 06:34:23,470 [ERROR] ConditionMgr:805 - Attr not supported : Dmpu
2024-07-14 06:34:23,470 [ERROR] ConditionMgr:805 - Attr not supported : Dmpu
2024-07-14 06:34:23,470 [ERROR] ConditionMgr:805 - Attr not supported : Dmpu
2024-07-14 06:34:23,470 [ERROR] ConditionMgr:805 - Attr not supported : Dmpu
2024-07-14 06:34:23,470 [ERROR] ConditionMgr:805 - Attr not supported : Dmpu
2024-07-14 06:34:23,470 [ERROR] ConditionMgr:805 - Attr not supported : Dmpu
2024-07-14 06:34:23,470 [ERROR] ConditionMgr:805 - Attr not supported : Dmpu
2024-07-14 06:34:23,492 [WARN] PackLoader:240 - Cannot read IP mode file for RealThread.X-CUBE-RT-Thread_Nano.4.1.1
2024-07-14 06:34:23,508 [WARN] PackLoader:240 - Cannot read IP mode file for wolfSSL.I-CUBE-wolfSSL.5.7.0
2024-07-14 06:34:23,523 [WARN] PackLoader:240 - Cannot read IP mode file for STMicroelectronics.FP-ATR-SIGFOX1.3.2.0
2024-07-14 06:34:23,542 [WARN] PackLoader:240 - Cannot read IP mode file for STMicroelectronics.X-CUBE-EEPRMA1.5.1.0
2024-07-14 06:34:23,559 [WARN] PackLoader:240 - Cannot read IP mode file for ITTIA_DB.I-CUBE-ITTIADB.8.9.0
2024-07-14 06:34:23,600 [WARN] PackLoader:240 - Cannot read IP mode file for SEGGER.I-CUBE-embOS.1.3.1
2024-07-14 06:34:23,643 [WARN] PackLoader:240 - Cannot read IP mode file for STMicroelectronics.X-CUBE-ALGOBUILD.1.4.0
2024-07-14 06:34:23,659 [WARN] PackLoader:240 - Cannot read IP mode file for STMicroelectronics.X-CUBE-GNSS1.6.0.0
2024-07-14 06:34:23,693 [WARN] PackLoader:240 - Cannot read IP mode file for STMicroelectronics.X-CUBE-AZRTOS-F4.1.1.0
2024-07-14 06:34:23,716 [WARN] PackLoader:240 - Cannot read IP mode file for STMicroelectronics.X-CUBE-FREERTOS.1.2.0
2024-07-14 06:34:23,752 [WARN] PackLoader:240 - Cannot read IP mode file for STMicroelectronics.X-CUBE-AZRTOS-L5.2.0.0
2024-07-14 06:34:23,771 [WARN] PackLoader:240 - Cannot read IP mode file for STMicroelectronics.X-CUBE-NFC6.3.1.0
2024-07-14 06:34:23,791 [WARN] PackLoader:240 - Cannot read IP mode file for STMicroelectronics.X-CUBE-DPower.1.2.0
2024-07-14 06:34:23,806 [WARN] PackLoader:240 - Cannot read IP mode file for STMicroelectronics.X-CUBE-AI.9.0.0
2024-07-14 06:34:23,826 [WARN] PackLoader:240 - Cannot read IP mode file for STMicroelectronics.X-CUBE-NFC7.1.0.1
2024-07-14 06:34:23,845 [WARN] PackLoader:240 - Cannot read IP mode file for wolfSSL.I-CUBE-wolfTPM.3.2.0
2024-07-14 06:34:23,888 [WARN] ConditionMgr:438 - getConditionDescription Invalid condition id : LAN8742 Phy interface Condition cause : null
2024-07-14 06:34:23,889 [WARN] PackLoader:240 - Cannot read IP mode file for STMicroelectronics.X-CUBE-AZRTOS-L4.2.0.0
2024-07-14 06:34:23,891 [WARN] ConditionMgr:1039 - genDependencies : Invalid condition id : LAN8742 Phy interface Condition cause : null
2024-07-14 06:34:23,891 [WARN] ConditionMgr:1039 - genDependencies : Invalid condition id : LAN8742 Phy interface Condition cause : null
2024-07-14 06:34:23,892 [WARN] ConditionMgr:1039 - genDependencies : Invalid condition id : LAN8742 Phy interface Condition cause : null
2024-07-14 06:34:23,914 [WARN] PackLoader:240 - Cannot read IP mode file for STMicroelectronics.X-CUBE-SFXS2LP1.4.0.0
2024-07-14 06:34:23,943 [WARN] ConditionMgr:438 - getConditionDescription Invalid condition id : UX DEVICE CLASS RTOS Condition cause : null
2024-07-14 06:34:23,943 [WARN] ConditionMgr:438 - getConditionDescription Invalid condition id : UX DEVICE CLASS RTOS Condition cause : null
2024-07-14 06:34:23,945 [WARN] PackLoader:240 - Cannot read IP mode file for STMicroelectronics.X-CUBE-AZRTOS-WB.2.0.0
2024-07-14 06:34:23,946 [WARN] ConditionMgr:1039 - genDependencies : Invalid condition id : UX DEVICE CLASS RTOS Condition cause : null
2024-07-14 06:34:23,947 [WARN] ConditionMgr:1039 - genDependencies : Invalid condition id : UX DEVICE CLASS RTOS Condition cause : null
2024-07-14 06:34:23,948 [WARN] ConditionMgr:1039 - genDependencies : Invalid condition id : UX DEVICE CLASS RTOS Condition cause : null
2024-07-14 06:34:23,949 [WARN] ConditionMgr:1039 - genDependencies : Invalid condition id : UX DEVICE CLASS RTOS Condition cause : null
2024-07-14 06:34:23,949 [WARN] ConditionMgr:1039 - genDependencies : Invalid condition id : UX DEVICE CLASS RTOS Condition cause : null
2024-07-14 06:34:23,975 [WARN] PackLoader:240 - Cannot read IP mode file for STMicroelectronics.X-CUBE-SUBG2.5.0.0
2024-07-14 06:34:24,001 [WARN] PackLoader:240 - Cannot read IP mode file for Cesanta.I-CUBE-Mongoose.7.13.0
2024-07-14 06:34:24,033 [WARN] PackLoader:240 - Cannot read IP mode file for STMicroelectronics.X-CUBE-AZRTOS-G4.2.0.0
2024-07-14 06:34:24,052 [WARN] PackLoader:240 - Cannot read IP mode file for STMicroelectronics.X-CUBE-ISPU.2.0.0
2024-07-14 06:34:24,072 [WARN] PackLoader:240 - Cannot read IP mode file for STMicroelectronics.X-CUBE-ALS.1.0.2
2024-07-14 06:34:24,129 [WARN] PackLoader:240 - Cannot read IP mode file for STMicroelectronics.X-CUBE-MEMS1.10.0.0
2024-07-14 06:34:24,247 [WARN] PackLoader:240 - Cannot read IP mode file for STMicroelectronics.X-CUBE-TOUCHGFX.4.24.0
2024-07-14 06:34:24,267 [WARN] PackLoader:240 - Cannot read IP mode file for portGmbH.I-Cube-SoM-uGOAL.1.1.0
2024-07-14 06:34:24,329 [WARN] PackLoader:240 - Cannot read IP mode file for STMicroelectronics.X-CUBE-AZRTOS-H7RS.1.0.0
2024-07-14 06:34:24,351 [WARN] PackLoader:240 - Cannot read IP mode file for STMicroelectronics.FP-ATR-ASTRA1.2.0.0
2024-07-14 06:34:24,389 [WARN] PackLoader:240 - Cannot read IP mode file for STMicroelectronics.X-CUBE-TOF1.3.4.1
2024-07-14 06:34:24,438 [WARN] PackLoader:240 - Cannot read IP mode file for STMicroelectronics.X-CUBE-AZRTOS-H7.3.2.0
2024-07-14 06:34:24,476 [WARN] PackLoader:240 - Cannot read IP mode file for Infineon.AIROC-Wi-Fi-Bluetooth-STM32.1.6.0
2024-07-14 06:34:24,500 [WARN] PackLoader:240 - Cannot read IP mode file for wolfSSL.I-CUBE-wolfSSH.1.4.17
2024-07-14 06:34:24,501 [INFO] ThirdParty:978 - Integrity check success = true
2024-07-14 06:34:24,501 [INFO] IntegrityCheckThread:100 - exiting critical section [integrity check]
2024-07-14 06:34:24,501 [INFO] IntegrityCheckThread:103 - End integrity checks thread
2024-07-14 10:39:32,503 [ERROR] LogOutputStream:75 - [STDERR_REDIRECT] 
